{"uid":"4a22a47614ffa03f","name":"test_apply_leave","fullName":"tests.test_apply_leave.TestApplyLeave#test_apply_leave","historyId":"fa0010393466492f208e8daadb99f707","time":{"start":1758193956801,"stop":1758193986710,"duration":29909},"status":"broken","statusMessage":"selenium.common.exceptions.TimeoutException: Message: \nStacktrace:\nBacktrace:\n\t(No symbol) [0x01446643]\n\t(No symbol) [0x013DBE21]\n\t(No symbol) [0x012DDA9D]\n\t(No symbol) [0x01311342]\n\t(No symbol) [0x0131147B]\n\t(No symbol) [0x01348DC2]\n\t(No symbol) [0x0132FDC4]\n\t(No symbol) [0x01346B09]\n\t(No symbol) [0x0132FB76]\n\t(No symbol) [0x013049C1]\n\t(No symbol) [0x01305E5D]\n\tGetHandleVerifier [0x016BA142+2497106]\n\tGetHandleVerifier [0x016E85D3+2686691]\n\tGetHandleVerifier [0x016EBB9C+2700460]\n\tGetHandleVerifier [0x014F3B10+635936]\n\t(No symbol) [0x013E4A1F]\n\t(No symbol) [0x013EA418]\n\t(No symbol) [0x013EA505]\n\t(No symbol) [0x013F508B]\n\tBaseThreadInitThunk [0x767B6A24+36]\n\tRtlInitializeExceptionChain [0x778FA9FF+143]\n\tRtlInitializeExceptionChain [0x778FA9CA+90]","statusTrace":"self = <tests.test_apply_leave.TestApplyLeave object at 0x0000002F2229B910>\ndriver = <selenium.webdriver.chrome.webdriver.WebDriver (session=\"6bbe095dfee02d7b411c99f8b8e460a8\")>\n\n    @allure.story(\"Apply leave successfully\")\n    def test_apply_leave(self, driver):\n        login_page = LoginPage(driver)\n        dashboard_page = DashboardPage(driver)\n        apply_leave_page = ApplyLeavePage(driver)\n    \n        # Step 1: Login\n        with allure.step(\"Login as Admin\"):\n            login_page.open_login_page()\n            login_page.login(\"Admin\", \"admin123\")\n            assert dashboard_page.is_dashboard_loaded(), \"Dashboard did not load\"\n    \n        # Step 2: Navigate to Apply Leave\n        with allure.step(\"Navigate to Apply Leave page\"):\n            dashboard_page.click_apply_leave()\n    \n        # Step 3: Fill out leave form\n        with allure.step(\"Fill leave form\"):\n>           apply_leave_page.select_leave_type(\"CAN - Bereavement\")\n\ntests\\test_apply_leave.py:31: \n_ _ _ _ _ _ _ _ _ _ _ _ _ _ _ _ _ _ _ _ _ _ _ _ _ _ _ _ _ _ _ _ _ _ _ _ _ _ _\npages\\apply_leave_page.py:22: in select_leave_type\n    self.select_dropdown(self.leave_type_dropdown, leave_type)\npages\\base_page.py:74: in select_dropdown\n    option = WebDriverWait(self.driver, self.timeout).until(\n_ _ _ _ _ _ _ _ _ _ _ _ _ _ _ _ _ _ _ _ _ _ _ _ _ _ _ _ _ _ _ _ _ _ _ _ _ _ _\n\nself = <selenium.webdriver.support.wait.WebDriverWait (session=\"6bbe095dfee02d7b411c99f8b8e460a8\")>\nmethod = <function presence_of_element_located.<locals>._predicate at 0x0000002F22CB8CC0>\nmessage = ''\n\n    def until(self, method: Callable[[D], Union[Literal[False], T]], message: str = \"\") -> T:\n        \"\"\"Wait until the method returns a value that is not False.\n    \n        Calls the method provided with the driver as an argument until the\n        return value does not evaluate to ``False``.\n    \n        Parameters:\n        -----------\n        method: callable(WebDriver)\n            - A callable object that takes a WebDriver instance as an argument.\n    \n        message: str\n            - Optional message for :exc:`TimeoutException`\n    \n        Return:\n        -------\n        object: T\n            - The result of the last call to `method`\n    \n        Raises:\n        -------\n        TimeoutException\n            - If 'method' does not return a truthy value within the WebDriverWait\n            object's timeout\n    \n        Example:\n        --------\n        >>> from selenium.webdriver.common.by import By\n        >>> from selenium.webdriver.support.ui import WebDriverWait\n        >>> from selenium.webdriver.support import expected_conditions as EC\n    \n        # Wait until an element is visible on the page\n        >>> wait = WebDriverWait(driver, 10)\n        >>> element = wait.until(EC.visibility_of_element_located((By.ID, \"exampleId\")))\n        >>> print(element.text)\n        \"\"\"\n        screen = None\n        stacktrace = None\n    \n        end_time = time.monotonic() + self._timeout\n        while True:\n            try:\n                value = method(self._driver)\n                if value:\n                    return value\n            except self._ignored_exceptions as exc:\n                screen = getattr(exc, \"screen\", None)\n                stacktrace = getattr(exc, \"stacktrace\", None)\n            if time.monotonic() > end_time:\n                break\n            time.sleep(self._poll)\n>       raise TimeoutException(message, screen, stacktrace)\nE       selenium.common.exceptions.TimeoutException: Message: \nE       Stacktrace:\nE       Backtrace:\nE       \t(No symbol) [0x01446643]\nE       \t(No symbol) [0x013DBE21]\nE       \t(No symbol) [0x012DDA9D]\nE       \t(No symbol) [0x01311342]\nE       \t(No symbol) [0x0131147B]\nE       \t(No symbol) [0x01348DC2]\nE       \t(No symbol) [0x0132FDC4]\nE       \t(No symbol) [0x01346B09]\nE       \t(No symbol) [0x0132FB76]\nE       \t(No symbol) [0x013049C1]\nE       \t(No symbol) [0x01305E5D]\nE       \tGetHandleVerifier [0x016BA142+2497106]\nE       \tGetHandleVerifier [0x016E85D3+2686691]\nE       \tGetHandleVerifier [0x016EBB9C+2700460]\nE       \tGetHandleVerifier [0x014F3B10+635936]\nE       \t(No symbol) [0x013E4A1F]\nE       \t(No symbol) [0x013EA418]\nE       \t(No symbol) [0x013EA505]\nE       \t(No symbol) [0x013F508B]\nE       \tBaseThreadInitThunk [0x767B6A24+36]\nE       \tRtlInitializeExceptionChain [0x778FA9FF+143]\nE       \tRtlInitializeExceptionChain [0x778FA9CA+90]\n\nC:\\Users\\MIRZAS\\AppData\\Local\\Programs\\Python\\Python311\\Lib\\site-packages\\selenium\\webdriver\\support\\wait.py:138: TimeoutException","flaky":false,"newFailed":false,"newBroken":false,"newPassed":false,"retriesCount":0,"retriesStatusChange":false,"beforeStages":[{"name":"driver","time":{"start":1758193949977,"stop":1758193956798,"duration":6821},"status":"passed","steps":[],"attachments":[{"uid":"934a83b527ebd3ee","name":"Test Environment","source":"934a83b527ebd3ee.txt","type":"text/plain","size":86}],"parameters":[],"hasContent":true,"attachmentStep":false,"stepsCount":0,"shouldDisplayMessage":false,"attachmentsCount":1}],"testStage":{"status":"broken","statusMessage":"selenium.common.exceptions.TimeoutException: Message: \nStacktrace:\nBacktrace:\n\t(No symbol) [0x01446643]\n\t(No symbol) [0x013DBE21]\n\t(No symbol) [0x012DDA9D]\n\t(No symbol) [0x01311342]\n\t(No symbol) [0x0131147B]\n\t(No symbol) [0x01348DC2]\n\t(No symbol) [0x0132FDC4]\n\t(No symbol) [0x01346B09]\n\t(No symbol) [0x0132FB76]\n\t(No symbol) [0x013049C1]\n\t(No symbol) [0x01305E5D]\n\tGetHandleVerifier [0x016BA142+2497106]\n\tGetHandleVerifier [0x016E85D3+2686691]\n\tGetHandleVerifier [0x016EBB9C+2700460]\n\tGetHandleVerifier [0x014F3B10+635936]\n\t(No symbol) [0x013E4A1F]\n\t(No symbol) [0x013EA418]\n\t(No symbol) [0x013EA505]\n\t(No symbol) [0x013F508B]\n\tBaseThreadInitThunk [0x767B6A24+36]\n\tRtlInitializeExceptionChain [0x778FA9FF+143]\n\tRtlInitializeExceptionChain [0x778FA9CA+90]","statusTrace":"self = <tests.test_apply_leave.TestApplyLeave object at 0x0000002F2229B910>\ndriver = <selenium.webdriver.chrome.webdriver.WebDriver (session=\"6bbe095dfee02d7b411c99f8b8e460a8\")>\n\n    @allure.story(\"Apply leave successfully\")\n    def test_apply_leave(self, driver):\n        login_page = LoginPage(driver)\n        dashboard_page = DashboardPage(driver)\n        apply_leave_page = ApplyLeavePage(driver)\n    \n        # Step 1: Login\n        with allure.step(\"Login as Admin\"):\n            login_page.open_login_page()\n            login_page.login(\"Admin\", \"admin123\")\n            assert dashboard_page.is_dashboard_loaded(), \"Dashboard did not load\"\n    \n        # Step 2: Navigate to Apply Leave\n        with allure.step(\"Navigate to Apply Leave page\"):\n            dashboard_page.click_apply_leave()\n    \n        # Step 3: Fill out leave form\n        with allure.step(\"Fill leave form\"):\n>           apply_leave_page.select_leave_type(\"CAN - Bereavement\")\n\ntests\\test_apply_leave.py:31: \n_ _ _ _ _ _ _ _ _ _ _ _ _ _ _ _ _ _ _ _ _ _ _ _ _ _ _ _ _ _ _ _ _ _ _ _ _ _ _\npages\\apply_leave_page.py:22: in select_leave_type\n    self.select_dropdown(self.leave_type_dropdown, leave_type)\npages\\base_page.py:74: in select_dropdown\n    option = WebDriverWait(self.driver, self.timeout).until(\n_ _ _ _ _ _ _ _ _ _ _ _ _ _ _ _ _ _ _ _ _ _ _ _ _ _ _ _ _ _ _ _ _ _ _ _ _ _ _\n\nself = <selenium.webdriver.support.wait.WebDriverWait (session=\"6bbe095dfee02d7b411c99f8b8e460a8\")>\nmethod = <function presence_of_element_located.<locals>._predicate at 0x0000002F22CB8CC0>\nmessage = ''\n\n    def until(self, method: Callable[[D], Union[Literal[False], T]], message: str = \"\") -> T:\n        \"\"\"Wait until the method returns a value that is not False.\n    \n        Calls the method provided with the driver as an argument until the\n        return value does not evaluate to ``False``.\n    \n        Parameters:\n        -----------\n        method: callable(WebDriver)\n            - A callable object that takes a WebDriver instance as an argument.\n    \n        message: str\n            - Optional message for :exc:`TimeoutException`\n    \n        Return:\n        -------\n        object: T\n            - The result of the last call to `method`\n    \n        Raises:\n        -------\n        TimeoutException\n            - If 'method' does not return a truthy value within the WebDriverWait\n            object's timeout\n    \n        Example:\n        --------\n        >>> from selenium.webdriver.common.by import By\n        >>> from selenium.webdriver.support.ui import WebDriverWait\n        >>> from selenium.webdriver.support import expected_conditions as EC\n    \n        # Wait until an element is visible on the page\n        >>> wait = WebDriverWait(driver, 10)\n        >>> element = wait.until(EC.visibility_of_element_located((By.ID, \"exampleId\")))\n        >>> print(element.text)\n        \"\"\"\n        screen = None\n        stacktrace = None\n    \n        end_time = time.monotonic() + self._timeout\n        while True:\n            try:\n                value = method(self._driver)\n                if value:\n                    return value\n            except self._ignored_exceptions as exc:\n                screen = getattr(exc, \"screen\", None)\n                stacktrace = getattr(exc, \"stacktrace\", None)\n            if time.monotonic() > end_time:\n                break\n            time.sleep(self._poll)\n>       raise TimeoutException(message, screen, stacktrace)\nE       selenium.common.exceptions.TimeoutException: Message: \nE       Stacktrace:\nE       Backtrace:\nE       \t(No symbol) [0x01446643]\nE       \t(No symbol) [0x013DBE21]\nE       \t(No symbol) [0x012DDA9D]\nE       \t(No symbol) [0x01311342]\nE       \t(No symbol) [0x0131147B]\nE       \t(No symbol) [0x01348DC2]\nE       \t(No symbol) [0x0132FDC4]\nE       \t(No symbol) [0x01346B09]\nE       \t(No symbol) [0x0132FB76]\nE       \t(No symbol) [0x013049C1]\nE       \t(No symbol) [0x01305E5D]\nE       \tGetHandleVerifier [0x016BA142+2497106]\nE       \tGetHandleVerifier [0x016E85D3+2686691]\nE       \tGetHandleVerifier [0x016EBB9C+2700460]\nE       \tGetHandleVerifier [0x014F3B10+635936]\nE       \t(No symbol) [0x013E4A1F]\nE       \t(No symbol) [0x013EA418]\nE       \t(No symbol) [0x013EA505]\nE       \t(No symbol) [0x013F508B]\nE       \tBaseThreadInitThunk [0x767B6A24+36]\nE       \tRtlInitializeExceptionChain [0x778FA9FF+143]\nE       \tRtlInitializeExceptionChain [0x778FA9CA+90]\n\nC:\\Users\\MIRZAS\\AppData\\Local\\Programs\\Python\\Python311\\Lib\\site-packages\\selenium\\webdriver\\support\\wait.py:138: TimeoutException","steps":[{"name":"Login as Admin","time":{"start":1758193956802,"stop":1758193972779,"duration":15977},"status":"passed","steps":[{"name":"Open OrangeHRM login page","time":{"start":1758193956802,"stop":1758193963587,"duration":6785},"status":"passed","steps":[{"name":"Open URL: 'https://opensource-demo.orangehrmlive.com/'","time":{"start":1758193956803,"stop":1758193963587,"duration":6784},"status":"passed","steps":[],"attachments":[],"parameters":[{"name":"url","value":"'https://opensource-demo.orangehrmlive.com/'"}],"hasContent":true,"attachmentStep":false,"stepsCount":0,"shouldDisplayMessage":false,"attachmentsCount":0}],"attachments":[],"parameters":[],"hasContent":true,"attachmentStep":false,"stepsCount":1,"shouldDisplayMessage":false,"attachmentsCount":0},{"name":"Login with username: 'Admin' and password: 'admin123'","time":{"start":1758193963587,"stop":1758193972258,"duration":8671},"status":"passed","steps":[{"name":"Type ''Admin'' into element: ('name', 'username')","time":{"start":1758193963587,"stop":1758193966617,"duration":3030},"status":"passed","steps":[{"name":"Find element: ('name', 'username')","time":{"start":1758193963588,"stop":1758193966292,"duration":2704},"status":"passed","steps":[],"attachments":[],"parameters":[{"name":"locator","value":"('name', 'username')"}],"hasContent":true,"attachmentStep":false,"stepsCount":0,"shouldDisplayMessage":false,"attachmentsCount":0}],"attachments":[],"parameters":[{"name":"locator","value":"('name', 'username')"},{"name":"text","value":"'Admin'"}],"hasContent":true,"attachmentStep":false,"stepsCount":1,"shouldDisplayMessage":false,"attachmentsCount":0},{"name":"Type ''admin123'' into element: ('name', 'password')","time":{"start":1758193966617,"stop":1758193967073,"duration":456},"status":"passed","steps":[{"name":"Find element: ('name', 'password')","time":{"start":1758193966618,"stop":1758193966720,"duration":102},"status":"passed","steps":[],"attachments":[],"parameters":[{"name":"locator","value":"('name', 'password')"}],"hasContent":true,"attachmentStep":false,"stepsCount":0,"shouldDisplayMessage":false,"attachmentsCount":0}],"attachments":[],"parameters":[{"name":"locator","value":"('name', 'password')"},{"name":"text","value":"'admin123'"}],"hasContent":true,"attachmentStep":false,"stepsCount":1,"shouldDisplayMessage":false,"attachmentsCount":0},{"name":"Click element: ('xpath', \"//button[@type='submit']\")","time":{"start":1758193967073,"stop":1758193969189,"duration":2116},"status":"passed","steps":[{"name":"Find element: ('xpath', \"//button[@type='submit']\")","time":{"start":1758193967073,"stop":1758193967142,"duration":69},"status":"passed","steps":[],"attachments":[],"parameters":[{"name":"locator","value":"('xpath', \"//button[@type='submit']\")"}],"hasContent":true,"attachmentStep":false,"stepsCount":0,"shouldDisplayMessage":false,"attachmentsCount":0}],"attachments":[],"parameters":[{"name":"locator","value":"('xpath', \"//button[@type='submit']\")"}],"hasContent":true,"attachmentStep":false,"stepsCount":1,"shouldDisplayMessage":false,"attachmentsCount":0}],"attachments":[{"uid":"a1eb9d40f7b3147e","name":"dashboard_loaded","source":"a1eb9d40f7b3147e.png","type":"image/png","size":122133}],"parameters":[{"name":"user","value":"'Admin'"},{"name":"pwd","value":"'admin123'"}],"hasContent":true,"attachmentStep":false,"stepsCount":6,"shouldDisplayMessage":false,"attachmentsCount":1},{"name":"Validate Dashboard is loaded","time":{"start":1758193972259,"stop":1758193972779,"duration":520},"status":"passed","steps":[],"attachments":[{"uid":"c511e9f63d7977e","name":"dashboard_loaded","source":"c511e9f63d7977e.png","type":"image/png","size":128364}],"parameters":[],"hasContent":true,"attachmentStep":false,"stepsCount":0,"shouldDisplayMessage":false,"attachmentsCount":1}],"attachments":[],"parameters":[],"hasContent":true,"attachmentStep":false,"stepsCount":10,"shouldDisplayMessage":false,"attachmentsCount":2},{"name":"Navigate to Apply Leave page","time":{"start":1758193972779,"stop":1758193974816,"duration":2037},"status":"passed","steps":[{"name":"Click Apply Leave from Quick Launch","time":{"start":1758193972779,"stop":1758193974816,"duration":2037},"status":"passed","steps":[{"name":"Click element: ('xpath', \"//button[@title='Apply Leave']\")","time":{"start":1758193972779,"stop":1758193974814,"duration":2035},"status":"passed","steps":[{"name":"Find element: ('xpath', \"//button[@title='Apply Leave']\")","time":{"start":1758193972780,"stop":1758193972831,"duration":51},"status":"passed","steps":[],"attachments":[],"parameters":[{"name":"locator","value":"('xpath', \"//button[@title='Apply Leave']\")"}],"hasContent":true,"attachmentStep":false,"stepsCount":0,"shouldDisplayMessage":false,"attachmentsCount":0}],"attachments":[],"parameters":[{"name":"locator","value":"('xpath', \"//button[@title='Apply Leave']\")"}],"hasContent":true,"attachmentStep":false,"stepsCount":1,"shouldDisplayMessage":false,"attachmentsCount":0}],"attachments":[],"parameters":[],"hasContent":true,"attachmentStep":false,"stepsCount":2,"shouldDisplayMessage":false,"attachmentsCount":0}],"attachments":[],"parameters":[],"hasContent":true,"attachmentStep":false,"stepsCount":3,"shouldDisplayMessage":false,"attachmentsCount":0},{"name":"Fill leave form","time":{"start":1758193974816,"stop":1758193986698,"duration":11882},"status":"broken","statusMessage":"selenium.common.exceptions.TimeoutException: Message: \nStacktrace:\nBacktrace:\n\t(No symbol) [0x01446643]\n\t(No symbol) [0x013DBE21]\n\t(No symbol) [0x012DDA9D]\n\t(No symbol) [0x01311342]\n\t(No symbol) [0x0131147B]\n\t(No symbol) [0x01348DC2]\n\t(No symbol) [0x0132FDC4]\n\t(No symbol) [0x01346B09]\n\t(No symbol) [0x0132FB76]\n\t(No symbol) [0x013049C1]\n\t(No symbol) [0x01305E5D]\n\tGetHandleVerifier [0x016BA142+2497106]\n\tGetHandleVerifier [0x016E85D3+2686691]\n\tGetHandleVerifier [0x016EBB9C+2700460]\n\tGetHandleVerifier [0x014F3B10+635936]\n\t(No symbol) [0x013E4A1F]\n\t(No symbol) [0x013EA418]\n\t(No symbol) [0x013EA505]\n\t(No symbol) [0x013F508B]\n\tBaseThreadInitThunk [0x767B6A24+36]\n\tRtlInitializeExceptionChain [0x778FA9FF+143]\n\tRtlInitializeExceptionChain [0x778FA9CA+90]\n\n","statusTrace":"  File \"C:\\MIRZA\\Users\\MIRZAS\\selenium_parallel_project\\tests\\test_apply_leave.py\", line 31, in test_apply_leave\n    apply_leave_page.select_leave_type(\"CAN - Bereavement\")\n  File \"C:\\Users\\MIRZAS\\AppData\\Local\\Programs\\Python\\Python311\\Lib\\site-packages\\allure_commons\\_allure.py\", line 202, in impl\n    return func(*a, **kw)\n           ^^^^^^^^^^^^^^\n  File \"C:\\MIRZA\\Users\\MIRZAS\\selenium_parallel_project\\pages\\apply_leave_page.py\", line 22, in select_leave_type\n    self.select_dropdown(self.leave_type_dropdown, leave_type)\n  File \"C:\\Users\\MIRZAS\\AppData\\Local\\Programs\\Python\\Python311\\Lib\\site-packages\\allure_commons\\_allure.py\", line 202, in impl\n    return func(*a, **kw)\n           ^^^^^^^^^^^^^^\n  File \"C:\\MIRZA\\Users\\MIRZAS\\selenium_parallel_project\\pages\\base_page.py\", line 74, in select_dropdown\n    option = WebDriverWait(self.driver, self.timeout).until(\n             ^^^^^^^^^^^^^^^^^^^^^^^^^^^^^^^^^^^^^^^^^^^^^^^\n  File \"C:\\Users\\MIRZAS\\AppData\\Local\\Programs\\Python\\Python311\\Lib\\site-packages\\selenium\\webdriver\\support\\wait.py\", line 138, in until\n    raise TimeoutException(message, screen, stacktrace)\n","steps":[{"name":"Select leave type: 'CAN - Bereavement'","time":{"start":1758193974816,"stop":1758193986672,"duration":11856},"status":"broken","statusMessage":"selenium.common.exceptions.TimeoutException: Message: \nStacktrace:\nBacktrace:\n\t(No symbol) [0x01446643]\n\t(No symbol) [0x013DBE21]\n\t(No symbol) [0x012DDA9D]\n\t(No symbol) [0x01311342]\n\t(No symbol) [0x0131147B]\n\t(No symbol) [0x01348DC2]\n\t(No symbol) [0x0132FDC4]\n\t(No symbol) [0x01346B09]\n\t(No symbol) [0x0132FB76]\n\t(No symbol) [0x013049C1]\n\t(No symbol) [0x01305E5D]\n\tGetHandleVerifier [0x016BA142+2497106]\n\tGetHandleVerifier [0x016E85D3+2686691]\n\tGetHandleVerifier [0x016EBB9C+2700460]\n\tGetHandleVerifier [0x014F3B10+635936]\n\t(No symbol) [0x013E4A1F]\n\t(No symbol) [0x013EA418]\n\t(No symbol) [0x013EA505]\n\t(No symbol) [0x013F508B]\n\tBaseThreadInitThunk [0x767B6A24+36]\n\tRtlInitializeExceptionChain [0x778FA9FF+143]\n\tRtlInitializeExceptionChain [0x778FA9CA+90]\n\n","statusTrace":"  File \"C:\\Users\\MIRZAS\\AppData\\Local\\Programs\\Python\\Python311\\Lib\\site-packages\\allure_commons\\_allure.py\", line 202, in impl\n    return func(*a, **kw)\n           ^^^^^^^^^^^^^^\n  File \"C:\\MIRZA\\Users\\MIRZAS\\selenium_parallel_project\\pages\\apply_leave_page.py\", line 22, in select_leave_type\n    self.select_dropdown(self.leave_type_dropdown, leave_type)\n  File \"C:\\Users\\MIRZAS\\AppData\\Local\\Programs\\Python\\Python311\\Lib\\site-packages\\allure_commons\\_allure.py\", line 202, in impl\n    return func(*a, **kw)\n           ^^^^^^^^^^^^^^\n  File \"C:\\MIRZA\\Users\\MIRZAS\\selenium_parallel_project\\pages\\base_page.py\", line 74, in select_dropdown\n    option = WebDriverWait(self.driver, self.timeout).until(\n             ^^^^^^^^^^^^^^^^^^^^^^^^^^^^^^^^^^^^^^^^^^^^^^^\n  File \"C:\\Users\\MIRZAS\\AppData\\Local\\Programs\\Python\\Python311\\Lib\\site-packages\\selenium\\webdriver\\support\\wait.py\", line 138, in until\n    raise TimeoutException(message, screen, stacktrace)\n","steps":[{"name":"Select option ''CAN - Bereavement'' from dropdown: ('xpath', \"//label[text()='Leave Type']/following::div[@class='oxd-select-text-input'][1]\")","time":{"start":1758193974817,"stop":1758193986612,"duration":11795},"status":"broken","statusMessage":"selenium.common.exceptions.TimeoutException: Message: \nStacktrace:\nBacktrace:\n\t(No symbol) [0x01446643]\n\t(No symbol) [0x013DBE21]\n\t(No symbol) [0x012DDA9D]\n\t(No symbol) [0x01311342]\n\t(No symbol) [0x0131147B]\n\t(No symbol) [0x01348DC2]\n\t(No symbol) [0x0132FDC4]\n\t(No symbol) [0x01346B09]\n\t(No symbol) [0x0132FB76]\n\t(No symbol) [0x013049C1]\n\t(No symbol) [0x01305E5D]\n\tGetHandleVerifier [0x016BA142+2497106]\n\tGetHandleVerifier [0x016E85D3+2686691]\n\tGetHandleVerifier [0x016EBB9C+2700460]\n\tGetHandleVerifier [0x014F3B10+635936]\n\t(No symbol) [0x013E4A1F]\n\t(No symbol) [0x013EA418]\n\t(No symbol) [0x013EA505]\n\t(No symbol) [0x013F508B]\n\tBaseThreadInitThunk [0x767B6A24+36]\n\tRtlInitializeExceptionChain [0x778FA9FF+143]\n\tRtlInitializeExceptionChain [0x778FA9CA+90]\n\n","statusTrace":"  File \"C:\\Users\\MIRZAS\\AppData\\Local\\Programs\\Python\\Python311\\Lib\\site-packages\\allure_commons\\_allure.py\", line 202, in impl\n    return func(*a, **kw)\n           ^^^^^^^^^^^^^^\n  File \"C:\\MIRZA\\Users\\MIRZAS\\selenium_parallel_project\\pages\\base_page.py\", line 74, in select_dropdown\n    option = WebDriverWait(self.driver, self.timeout).until(\n             ^^^^^^^^^^^^^^^^^^^^^^^^^^^^^^^^^^^^^^^^^^^^^^^\n  File \"C:\\Users\\MIRZAS\\AppData\\Local\\Programs\\Python\\Python311\\Lib\\site-packages\\selenium\\webdriver\\support\\wait.py\", line 138, in until\n    raise TimeoutException(message, screen, stacktrace)\n","steps":[{"name":"Find element: ('xpath', \"//label[text()='Leave Type']/following::div[@class='oxd-select-text-input'][1]\")","time":{"start":1758193974817,"stop":1758193975692,"duration":875},"status":"passed","steps":[],"attachments":[],"parameters":[{"name":"locator","value":"('xpath', \"//label[text()='Leave Type']/following::div[@class='oxd-select-text-input'][1]\")"}],"hasContent":true,"attachmentStep":false,"stepsCount":0,"shouldDisplayMessage":false,"attachmentsCount":0}],"attachments":[{"uid":"c62aee75a8e92621","name":"dropdown_//label[text()='Leave Type']/following::div[@class='oxd-select-text-input'][1]_not_found","source":"c62aee75a8e92621.png","type":"image/png","size":83526}],"parameters":[{"name":"locator","value":"('xpath', \"//label[text()='Leave Type']/following::div[@class='oxd-select-text-input'][1]\")"},{"name":"option_text","value":"'CAN - Bereavement'"}],"hasContent":true,"attachmentStep":false,"stepsCount":1,"shouldDisplayMessage":true,"attachmentsCount":1}],"attachments":[],"parameters":[{"name":"leave_type","value":"'CAN - Bereavement'"}],"hasContent":true,"attachmentStep":false,"stepsCount":2,"shouldDisplayMessage":false,"attachmentsCount":1}],"attachments":[],"parameters":[],"hasContent":true,"attachmentStep":false,"stepsCount":3,"shouldDisplayMessage":false,"attachmentsCount":1}],"attachments":[{"uid":"c22a08eaebc2f33f","name":"test_apply_leave_failure","source":"c22a08eaebc2f33f.png","type":"image/png","size":83526},{"uid":"7f61c2d032799e02","name":"test_apply_leave_logs","source":"7f61c2d032799e02.txt","type":"text/plain","size":2450},{"uid":"4e9ecdcdd0e878f1","name":"log","source":"4e9ecdcdd0e878f1.txt","type":"text/plain","size":1830}],"parameters":[],"hasContent":true,"attachmentStep":false,"stepsCount":19,"shouldDisplayMessage":true,"attachmentsCount":6},"afterStages":[{"name":"driver::0","time":{"start":1758193987165,"stop":1758193991495,"duration":4330},"status":"passed","steps":[],"attachments":[],"parameters":[],"hasContent":false,"attachmentStep":false,"stepsCount":0,"shouldDisplayMessage":false,"attachmentsCount":0}],"labels":[{"name":"epic","value":"Leave Module"},{"name":"story","value":"Apply leave successfully"},{"name":"feature","value":"Apply Leave Functionality"},{"name":"parentSuite","value":"tests"},{"name":"suite","value":"test_apply_leave"},{"name":"subSuite","value":"TestApplyLeave"},{"name":"host","value":"MIRZA"},{"name":"thread","value":"4556-MainThread"},{"name":"framework","value":"pytest"},{"name":"language","value":"cpython3"},{"name":"package","value":"tests.test_apply_leave"},{"name":"resultFormat","value":"allure2"}],"parameters":[],"links":[],"hidden":false,"retry":false,"extra":{"severity":"normal","retries":[],"categories":[{"name":"Test defects","matchedStatuses":[]}],"tags":[]},"source":"4a22a47614ffa03f.json","parameterValues":[]}