{"uid":"4e6ec2079e1a1ea3","name":"test_add_user","fullName":"tests.test_admin_page.TestAdminPage#test_add_user","historyId":"f326e3f64f102a270d925d3121494fcd","time":{"start":1758193753527,"stop":1758193767960,"duration":14433},"status":"broken","statusMessage":"selenium.common.exceptions.TimeoutException: Message: \nStacktrace:\nBacktrace:\n\t(No symbol) [0x01446643]\n\t(No symbol) [0x013DBE21]\n\t(No symbol) [0x012DDA9D]\n\t(No symbol) [0x01311342]\n\t(No symbol) [0x0131147B]\n\t(No symbol) [0x01348DC2]\n\t(No symbol) [0x0132FDC4]\n\t(No symbol) [0x01346B09]\n\t(No symbol) [0x0132FB76]\n\t(No symbol) [0x013049C1]\n\t(No symbol) [0x01305E5D]\n\tGetHandleVerifier [0x016BA142+2497106]\n\tGetHandleVerifier [0x016E85D3+2686691]\n\tGetHandleVerifier [0x016EBB9C+2700460]\n\tGetHandleVerifier [0x014F3B10+635936]\n\t(No symbol) [0x013E4A1F]\n\t(No symbol) [0x013EA418]\n\t(No symbol) [0x013EA505]\n\t(No symbol) [0x013F508B]\n\tBaseThreadInitThunk [0x767B6A24+36]\n\tRtlInitializeExceptionChain [0x778FA9FF+143]\n\tRtlInitializeExceptionChain [0x778FA9CA+90]","statusTrace":"self = <tests.test_admin_page.TestAdminPage object at 0x0000002F21F1BE50>\nlogin_as_admin = <pages.admin_page.AdminPage object at 0x0000002F222AED90>\n\n    @allure.story(\"Add new user\")\n    def test_add_user(self, login_as_admin):\n        admin_page = login_as_admin\n        username = f\"testuser{str(int(time.time()))[-5:]}\"\n        employee_name = \"Avada kedrava god\"\n    \n        admin_page.click_add_button()\n>       admin_page.add_new_user(\n            role=\"Admin\",\n            emp_name=employee_name,\n            username=username,\n            status=\"Enabled\",\n            password=\"Test@1234\"\n        )\n\ntests\\test_admin_page.py:63: \n_ _ _ _ _ _ _ _ _ _ _ _ _ _ _ _ _ _ _ _ _ _ _ _ _ _ _ _ _ _ _ _ _ _ _ _ _ _ _\npages\\admin_page.py:77: in add_new_user\n    first_suggestion = WebDriverWait(self.driver, self.timeout).until(\n_ _ _ _ _ _ _ _ _ _ _ _ _ _ _ _ _ _ _ _ _ _ _ _ _ _ _ _ _ _ _ _ _ _ _ _ _ _ _\n\nself = <selenium.webdriver.support.wait.WebDriverWait (session=\"7fba48d75de9a45a7dd98fb6699180ad\")>\nmethod = <function element_to_be_clickable.<locals>._predicate at 0x0000002F222EC2C0>\nmessage = ''\n\n    def until(self, method: Callable[[D], Union[Literal[False], T]], message: str = \"\") -> T:\n        \"\"\"Wait until the method returns a value that is not False.\n    \n        Calls the method provided with the driver as an argument until the\n        return value does not evaluate to ``False``.\n    \n        Parameters:\n        -----------\n        method: callable(WebDriver)\n            - A callable object that takes a WebDriver instance as an argument.\n    \n        message: str\n            - Optional message for :exc:`TimeoutException`\n    \n        Return:\n        -------\n        object: T\n            - The result of the last call to `method`\n    \n        Raises:\n        -------\n        TimeoutException\n            - If 'method' does not return a truthy value within the WebDriverWait\n            object's timeout\n    \n        Example:\n        --------\n        >>> from selenium.webdriver.common.by import By\n        >>> from selenium.webdriver.support.ui import WebDriverWait\n        >>> from selenium.webdriver.support import expected_conditions as EC\n    \n        # Wait until an element is visible on the page\n        >>> wait = WebDriverWait(driver, 10)\n        >>> element = wait.until(EC.visibility_of_element_located((By.ID, \"exampleId\")))\n        >>> print(element.text)\n        \"\"\"\n        screen = None\n        stacktrace = None\n    \n        end_time = time.monotonic() + self._timeout\n        while True:\n            try:\n                value = method(self._driver)\n                if value:\n                    return value\n            except self._ignored_exceptions as exc:\n                screen = getattr(exc, \"screen\", None)\n                stacktrace = getattr(exc, \"stacktrace\", None)\n            if time.monotonic() > end_time:\n                break\n            time.sleep(self._poll)\n>       raise TimeoutException(message, screen, stacktrace)\nE       selenium.common.exceptions.TimeoutException: Message: \nE       Stacktrace:\nE       Backtrace:\nE       \t(No symbol) [0x01446643]\nE       \t(No symbol) [0x013DBE21]\nE       \t(No symbol) [0x012DDA9D]\nE       \t(No symbol) [0x01311342]\nE       \t(No symbol) [0x0131147B]\nE       \t(No symbol) [0x01348DC2]\nE       \t(No symbol) [0x0132FDC4]\nE       \t(No symbol) [0x01346B09]\nE       \t(No symbol) [0x0132FB76]\nE       \t(No symbol) [0x013049C1]\nE       \t(No symbol) [0x01305E5D]\nE       \tGetHandleVerifier [0x016BA142+2497106]\nE       \tGetHandleVerifier [0x016E85D3+2686691]\nE       \tGetHandleVerifier [0x016EBB9C+2700460]\nE       \tGetHandleVerifier [0x014F3B10+635936]\nE       \t(No symbol) [0x013E4A1F]\nE       \t(No symbol) [0x013EA418]\nE       \t(No symbol) [0x013EA505]\nE       \t(No symbol) [0x013F508B]\nE       \tBaseThreadInitThunk [0x767B6A24+36]\nE       \tRtlInitializeExceptionChain [0x778FA9FF+143]\nE       \tRtlInitializeExceptionChain [0x778FA9CA+90]\n\nC:\\Users\\MIRZAS\\AppData\\Local\\Programs\\Python\\Python311\\Lib\\site-packages\\selenium\\webdriver\\support\\wait.py:138: TimeoutException","flaky":false,"newFailed":false,"newBroken":false,"newPassed":false,"retriesCount":0,"retriesStatusChange":false,"beforeStages":[{"name":"driver","time":{"start":1758193730436,"stop":1758193737498,"duration":7062},"status":"passed","steps":[],"attachments":[{"uid":"5de298399f58fb84","name":"Test Environment","source":"5de298399f58fb84.txt","type":"text/plain","size":86}],"parameters":[],"hasContent":true,"attachmentStep":false,"stepsCount":0,"shouldDisplayMessage":false,"attachmentsCount":1},{"name":"login_as_admin","time":{"start":1758193737498,"stop":1758193753523,"duration":16025},"status":"passed","steps":[{"name":"Open OrangeHRM login page","time":{"start":1758193737499,"stop":1758193743579,"duration":6080},"status":"passed","steps":[{"name":"Open URL: 'https://opensource-demo.orangehrmlive.com/'","time":{"start":1758193737499,"stop":1758193743578,"duration":6079},"status":"passed","steps":[],"attachments":[],"parameters":[{"name":"url","value":"'https://opensource-demo.orangehrmlive.com/'"}],"hasContent":true,"attachmentStep":false,"stepsCount":0,"shouldDisplayMessage":false,"attachmentsCount":0}],"attachments":[],"parameters":[],"hasContent":true,"attachmentStep":false,"stepsCount":1,"shouldDisplayMessage":false,"attachmentsCount":0},{"name":"Login with username: 'Admin' and password: 'admin123'","time":{"start":1758193743579,"stop":1758193751601,"duration":8022},"status":"passed","steps":[{"name":"Type ''Admin'' into element: ('name', 'username')","time":{"start":1758193743580,"stop":1758193745446,"duration":1866},"status":"passed","steps":[{"name":"Find element: ('name', 'username')","time":{"start":1758193743581,"stop":1758193745064,"duration":1483},"status":"passed","steps":[],"attachments":[],"parameters":[{"name":"locator","value":"('name', 'username')"}],"hasContent":true,"attachmentStep":false,"stepsCount":0,"shouldDisplayMessage":false,"attachmentsCount":0}],"attachments":[],"parameters":[{"name":"locator","value":"('name', 'username')"},{"name":"text","value":"'Admin'"}],"hasContent":true,"attachmentStep":false,"stepsCount":1,"shouldDisplayMessage":false,"attachmentsCount":0},{"name":"Type ''admin123'' into element: ('name', 'password')","time":{"start":1758193745447,"stop":1758193745980,"duration":533},"status":"passed","steps":[{"name":"Find element: ('name', 'password')","time":{"start":1758193745448,"stop":1758193745571,"duration":123},"status":"passed","steps":[],"attachments":[],"parameters":[{"name":"locator","value":"('name', 'password')"}],"hasContent":true,"attachmentStep":false,"stepsCount":0,"shouldDisplayMessage":false,"attachmentsCount":0}],"attachments":[],"parameters":[{"name":"locator","value":"('name', 'password')"},{"name":"text","value":"'admin123'"}],"hasContent":true,"attachmentStep":false,"stepsCount":1,"shouldDisplayMessage":false,"attachmentsCount":0},{"name":"Click element: ('xpath', \"//button[@type='submit']\")","time":{"start":1758193745981,"stop":1758193748331,"duration":2350},"status":"passed","steps":[{"name":"Find element: ('xpath', \"//button[@type='submit']\")","time":{"start":1758193745982,"stop":1758193746052,"duration":70},"status":"passed","steps":[],"attachments":[],"parameters":[{"name":"locator","value":"('xpath', \"//button[@type='submit']\")"}],"hasContent":true,"attachmentStep":false,"stepsCount":0,"shouldDisplayMessage":false,"attachmentsCount":0}],"attachments":[],"parameters":[{"name":"locator","value":"('xpath', \"//button[@type='submit']\")"}],"hasContent":true,"attachmentStep":false,"stepsCount":1,"shouldDisplayMessage":false,"attachmentsCount":0}],"attachments":[{"uid":"37ab08721fcca6fe","name":"dashboard_loaded","source":"37ab08721fcca6fe.png","type":"image/png","size":121887}],"parameters":[{"name":"user","value":"'Admin'"},{"name":"pwd","value":"'admin123'"}],"hasContent":true,"attachmentStep":false,"stepsCount":6,"shouldDisplayMessage":false,"attachmentsCount":1},{"name":"Validate Dashboard is loaded","time":{"start":1758193751602,"stop":1758193752100,"duration":498},"status":"passed","steps":[],"attachments":[{"uid":"2efdadebf75ada5e","name":"dashboard_loaded","source":"2efdadebf75ada5e.png","type":"image/png","size":122886}],"parameters":[],"hasContent":true,"attachmentStep":false,"stepsCount":0,"shouldDisplayMessage":false,"attachmentsCount":1},{"name":"Open Admin Tab","time":{"start":1758193752101,"stop":1758193753523,"duration":1422},"status":"passed","steps":[],"attachments":[],"parameters":[],"hasContent":false,"attachmentStep":false,"stepsCount":0,"shouldDisplayMessage":false,"attachmentsCount":0}],"attachments":[],"parameters":[],"hasContent":true,"attachmentStep":false,"stepsCount":11,"shouldDisplayMessage":false,"attachmentsCount":2}],"testStage":{"status":"broken","statusMessage":"selenium.common.exceptions.TimeoutException: Message: \nStacktrace:\nBacktrace:\n\t(No symbol) [0x01446643]\n\t(No symbol) [0x013DBE21]\n\t(No symbol) [0x012DDA9D]\n\t(No symbol) [0x01311342]\n\t(No symbol) [0x0131147B]\n\t(No symbol) [0x01348DC2]\n\t(No symbol) [0x0132FDC4]\n\t(No symbol) [0x01346B09]\n\t(No symbol) [0x0132FB76]\n\t(No symbol) [0x013049C1]\n\t(No symbol) [0x01305E5D]\n\tGetHandleVerifier [0x016BA142+2497106]\n\tGetHandleVerifier [0x016E85D3+2686691]\n\tGetHandleVerifier [0x016EBB9C+2700460]\n\tGetHandleVerifier [0x014F3B10+635936]\n\t(No symbol) [0x013E4A1F]\n\t(No symbol) [0x013EA418]\n\t(No symbol) [0x013EA505]\n\t(No symbol) [0x013F508B]\n\tBaseThreadInitThunk [0x767B6A24+36]\n\tRtlInitializeExceptionChain [0x778FA9FF+143]\n\tRtlInitializeExceptionChain [0x778FA9CA+90]","statusTrace":"self = <tests.test_admin_page.TestAdminPage object at 0x0000002F21F1BE50>\nlogin_as_admin = <pages.admin_page.AdminPage object at 0x0000002F222AED90>\n\n    @allure.story(\"Add new user\")\n    def test_add_user(self, login_as_admin):\n        admin_page = login_as_admin\n        username = f\"testuser{str(int(time.time()))[-5:]}\"\n        employee_name = \"Avada kedrava god\"\n    \n        admin_page.click_add_button()\n>       admin_page.add_new_user(\n            role=\"Admin\",\n            emp_name=employee_name,\n            username=username,\n            status=\"Enabled\",\n            password=\"Test@1234\"\n        )\n\ntests\\test_admin_page.py:63: \n_ _ _ _ _ _ _ _ _ _ _ _ _ _ _ _ _ _ _ _ _ _ _ _ _ _ _ _ _ _ _ _ _ _ _ _ _ _ _\npages\\admin_page.py:77: in add_new_user\n    first_suggestion = WebDriverWait(self.driver, self.timeout).until(\n_ _ _ _ _ _ _ _ _ _ _ _ _ _ _ _ _ _ _ _ _ _ _ _ _ _ _ _ _ _ _ _ _ _ _ _ _ _ _\n\nself = <selenium.webdriver.support.wait.WebDriverWait (session=\"7fba48d75de9a45a7dd98fb6699180ad\")>\nmethod = <function element_to_be_clickable.<locals>._predicate at 0x0000002F222EC2C0>\nmessage = ''\n\n    def until(self, method: Callable[[D], Union[Literal[False], T]], message: str = \"\") -> T:\n        \"\"\"Wait until the method returns a value that is not False.\n    \n        Calls the method provided with the driver as an argument until the\n        return value does not evaluate to ``False``.\n    \n        Parameters:\n        -----------\n        method: callable(WebDriver)\n            - A callable object that takes a WebDriver instance as an argument.\n    \n        message: str\n            - Optional message for :exc:`TimeoutException`\n    \n        Return:\n        -------\n        object: T\n            - The result of the last call to `method`\n    \n        Raises:\n        -------\n        TimeoutException\n            - If 'method' does not return a truthy value within the WebDriverWait\n            object's timeout\n    \n        Example:\n        --------\n        >>> from selenium.webdriver.common.by import By\n        >>> from selenium.webdriver.support.ui import WebDriverWait\n        >>> from selenium.webdriver.support import expected_conditions as EC\n    \n        # Wait until an element is visible on the page\n        >>> wait = WebDriverWait(driver, 10)\n        >>> element = wait.until(EC.visibility_of_element_located((By.ID, \"exampleId\")))\n        >>> print(element.text)\n        \"\"\"\n        screen = None\n        stacktrace = None\n    \n        end_time = time.monotonic() + self._timeout\n        while True:\n            try:\n                value = method(self._driver)\n                if value:\n                    return value\n            except self._ignored_exceptions as exc:\n                screen = getattr(exc, \"screen\", None)\n                stacktrace = getattr(exc, \"stacktrace\", None)\n            if time.monotonic() > end_time:\n                break\n            time.sleep(self._poll)\n>       raise TimeoutException(message, screen, stacktrace)\nE       selenium.common.exceptions.TimeoutException: Message: \nE       Stacktrace:\nE       Backtrace:\nE       \t(No symbol) [0x01446643]\nE       \t(No symbol) [0x013DBE21]\nE       \t(No symbol) [0x012DDA9D]\nE       \t(No symbol) [0x01311342]\nE       \t(No symbol) [0x0131147B]\nE       \t(No symbol) [0x01348DC2]\nE       \t(No symbol) [0x0132FDC4]\nE       \t(No symbol) [0x01346B09]\nE       \t(No symbol) [0x0132FB76]\nE       \t(No symbol) [0x013049C1]\nE       \t(No symbol) [0x01305E5D]\nE       \tGetHandleVerifier [0x016BA142+2497106]\nE       \tGetHandleVerifier [0x016E85D3+2686691]\nE       \tGetHandleVerifier [0x016EBB9C+2700460]\nE       \tGetHandleVerifier [0x014F3B10+635936]\nE       \t(No symbol) [0x013E4A1F]\nE       \t(No symbol) [0x013EA418]\nE       \t(No symbol) [0x013EA505]\nE       \t(No symbol) [0x013F508B]\nE       \tBaseThreadInitThunk [0x767B6A24+36]\nE       \tRtlInitializeExceptionChain [0x778FA9FF+143]\nE       \tRtlInitializeExceptionChain [0x778FA9CA+90]\n\nC:\\Users\\MIRZAS\\AppData\\Local\\Programs\\Python\\Python311\\Lib\\site-packages\\selenium\\webdriver\\support\\wait.py:138: TimeoutException","steps":[{"name":"Click Add User button","time":{"start":1758193753528,"stop":1758193756745,"duration":3217},"status":"passed","steps":[],"attachments":[],"parameters":[],"hasContent":false,"attachmentStep":false,"stepsCount":0,"shouldDisplayMessage":false,"attachmentsCount":0},{"name":"Add new user: 'testuser93753'","time":{"start":1758193756746,"stop":1758193767818,"duration":11072},"status":"broken","statusMessage":"selenium.common.exceptions.TimeoutException: Message: \nStacktrace:\nBacktrace:\n\t(No symbol) [0x01446643]\n\t(No symbol) [0x013DBE21]\n\t(No symbol) [0x012DDA9D]\n\t(No symbol) [0x01311342]\n\t(No symbol) [0x0131147B]\n\t(No symbol) [0x01348DC2]\n\t(No symbol) [0x0132FDC4]\n\t(No symbol) [0x01346B09]\n\t(No symbol) [0x0132FB76]\n\t(No symbol) [0x013049C1]\n\t(No symbol) [0x01305E5D]\n\tGetHandleVerifier [0x016BA142+2497106]\n\tGetHandleVerifier [0x016E85D3+2686691]\n\tGetHandleVerifier [0x016EBB9C+2700460]\n\tGetHandleVerifier [0x014F3B10+635936]\n\t(No symbol) [0x013E4A1F]\n\t(No symbol) [0x013EA418]\n\t(No symbol) [0x013EA505]\n\t(No symbol) [0x013F508B]\n\tBaseThreadInitThunk [0x767B6A24+36]\n\tRtlInitializeExceptionChain [0x778FA9FF+143]\n\tRtlInitializeExceptionChain [0x778FA9CA+90]\n\n","statusTrace":"  File \"C:\\Users\\MIRZAS\\AppData\\Local\\Programs\\Python\\Python311\\Lib\\site-packages\\allure_commons\\_allure.py\", line 202, in impl\n    return func(*a, **kw)\n           ^^^^^^^^^^^^^^\n  File \"C:\\MIRZA\\Users\\MIRZAS\\selenium_parallel_project\\pages\\admin_page.py\", line 77, in add_new_user\n    first_suggestion = WebDriverWait(self.driver, self.timeout).until(\n                       ^^^^^^^^^^^^^^^^^^^^^^^^^^^^^^^^^^^^^^^^^^^^^^^\n  File \"C:\\Users\\MIRZAS\\AppData\\Local\\Programs\\Python\\Python311\\Lib\\site-packages\\selenium\\webdriver\\support\\wait.py\", line 138, in until\n    raise TimeoutException(message, screen, stacktrace)\n","steps":[{"name":"Select option ''Admin'' from dropdown: ('xpath', \"//label[text()='User Role']/../following-sibling::div//div[contains(@class,'oxd-select-text-input')]\")","time":{"start":1758193756746,"stop":1758193757309,"duration":563},"status":"passed","steps":[{"name":"Find element: ('xpath', \"//label[text()='User Role']/../following-sibling::div//div[contains(@class,'oxd-select-text-input')]\")","time":{"start":1758193756747,"stop":1758193756843,"duration":96},"status":"passed","steps":[],"attachments":[],"parameters":[{"name":"locator","value":"('xpath', \"//label[text()='User Role']/../following-sibling::div//div[contains(@class,'oxd-select-text-input')]\")"}],"hasContent":true,"attachmentStep":false,"stepsCount":0,"shouldDisplayMessage":false,"attachmentsCount":0}],"attachments":[],"parameters":[{"name":"locator","value":"('xpath', \"//label[text()='User Role']/../following-sibling::div//div[contains(@class,'oxd-select-text-input')]\")"},{"name":"option_text","value":"'Admin'"}],"hasContent":true,"attachmentStep":false,"stepsCount":1,"shouldDisplayMessage":false,"attachmentsCount":0}],"attachments":[],"parameters":[{"name":"role","value":"'Admin'"},{"name":"emp_name","value":"'Avada kedrava god'"},{"name":"username","value":"'testuser93753'"},{"name":"status","value":"'Enabled'"},{"name":"password","value":"'Test@1234'"}],"hasContent":true,"attachmentStep":false,"stepsCount":2,"shouldDisplayMessage":true,"attachmentsCount":0}],"attachments":[{"uid":"6ba09fc08b8ed679","name":"test_add_user_failure","source":"6ba09fc08b8ed679.png","type":"image/png","size":94393},{"uid":"78711e597a2d91e6","name":"test_add_user_logs","source":"78711e597a2d91e6.txt","type":"text/plain","size":1446},{"uid":"17f8bdc3d4c19d94","name":"log","source":"17f8bdc3d4c19d94.txt","type":"text/plain","size":1595}],"parameters":[],"hasContent":true,"attachmentStep":false,"stepsCount":4,"shouldDisplayMessage":true,"attachmentsCount":3},"afterStages":[{"name":"driver::0","time":{"start":1758193769425,"stop":1758193774190,"duration":4765},"status":"passed","steps":[],"attachments":[],"parameters":[],"hasContent":false,"attachmentStep":false,"stepsCount":0,"shouldDisplayMessage":false,"attachmentsCount":0}],"labels":[{"name":"feature","value":"User Management"},{"name":"story","value":"Add new user"},{"name":"epic","value":"Admin Module"},{"name":"parentSuite","value":"tests"},{"name":"suite","value":"test_admin_page"},{"name":"subSuite","value":"TestAdminPage"},{"name":"host","value":"MIRZA"},{"name":"thread","value":"4556-MainThread"},{"name":"framework","value":"pytest"},{"name":"language","value":"cpython3"},{"name":"package","value":"tests.test_admin_page"},{"name":"resultFormat","value":"allure2"}],"parameters":[],"links":[],"hidden":false,"retry":false,"extra":{"severity":"normal","retries":[],"categories":[{"name":"Test defects","matchedStatuses":[]}],"tags":[]},"source":"4e6ec2079e1a1ea3.json","parameterValues":[]}