{"uid":"51a8b17d0956cce8","name":"test_reset_password","fullName":"tests.test_admin_page.TestAdminPage#test_reset_password","historyId":"2d356bc0c1e77602bca2bc35f9382eba","time":{"start":1758193869659,"stop":1758193869659,"duration":0},"status":"broken","statusMessage":"selenium.common.exceptions.TimeoutException: Message: \nStacktrace:\nBacktrace:\n\t(No symbol) [0x01446643]\n\t(No symbol) [0x013DBE21]\n\t(No symbol) [0x012DDA9D]\n\t(No symbol) [0x01311342]\n\t(No symbol) [0x0131147B]\n\t(No symbol) [0x01348DC2]\n\t(No symbol) [0x0132FDC4]\n\t(No symbol) [0x01346B09]\n\t(No symbol) [0x0132FB76]\n\t(No symbol) [0x013049C1]\n\t(No symbol) [0x01305E5D]\n\tGetHandleVerifier [0x016BA142+2497106]\n\tGetHandleVerifier [0x016E85D3+2686691]\n\tGetHandleVerifier [0x016EBB9C+2700460]\n\tGetHandleVerifier [0x014F3B10+635936]\n\t(No symbol) [0x013E4A1F]\n\t(No symbol) [0x013EA418]\n\t(No symbol) [0x013EA505]\n\t(No symbol) [0x013F508B]\n\tBaseThreadInitThunk [0x767B6A24+36]\n\tRtlInitializeExceptionChain [0x778FA9FF+143]\n\tRtlInitializeExceptionChain [0x778FA9CA+90]","statusTrace":"driver = <selenium.webdriver.chrome.webdriver.WebDriver (session=\"09776679363afeac5fa5ef6ad2f3b37a\")>\nlogin_as_admin = <pages.admin_page.AdminPage object at 0x0000002F2238EB10>\n\n    @pytest.fixture\n    def temp_user(driver, login_as_admin):\n        admin_page = login_as_admin\n        username = f\"test_admin_{int(time.time())}\"\n        employee_name = \"Thomas Kutty Benny\"  # Use valid employee name\n    \n        admin_page.click_add_button()\n>       admin_page.add_new_user(\n            role=\"Admin\",\n            emp_name=employee_name,\n            username=username,\n            status=\"Enabled\",\n            password=\"Test@1234\"\n        )\n\ntests\\test_admin_page.py:34: \n_ _ _ _ _ _ _ _ _ _ _ _ _ _ _ _ _ _ _ _ _ _ _ _ _ _ _ _ _ _ _ _ _ _ _ _ _ _ _\npages\\admin_page.py:77: in add_new_user\n    first_suggestion = WebDriverWait(self.driver, self.timeout).until(\n_ _ _ _ _ _ _ _ _ _ _ _ _ _ _ _ _ _ _ _ _ _ _ _ _ _ _ _ _ _ _ _ _ _ _ _ _ _ _\n\nself = <selenium.webdriver.support.wait.WebDriverWait (session=\"09776679363afeac5fa5ef6ad2f3b37a\")>\nmethod = <function element_to_be_clickable.<locals>._predicate at 0x0000002F223462A0>\nmessage = ''\n\n    def until(self, method: Callable[[D], Union[Literal[False], T]], message: str = \"\") -> T:\n        \"\"\"Wait until the method returns a value that is not False.\n    \n        Calls the method provided with the driver as an argument until the\n        return value does not evaluate to ``False``.\n    \n        Parameters:\n        -----------\n        method: callable(WebDriver)\n            - A callable object that takes a WebDriver instance as an argument.\n    \n        message: str\n            - Optional message for :exc:`TimeoutException`\n    \n        Return:\n        -------\n        object: T\n            - The result of the last call to `method`\n    \n        Raises:\n        -------\n        TimeoutException\n            - If 'method' does not return a truthy value within the WebDriverWait\n            object's timeout\n    \n        Example:\n        --------\n        >>> from selenium.webdriver.common.by import By\n        >>> from selenium.webdriver.support.ui import WebDriverWait\n        >>> from selenium.webdriver.support import expected_conditions as EC\n    \n        # Wait until an element is visible on the page\n        >>> wait = WebDriverWait(driver, 10)\n        >>> element = wait.until(EC.visibility_of_element_located((By.ID, \"exampleId\")))\n        >>> print(element.text)\n        \"\"\"\n        screen = None\n        stacktrace = None\n    \n        end_time = time.monotonic() + self._timeout\n        while True:\n            try:\n                value = method(self._driver)\n                if value:\n                    return value\n            except self._ignored_exceptions as exc:\n                screen = getattr(exc, \"screen\", None)\n                stacktrace = getattr(exc, \"stacktrace\", None)\n            if time.monotonic() > end_time:\n                break\n            time.sleep(self._poll)\n>       raise TimeoutException(message, screen, stacktrace)\nE       selenium.common.exceptions.TimeoutException: Message: \nE       Stacktrace:\nE       Backtrace:\nE       \t(No symbol) [0x01446643]\nE       \t(No symbol) [0x013DBE21]\nE       \t(No symbol) [0x012DDA9D]\nE       \t(No symbol) [0x01311342]\nE       \t(No symbol) [0x0131147B]\nE       \t(No symbol) [0x01348DC2]\nE       \t(No symbol) [0x0132FDC4]\nE       \t(No symbol) [0x01346B09]\nE       \t(No symbol) [0x0132FB76]\nE       \t(No symbol) [0x013049C1]\nE       \t(No symbol) [0x01305E5D]\nE       \tGetHandleVerifier [0x016BA142+2497106]\nE       \tGetHandleVerifier [0x016E85D3+2686691]\nE       \tGetHandleVerifier [0x016EBB9C+2700460]\nE       \tGetHandleVerifier [0x014F3B10+635936]\nE       \t(No symbol) [0x013E4A1F]\nE       \t(No symbol) [0x013EA418]\nE       \t(No symbol) [0x013EA505]\nE       \t(No symbol) [0x013F508B]\nE       \tBaseThreadInitThunk [0x767B6A24+36]\nE       \tRtlInitializeExceptionChain [0x778FA9FF+143]\nE       \tRtlInitializeExceptionChain [0x778FA9CA+90]\n\nC:\\Users\\MIRZAS\\AppData\\Local\\Programs\\Python\\Python311\\Lib\\site-packages\\selenium\\webdriver\\support\\wait.py:138: TimeoutException","flaky":false,"newFailed":false,"newBroken":false,"newPassed":false,"retriesCount":0,"retriesStatusChange":false,"beforeStages":[{"name":"driver","time":{"start":1758193869663,"stop":1758193876605,"duration":6942},"status":"passed","steps":[],"attachments":[{"uid":"43f68b4b903ddb4","name":"Test Environment","source":"43f68b4b903ddb4.txt","type":"text/plain","size":86}],"parameters":[],"hasContent":true,"attachmentStep":false,"stepsCount":0,"shouldDisplayMessage":false,"attachmentsCount":1},{"name":"login_as_admin","time":{"start":1758193876605,"stop":1758193899685,"duration":23080},"status":"passed","steps":[{"name":"Open OrangeHRM login page","time":{"start":1758193876606,"stop":1758193887031,"duration":10425},"status":"passed","steps":[{"name":"Open URL: 'https://opensource-demo.orangehrmlive.com/'","time":{"start":1758193876606,"stop":1758193887031,"duration":10425},"status":"passed","steps":[],"attachments":[],"parameters":[{"name":"url","value":"'https://opensource-demo.orangehrmlive.com/'"}],"hasContent":true,"attachmentStep":false,"stepsCount":0,"shouldDisplayMessage":false,"attachmentsCount":0}],"attachments":[],"parameters":[],"hasContent":true,"attachmentStep":false,"stepsCount":1,"shouldDisplayMessage":false,"attachmentsCount":0},{"name":"Login with username: 'Admin' and password: 'admin123'","time":{"start":1758193887032,"stop":1758193897824,"duration":10792},"status":"passed","steps":[{"name":"Type ''Admin'' into element: ('name', 'username')","time":{"start":1758193887033,"stop":1758193891402,"duration":4369},"status":"passed","steps":[{"name":"Find element: ('name', 'username')","time":{"start":1758193887033,"stop":1758193891126,"duration":4093},"status":"passed","steps":[],"attachments":[],"parameters":[{"name":"locator","value":"('name', 'username')"}],"hasContent":true,"attachmentStep":false,"stepsCount":0,"shouldDisplayMessage":false,"attachmentsCount":0}],"attachments":[],"parameters":[{"name":"locator","value":"('name', 'username')"},{"name":"text","value":"'Admin'"}],"hasContent":true,"attachmentStep":false,"stepsCount":1,"shouldDisplayMessage":false,"attachmentsCount":0},{"name":"Type ''admin123'' into element: ('name', 'password')","time":{"start":1758193891402,"stop":1758193891938,"duration":536},"status":"passed","steps":[{"name":"Find element: ('name', 'password')","time":{"start":1758193891402,"stop":1758193891482,"duration":80},"status":"passed","steps":[],"attachments":[],"parameters":[{"name":"locator","value":"('name', 'password')"}],"hasContent":true,"attachmentStep":false,"stepsCount":0,"shouldDisplayMessage":false,"attachmentsCount":0}],"attachments":[],"parameters":[{"name":"locator","value":"('name', 'password')"},{"name":"text","value":"'admin123'"}],"hasContent":true,"attachmentStep":false,"stepsCount":1,"shouldDisplayMessage":false,"attachmentsCount":0},{"name":"Click element: ('xpath', \"//button[@type='submit']\")","time":{"start":1758193891938,"stop":1758193893971,"duration":2033},"status":"passed","steps":[{"name":"Find element: ('xpath', \"//button[@type='submit']\")","time":{"start":1758193891939,"stop":1758193892015,"duration":76},"status":"passed","steps":[],"attachments":[],"parameters":[{"name":"locator","value":"('xpath', \"//button[@type='submit']\")"}],"hasContent":true,"attachmentStep":false,"stepsCount":0,"shouldDisplayMessage":false,"attachmentsCount":0}],"attachments":[],"parameters":[{"name":"locator","value":"('xpath', \"//button[@type='submit']\")"}],"hasContent":true,"attachmentStep":false,"stepsCount":1,"shouldDisplayMessage":false,"attachmentsCount":0}],"attachments":[{"uid":"5c1928c19e308602","name":"dashboard_loaded","source":"5c1928c19e308602.png","type":"image/png","size":90467}],"parameters":[{"name":"user","value":"'Admin'"},{"name":"pwd","value":"'admin123'"}],"hasContent":true,"attachmentStep":false,"stepsCount":6,"shouldDisplayMessage":false,"attachmentsCount":1},{"name":"Validate Dashboard is loaded","time":{"start":1758193897824,"stop":1758193898357,"duration":533},"status":"passed","steps":[],"attachments":[{"uid":"aad46f4d73999658","name":"dashboard_loaded","source":"aad46f4d73999658.png","type":"image/png","size":122827}],"parameters":[],"hasContent":true,"attachmentStep":false,"stepsCount":0,"shouldDisplayMessage":false,"attachmentsCount":1},{"name":"Open Admin Tab","time":{"start":1758193898357,"stop":1758193899685,"duration":1328},"status":"passed","steps":[],"attachments":[],"parameters":[],"hasContent":false,"attachmentStep":false,"stepsCount":0,"shouldDisplayMessage":false,"attachmentsCount":0}],"attachments":[],"parameters":[],"hasContent":true,"attachmentStep":false,"stepsCount":11,"shouldDisplayMessage":false,"attachmentsCount":2},{"name":"temp_user","time":{"start":1758193899686,"stop":1758193914483,"duration":14797},"status":"broken","statusMessage":"selenium.common.exceptions.TimeoutException: Message: \nStacktrace:\nBacktrace:\n\t(No symbol) [0x01446643]\n\t(No symbol) [0x013DBE21]\n\t(No symbol) [0x012DDA9D]\n\t(No symbol) [0x01311342]\n\t(No symbol) [0x0131147B]\n\t(No symbol) [0x01348DC2]\n\t(No symbol) [0x0132FDC4]\n\t(No symbol) [0x01346B09]\n\t(No symbol) [0x0132FB76]\n\t(No symbol) [0x013049C1]\n\t(No symbol) [0x01305E5D]\n\tGetHandleVerifier [0x016BA142+2497106]\n\tGetHandleVerifier [0x016E85D3+2686691]\n\tGetHandleVerifier [0x016EBB9C+2700460]\n\tGetHandleVerifier [0x014F3B10+635936]\n\t(No symbol) [0x013E4A1F]\n\t(No symbol) [0x013EA418]\n\t(No symbol) [0x013EA505]\n\t(No symbol) [0x013F508B]\n\tBaseThreadInitThunk [0x767B6A24+36]\n\tRtlInitializeExceptionChain [0x778FA9FF+143]\n\tRtlInitializeExceptionChain [0x778FA9CA+90]\n\n","statusTrace":"  File \"C:\\Users\\MIRZAS\\AppData\\Local\\Programs\\Python\\Python311\\Lib\\site-packages\\pluggy\\_callers.py\", line 38, in run_old_style_hookwrapper\n    res = yield\n          ^^^^^\n  File \"C:\\Users\\MIRZAS\\AppData\\Local\\Programs\\Python\\Python311\\Lib\\site-packages\\pluggy\\_callers.py\", line 139, in _multicall\n    teardown.throw(exception)\n  File \"C:\\Users\\MIRZAS\\AppData\\Local\\Programs\\Python\\Python311\\Lib\\site-packages\\_pytest\\setuponly.py\", line 36, in pytest_fixture_setup\n    return (yield)\n            ^^^^^\n  File \"C:\\Users\\MIRZAS\\AppData\\Local\\Programs\\Python\\Python311\\Lib\\site-packages\\pluggy\\_callers.py\", line 121, in _multicall\n    res = hook_impl.function(*args)\n          ^^^^^^^^^^^^^^^^^^^^^^^^^\n  File \"C:\\Users\\MIRZAS\\AppData\\Local\\Programs\\Python\\Python311\\Lib\\site-packages\\_pytest\\fixtures.py\", line 1196, in pytest_fixture_setup\n    result = call_fixture_func(fixturefunc, request, kwargs)\n             ^^^^^^^^^^^^^^^^^^^^^^^^^^^^^^^^^^^^^^^^^^^^^^^\n  File \"C:\\Users\\MIRZAS\\AppData\\Local\\Programs\\Python\\Python311\\Lib\\site-packages\\_pytest\\fixtures.py\", line 923, in call_fixture_func\n    fixture_result = next(generator)\n                     ^^^^^^^^^^^^^^^\n  File \"C:\\MIRZA\\Users\\MIRZAS\\selenium_parallel_project\\tests\\test_admin_page.py\", line 34, in temp_user\n    admin_page.add_new_user(\n  File \"C:\\Users\\MIRZAS\\AppData\\Local\\Programs\\Python\\Python311\\Lib\\site-packages\\allure_commons\\_allure.py\", line 202, in impl\n    return func(*a, **kw)\n           ^^^^^^^^^^^^^^\n  File \"C:\\MIRZA\\Users\\MIRZAS\\selenium_parallel_project\\pages\\admin_page.py\", line 77, in add_new_user\n    first_suggestion = WebDriverWait(self.driver, self.timeout).until(\n                       ^^^^^^^^^^^^^^^^^^^^^^^^^^^^^^^^^^^^^^^^^^^^^^^\n  File \"C:\\Users\\MIRZAS\\AppData\\Local\\Programs\\Python\\Python311\\Lib\\site-packages\\selenium\\webdriver\\support\\wait.py\", line 138, in until\n    raise TimeoutException(message, screen, stacktrace)\n","steps":[{"name":"Click Add User button","time":{"start":1758193899687,"stop":1758193903190,"duration":3503},"status":"passed","steps":[],"attachments":[],"parameters":[],"hasContent":false,"attachmentStep":false,"stepsCount":0,"shouldDisplayMessage":false,"attachmentsCount":0},{"name":"Add new user: 'test_admin_1758193899'","time":{"start":1758193903191,"stop":1758193914482,"duration":11291},"status":"broken","statusMessage":"selenium.common.exceptions.TimeoutException: Message: \nStacktrace:\nBacktrace:\n\t(No symbol) [0x01446643]\n\t(No symbol) [0x013DBE21]\n\t(No symbol) [0x012DDA9D]\n\t(No symbol) [0x01311342]\n\t(No symbol) [0x0131147B]\n\t(No symbol) [0x01348DC2]\n\t(No symbol) [0x0132FDC4]\n\t(No symbol) [0x01346B09]\n\t(No symbol) [0x0132FB76]\n\t(No symbol) [0x013049C1]\n\t(No symbol) [0x01305E5D]\n\tGetHandleVerifier [0x016BA142+2497106]\n\tGetHandleVerifier [0x016E85D3+2686691]\n\tGetHandleVerifier [0x016EBB9C+2700460]\n\tGetHandleVerifier [0x014F3B10+635936]\n\t(No symbol) [0x013E4A1F]\n\t(No symbol) [0x013EA418]\n\t(No symbol) [0x013EA505]\n\t(No symbol) [0x013F508B]\n\tBaseThreadInitThunk [0x767B6A24+36]\n\tRtlInitializeExceptionChain [0x778FA9FF+143]\n\tRtlInitializeExceptionChain [0x778FA9CA+90]\n\n","statusTrace":"  File \"C:\\Users\\MIRZAS\\AppData\\Local\\Programs\\Python\\Python311\\Lib\\site-packages\\allure_commons\\_allure.py\", line 202, in impl\n    return func(*a, **kw)\n           ^^^^^^^^^^^^^^\n  File \"C:\\MIRZA\\Users\\MIRZAS\\selenium_parallel_project\\pages\\admin_page.py\", line 77, in add_new_user\n    first_suggestion = WebDriverWait(self.driver, self.timeout).until(\n                       ^^^^^^^^^^^^^^^^^^^^^^^^^^^^^^^^^^^^^^^^^^^^^^^\n  File \"C:\\Users\\MIRZAS\\AppData\\Local\\Programs\\Python\\Python311\\Lib\\site-packages\\selenium\\webdriver\\support\\wait.py\", line 138, in until\n    raise TimeoutException(message, screen, stacktrace)\n","steps":[{"name":"Select option ''Admin'' from dropdown: ('xpath', \"//label[text()='User Role']/../following-sibling::div//div[contains(@class,'oxd-select-text-input')]\")","time":{"start":1758193903192,"stop":1758193904001,"duration":809},"status":"passed","steps":[{"name":"Find element: ('xpath', \"//label[text()='User Role']/../following-sibling::div//div[contains(@class,'oxd-select-text-input')]\")","time":{"start":1758193903192,"stop":1758193903346,"duration":154},"status":"passed","steps":[],"attachments":[],"parameters":[{"name":"locator","value":"('xpath', \"//label[text()='User Role']/../following-sibling::div//div[contains(@class,'oxd-select-text-input')]\")"}],"hasContent":true,"attachmentStep":false,"stepsCount":0,"shouldDisplayMessage":false,"attachmentsCount":0}],"attachments":[],"parameters":[{"name":"locator","value":"('xpath', \"//label[text()='User Role']/../following-sibling::div//div[contains(@class,'oxd-select-text-input')]\")"},{"name":"option_text","value":"'Admin'"}],"hasContent":true,"attachmentStep":false,"stepsCount":1,"shouldDisplayMessage":false,"attachmentsCount":0}],"attachments":[],"parameters":[{"name":"role","value":"'Admin'"},{"name":"emp_name","value":"'Thomas Kutty Benny'"},{"name":"username","value":"'test_admin_1758193899'"},{"name":"status","value":"'Enabled'"},{"name":"password","value":"'Test@1234'"}],"hasContent":true,"attachmentStep":false,"stepsCount":2,"shouldDisplayMessage":true,"attachmentsCount":0}],"attachments":[],"parameters":[],"hasContent":true,"attachmentStep":false,"stepsCount":4,"shouldDisplayMessage":false,"attachmentsCount":0}],"testStage":{"status":"broken","statusMessage":"selenium.common.exceptions.TimeoutException: Message: \nStacktrace:\nBacktrace:\n\t(No symbol) [0x01446643]\n\t(No symbol) [0x013DBE21]\n\t(No symbol) [0x012DDA9D]\n\t(No symbol) [0x01311342]\n\t(No symbol) [0x0131147B]\n\t(No symbol) [0x01348DC2]\n\t(No symbol) [0x0132FDC4]\n\t(No symbol) [0x01346B09]\n\t(No symbol) [0x0132FB76]\n\t(No symbol) [0x013049C1]\n\t(No symbol) [0x01305E5D]\n\tGetHandleVerifier [0x016BA142+2497106]\n\tGetHandleVerifier [0x016E85D3+2686691]\n\tGetHandleVerifier [0x016EBB9C+2700460]\n\tGetHandleVerifier [0x014F3B10+635936]\n\t(No symbol) [0x013E4A1F]\n\t(No symbol) [0x013EA418]\n\t(No symbol) [0x013EA505]\n\t(No symbol) [0x013F508B]\n\tBaseThreadInitThunk [0x767B6A24+36]\n\tRtlInitializeExceptionChain [0x778FA9FF+143]\n\tRtlInitializeExceptionChain [0x778FA9CA+90]","statusTrace":"driver = <selenium.webdriver.chrome.webdriver.WebDriver (session=\"09776679363afeac5fa5ef6ad2f3b37a\")>\nlogin_as_admin = <pages.admin_page.AdminPage object at 0x0000002F2238EB10>\n\n    @pytest.fixture\n    def temp_user(driver, login_as_admin):\n        admin_page = login_as_admin\n        username = f\"test_admin_{int(time.time())}\"\n        employee_name = \"Thomas Kutty Benny\"  # Use valid employee name\n    \n        admin_page.click_add_button()\n>       admin_page.add_new_user(\n            role=\"Admin\",\n            emp_name=employee_name,\n            username=username,\n            status=\"Enabled\",\n            password=\"Test@1234\"\n        )\n\ntests\\test_admin_page.py:34: \n_ _ _ _ _ _ _ _ _ _ _ _ _ _ _ _ _ _ _ _ _ _ _ _ _ _ _ _ _ _ _ _ _ _ _ _ _ _ _\npages\\admin_page.py:77: in add_new_user\n    first_suggestion = WebDriverWait(self.driver, self.timeout).until(\n_ _ _ _ _ _ _ _ _ _ _ _ _ _ _ _ _ _ _ _ _ _ _ _ _ _ _ _ _ _ _ _ _ _ _ _ _ _ _\n\nself = <selenium.webdriver.support.wait.WebDriverWait (session=\"09776679363afeac5fa5ef6ad2f3b37a\")>\nmethod = <function element_to_be_clickable.<locals>._predicate at 0x0000002F223462A0>\nmessage = ''\n\n    def until(self, method: Callable[[D], Union[Literal[False], T]], message: str = \"\") -> T:\n        \"\"\"Wait until the method returns a value that is not False.\n    \n        Calls the method provided with the driver as an argument until the\n        return value does not evaluate to ``False``.\n    \n        Parameters:\n        -----------\n        method: callable(WebDriver)\n            - A callable object that takes a WebDriver instance as an argument.\n    \n        message: str\n            - Optional message for :exc:`TimeoutException`\n    \n        Return:\n        -------\n        object: T\n            - The result of the last call to `method`\n    \n        Raises:\n        -------\n        TimeoutException\n            - If 'method' does not return a truthy value within the WebDriverWait\n            object's timeout\n    \n        Example:\n        --------\n        >>> from selenium.webdriver.common.by import By\n        >>> from selenium.webdriver.support.ui import WebDriverWait\n        >>> from selenium.webdriver.support import expected_conditions as EC\n    \n        # Wait until an element is visible on the page\n        >>> wait = WebDriverWait(driver, 10)\n        >>> element = wait.until(EC.visibility_of_element_located((By.ID, \"exampleId\")))\n        >>> print(element.text)\n        \"\"\"\n        screen = None\n        stacktrace = None\n    \n        end_time = time.monotonic() + self._timeout\n        while True:\n            try:\n                value = method(self._driver)\n                if value:\n                    return value\n            except self._ignored_exceptions as exc:\n                screen = getattr(exc, \"screen\", None)\n                stacktrace = getattr(exc, \"stacktrace\", None)\n            if time.monotonic() > end_time:\n                break\n            time.sleep(self._poll)\n>       raise TimeoutException(message, screen, stacktrace)\nE       selenium.common.exceptions.TimeoutException: Message: \nE       Stacktrace:\nE       Backtrace:\nE       \t(No symbol) [0x01446643]\nE       \t(No symbol) [0x013DBE21]\nE       \t(No symbol) [0x012DDA9D]\nE       \t(No symbol) [0x01311342]\nE       \t(No symbol) [0x0131147B]\nE       \t(No symbol) [0x01348DC2]\nE       \t(No symbol) [0x0132FDC4]\nE       \t(No symbol) [0x01346B09]\nE       \t(No symbol) [0x0132FB76]\nE       \t(No symbol) [0x013049C1]\nE       \t(No symbol) [0x01305E5D]\nE       \tGetHandleVerifier [0x016BA142+2497106]\nE       \tGetHandleVerifier [0x016E85D3+2686691]\nE       \tGetHandleVerifier [0x016EBB9C+2700460]\nE       \tGetHandleVerifier [0x014F3B10+635936]\nE       \t(No symbol) [0x013E4A1F]\nE       \t(No symbol) [0x013EA418]\nE       \t(No symbol) [0x013EA505]\nE       \t(No symbol) [0x013F508B]\nE       \tBaseThreadInitThunk [0x767B6A24+36]\nE       \tRtlInitializeExceptionChain [0x778FA9FF+143]\nE       \tRtlInitializeExceptionChain [0x778FA9CA+90]\n\nC:\\Users\\MIRZAS\\AppData\\Local\\Programs\\Python\\Python311\\Lib\\site-packages\\selenium\\webdriver\\support\\wait.py:138: TimeoutException","steps":[],"attachments":[{"uid":"d23a7870bc7983dc","name":"log","source":"d23a7870bc7983dc.txt","type":"text/plain","size":1595}],"parameters":[],"hasContent":true,"attachmentStep":false,"stepsCount":0,"shouldDisplayMessage":true,"attachmentsCount":1},"afterStages":[{"name":"driver::0","time":{"start":1758193914823,"stop":1758193918412,"duration":3589},"status":"passed","steps":[],"attachments":[],"parameters":[],"hasContent":false,"attachmentStep":false,"stepsCount":0,"shouldDisplayMessage":false,"attachmentsCount":0}],"labels":[{"name":"story","value":"Reset user password"},{"name":"feature","value":"User Management"},{"name":"epic","value":"Admin Module"},{"name":"parentSuite","value":"tests"},{"name":"suite","value":"test_admin_page"},{"name":"subSuite","value":"TestAdminPage"},{"name":"host","value":"MIRZA"},{"name":"thread","value":"4556-MainThread"},{"name":"framework","value":"pytest"},{"name":"language","value":"cpython3"},{"name":"package","value":"tests.test_admin_page"},{"name":"resultFormat","value":"allure2"}],"parameters":[],"links":[],"hidden":false,"retry":false,"extra":{"severity":"normal","retries":[],"categories":[{"name":"Test defects","matchedStatuses":[]}],"tags":[]},"source":"51a8b17d0956cce8.json","parameterValues":[]}