{"name": "test_apply_leave", "status": "broken", "statusDetails": {"message": "selenium.common.exceptions.TimeoutException: Message: \nStacktrace:\nBacktrace:\n\t(No symbol) [0x00456643]\n\t(No symbol) [0x003EBE21]\n\t(No symbol) [0x002EDA9D]\n\t(No symbol) [0x00321342]\n\t(No symbol) [0x0032147B]\n\t(No symbol) [0x00358DC2]\n\t(No symbol) [0x0033FDC4]\n\t(No symbol) [0x00356B09]\n\t(No symbol) [0x0033FB76]\n\t(No symbol) [0x003149C1]\n\t(No symbol) [0x00315E5D]\n\tGetHandleVerifier [0x006CA142+2497106]\n\tGetHandleVerifier [0x006F85D3+2686691]\n\tGetHandleVerifier [0x006FBB9C+2700460]\n\tGetHandleVerifier [0x00503B10+635936]\n\t(No symbol) [0x003F4A1F]\n\t(No symbol) [0x003FA418]\n\t(No symbol) [0x003FA505]\n\t(No symbol) [0x0040508B]\n\tBaseThreadInitThunk [0x767B6A24+36]\n\tRtlInitializeExceptionChain [0x778FA9FF+143]\n\tRtlInitializeExceptionChain [0x778FA9CA+90]", "trace": "self = <tests.test_apply_leave.TestApplyLeave object at 0x00000056E6A8E150>\ndriver = <selenium.webdriver.chrome.webdriver.WebDriver (session=\"abe4a74c5bb04211a1f10113426cd045\")>\n\n    @allure.story(\"Apply leave successfully\")\n    def test_apply_leave(self, driver):\n        login_page = LoginPage(driver)\n        dashboard_page = DashboardPage(driver)\n        apply_leave_page = ApplyLeavePage(driver)\n    \n        # Step 1: Login\n        with allure.step(\"Login as Admin\"):\n            login_page.open_login_page()\n            login_page.login(\"Admin\", \"admin123\")\n            assert dashboard_page.is_dashboard_loaded(), \"Dashboard did not load\"\n    \n        # Step 2: Navigate to Apply Leave\n        with allure.step(\"Navigate to Apply Leave page\"):\n            dashboard_page.click_apply_leave()\n    \n        # Step 3: Fill out leave form\n        with allure.step(\"Fill leave form\"):\n>           apply_leave_page.select_leave_type(\"CAN - Bereavement\")\n\ntests\\test_apply_leave.py:31: \n_ _ _ _ _ _ _ _ _ _ _ _ _ _ _ _ _ _ _ _ _ _ _ _ _ _ _ _ _ _ _ _ _ _ _ _ _ _ _\npages\\apply_leave_page.py:22: in select_leave_type\n    self.select_dropdown(self.leave_type_dropdown, leave_type)\npages\\base_page.py:74: in select_dropdown\n    option = WebDriverWait(self.driver, self.timeout).until(\n_ _ _ _ _ _ _ _ _ _ _ _ _ _ _ _ _ _ _ _ _ _ _ _ _ _ _ _ _ _ _ _ _ _ _ _ _ _ _\n\nself = <selenium.webdriver.support.wait.WebDriverWait (session=\"abe4a74c5bb04211a1f10113426cd045\")>\nmethod = <function presence_of_element_located.<locals>._predicate at 0x00000056E6B42020>\nmessage = ''\n\n    def until(self, method: Callable[[D], Union[Literal[False], T]], message: str = \"\") -> T:\n        \"\"\"Wait until the method returns a value that is not False.\n    \n        Calls the method provided with the driver as an argument until the\n        return value does not evaluate to ``False``.\n    \n        Parameters:\n        -----------\n        method: callable(WebDriver)\n            - A callable object that takes a WebDriver instance as an argument.\n    \n        message: str\n            - Optional message for :exc:`TimeoutException`\n    \n        Return:\n        -------\n        object: T\n            - The result of the last call to `method`\n    \n        Raises:\n        -------\n        TimeoutException\n            - If 'method' does not return a truthy value within the WebDriverWait\n            object's timeout\n    \n        Example:\n        --------\n        >>> from selenium.webdriver.common.by import By\n        >>> from selenium.webdriver.support.ui import WebDriverWait\n        >>> from selenium.webdriver.support import expected_conditions as EC\n    \n        # Wait until an element is visible on the page\n        >>> wait = WebDriverWait(driver, 10)\n        >>> element = wait.until(EC.visibility_of_element_located((By.ID, \"exampleId\")))\n        >>> print(element.text)\n        \"\"\"\n        screen = None\n        stacktrace = None\n    \n        end_time = time.monotonic() + self._timeout\n        while True:\n            try:\n                value = method(self._driver)\n                if value:\n                    return value\n            except self._ignored_exceptions as exc:\n                screen = getattr(exc, \"screen\", None)\n                stacktrace = getattr(exc, \"stacktrace\", None)\n            if time.monotonic() > end_time:\n                break\n            time.sleep(self._poll)\n>       raise TimeoutException(message, screen, stacktrace)\nE       selenium.common.exceptions.TimeoutException: Message: \nE       Stacktrace:\nE       Backtrace:\nE       \t(No symbol) [0x00456643]\nE       \t(No symbol) [0x003EBE21]\nE       \t(No symbol) [0x002EDA9D]\nE       \t(No symbol) [0x00321342]\nE       \t(No symbol) [0x0032147B]\nE       \t(No symbol) [0x00358DC2]\nE       \t(No symbol) [0x0033FDC4]\nE       \t(No symbol) [0x00356B09]\nE       \t(No symbol) [0x0033FB76]\nE       \t(No symbol) [0x003149C1]\nE       \t(No symbol) [0x00315E5D]\nE       \tGetHandleVerifier [0x006CA142+2497106]\nE       \tGetHandleVerifier [0x006F85D3+2686691]\nE       \tGetHandleVerifier [0x006FBB9C+2700460]\nE       \tGetHandleVerifier [0x00503B10+635936]\nE       \t(No symbol) [0x003F4A1F]\nE       \t(No symbol) [0x003FA418]\nE       \t(No symbol) [0x003FA505]\nE       \t(No symbol) [0x0040508B]\nE       \tBaseThreadInitThunk [0x767B6A24+36]\nE       \tRtlInitializeExceptionChain [0x778FA9FF+143]\nE       \tRtlInitializeExceptionChain [0x778FA9CA+90]\n\nC:\\Users\\MIRZAS\\AppData\\Local\\Programs\\Python\\Python311\\Lib\\site-packages\\selenium\\webdriver\\support\\wait.py:138: TimeoutException"}, "steps": [{"name": "Login as Admin", "status": "passed", "steps": [{"name": "Open OrangeHRM login page", "status": "passed", "steps": [{"name": "Open URL: 'https://opensource-demo.orangehrmlive.com/'", "status": "passed", "parameters": [{"name": "url", "value": "'https://opensource-demo.orangehrmlive.com/'"}], "start": 1758540536888, "stop": 1758540543105}], "start": 1758540536888, "stop": 1758540543105}, {"name": "Login with username: 'Admin' and password: 'admin123'", "status": "passed", "steps": [{"name": "Type ''Admin'' into element: ('name', 'username')", "status": "passed", "steps": [{"name": "Find element: ('name', 'username')", "status": "passed", "parameters": [{"name": "locator", "value": "('name', 'username')"}], "start": 1758540543106, "stop": 1758540545015}], "parameters": [{"name": "locator", "value": "('name', 'username')"}, {"name": "text", "value": "'Admin'"}], "start": 1758540543106, "stop": 1758540545309}, {"name": "Type ''admin123'' into element: ('name', 'password')", "status": "passed", "steps": [{"name": "Find element: ('name', 'password')", "status": "passed", "parameters": [{"name": "locator", "value": "('name', 'password')"}], "start": 1758540545310, "stop": 1758540545397}], "parameters": [{"name": "locator", "value": "('name', 'password')"}, {"name": "text", "value": "'admin123'"}], "start": 1758540545309, "stop": 1758540545710}, {"name": "Click element: ('xpath', \"//button[@type='submit']\")", "status": "passed", "steps": [{"name": "Find element: ('xpath', \"//button[@type='submit']\")", "status": "passed", "parameters": [{"name": "locator", "value": "('xpath', \"//button[@type='submit']\")"}], "start": 1758540545711, "stop": 1758540545775}], "parameters": [{"name": "locator", "value": "('xpath', \"//button[@type='submit']\")"}], "start": 1758540545710, "stop": 1758540549288}], "attachments": [{"name": "dashboard_loaded", "source": "8bf36aff-012d-49d4-b8e0-3bc5dd5ba890-attachment.png", "type": "image/png"}], "parameters": [{"name": "user", "value": "'Admin'"}, {"name": "pwd", "value": "'admin123'"}], "start": 1758540543106, "stop": 1758540551747}, {"name": "Validate Dashboard is loaded", "status": "passed", "attachments": [{"name": "dashboard_loaded", "source": "dbdaf844-e71d-4017-9a49-e50d990a9045-attachment.png", "type": "image/png"}], "start": 1758540551748, "stop": 1758540553262}], "start": 1758540536887, "stop": 1758540553262}, {"name": "Navigate to Apply Leave page", "status": "passed", "steps": [{"name": "Click Apply Leave from Quick Launch", "status": "passed", "steps": [{"name": "Click element: ('xpath', \"//button[@title='Apply Leave']\")", "status": "passed", "steps": [{"name": "Find element: ('xpath', \"//button[@title='Apply Leave']\")", "status": "passed", "parameters": [{"name": "locator", "value": "('xpath', \"//button[@title='Apply Leave']\")"}], "start": 1758540553264, "stop": 1758540553395}], "parameters": [{"name": "locator", "value": "('xpath', \"//button[@title='Apply Leave']\")"}], "start": 1758540553263, "stop": 1758540554964}], "start": 1758540553263, "stop": 1758540554964}], "start": 1758540553262, "stop": 1758540554965}, {"name": "Fill leave form", "status": "broken", "statusDetails": {"message": "selenium.common.exceptions.TimeoutException: Message: \nStacktrace:\nBacktrace:\n\t(No symbol) [0x00456643]\n\t(No symbol) [0x003EBE21]\n\t(No symbol) [0x002EDA9D]\n\t(No symbol) [0x00321342]\n\t(No symbol) [0x0032147B]\n\t(No symbol) [0x00358DC2]\n\t(No symbol) [0x0033FDC4]\n\t(No symbol) [0x00356B09]\n\t(No symbol) [0x0033FB76]\n\t(No symbol) [0x003149C1]\n\t(No symbol) [0x00315E5D]\n\tGetHandleVerifier [0x006CA142+2497106]\n\tGetHandleVerifier [0x006F85D3+2686691]\n\tGetHandleVerifier [0x006FBB9C+2700460]\n\tGetHandleVerifier [0x00503B10+635936]\n\t(No symbol) [0x003F4A1F]\n\t(No symbol) [0x003FA418]\n\t(No symbol) [0x003FA505]\n\t(No symbol) [0x0040508B]\n\tBaseThreadInitThunk [0x767B6A24+36]\n\tRtlInitializeExceptionChain [0x778FA9FF+143]\n\tRtlInitializeExceptionChain [0x778FA9CA+90]\n\n", "trace": "  File \"C:\\MIRZA\\Users\\MIRZAS\\selenium_parallel_project\\tests\\test_apply_leave.py\", line 31, in test_apply_leave\n    apply_leave_page.select_leave_type(\"CAN - Bereavement\")\n  File \"C:\\Users\\MIRZAS\\AppData\\Local\\Programs\\Python\\Python311\\Lib\\site-packages\\allure_commons\\_allure.py\", line 202, in impl\n    return func(*a, **kw)\n           ^^^^^^^^^^^^^^\n  File \"C:\\MIRZA\\Users\\MIRZAS\\selenium_parallel_project\\pages\\apply_leave_page.py\", line 22, in select_leave_type\n    self.select_dropdown(self.leave_type_dropdown, leave_type)\n  File \"C:\\Users\\MIRZAS\\AppData\\Local\\Programs\\Python\\Python311\\Lib\\site-packages\\allure_commons\\_allure.py\", line 202, in impl\n    return func(*a, **kw)\n           ^^^^^^^^^^^^^^\n  File \"C:\\MIRZA\\Users\\MIRZAS\\selenium_parallel_project\\pages\\base_page.py\", line 74, in select_dropdown\n    option = WebDriverWait(self.driver, self.timeout).until(\n             ^^^^^^^^^^^^^^^^^^^^^^^^^^^^^^^^^^^^^^^^^^^^^^^\n  File \"C:\\Users\\MIRZAS\\AppData\\Local\\Programs\\Python\\Python311\\Lib\\site-packages\\selenium\\webdriver\\support\\wait.py\", line 138, in until\n    raise TimeoutException(message, screen, stacktrace)\n"}, "steps": [{"name": "Select leave type: 'CAN - Bereavement'", "status": "broken", "statusDetails": {"message": "selenium.common.exceptions.TimeoutException: Message: \nStacktrace:\nBacktrace:\n\t(No symbol) [0x00456643]\n\t(No symbol) [0x003EBE21]\n\t(No symbol) [0x002EDA9D]\n\t(No symbol) [0x00321342]\n\t(No symbol) [0x0032147B]\n\t(No symbol) [0x00358DC2]\n\t(No symbol) [0x0033FDC4]\n\t(No symbol) [0x00356B09]\n\t(No symbol) [0x0033FB76]\n\t(No symbol) [0x003149C1]\n\t(No symbol) [0x00315E5D]\n\tGetHandleVerifier [0x006CA142+2497106]\n\tGetHandleVerifier [0x006F85D3+2686691]\n\tGetHandleVerifier [0x006FBB9C+2700460]\n\tGetHandleVerifier [0x00503B10+635936]\n\t(No symbol) [0x003F4A1F]\n\t(No symbol) [0x003FA418]\n\t(No symbol) [0x003FA505]\n\t(No symbol) [0x0040508B]\n\tBaseThreadInitThunk [0x767B6A24+36]\n\tRtlInitializeExceptionChain [0x778FA9FF+143]\n\tRtlInitializeExceptionChain [0x778FA9CA+90]\n\n", "trace": "  File \"C:\\Users\\MIRZAS\\AppData\\Local\\Programs\\Python\\Python311\\Lib\\site-packages\\allure_commons\\_allure.py\", line 202, in impl\n    return func(*a, **kw)\n           ^^^^^^^^^^^^^^\n  File \"C:\\MIRZA\\Users\\MIRZAS\\selenium_parallel_project\\pages\\apply_leave_page.py\", line 22, in select_leave_type\n    self.select_dropdown(self.leave_type_dropdown, leave_type)\n  File \"C:\\Users\\MIRZAS\\AppData\\Local\\Programs\\Python\\Python311\\Lib\\site-packages\\allure_commons\\_allure.py\", line 202, in impl\n    return func(*a, **kw)\n           ^^^^^^^^^^^^^^\n  File \"C:\\MIRZA\\Users\\MIRZAS\\selenium_parallel_project\\pages\\base_page.py\", line 74, in select_dropdown\n    option = WebDriverWait(self.driver, self.timeout).until(\n             ^^^^^^^^^^^^^^^^^^^^^^^^^^^^^^^^^^^^^^^^^^^^^^^\n  File \"C:\\Users\\MIRZAS\\AppData\\Local\\Programs\\Python\\Python311\\Lib\\site-packages\\selenium\\webdriver\\support\\wait.py\", line 138, in until\n    raise TimeoutException(message, screen, stacktrace)\n"}, "steps": [{"name": "Select option ''CAN - Bereavement'' from dropdown: ('xpath', \"//label[text()='Leave Type']/following::div[@class='oxd-select-text-input'][1]\")", "status": "broken", "statusDetails": {"message": "selenium.common.exceptions.TimeoutException: Message: \nStacktrace:\nBacktrace:\n\t(No symbol) [0x00456643]\n\t(No symbol) [0x003EBE21]\n\t(No symbol) [0x002EDA9D]\n\t(No symbol) [0x00321342]\n\t(No symbol) [0x0032147B]\n\t(No symbol) [0x00358DC2]\n\t(No symbol) [0x0033FDC4]\n\t(No symbol) [0x00356B09]\n\t(No symbol) [0x0033FB76]\n\t(No symbol) [0x003149C1]\n\t(No symbol) [0x00315E5D]\n\tGetHandleVerifier [0x006CA142+2497106]\n\tGetHandleVerifier [0x006F85D3+2686691]\n\tGetHandleVerifier [0x006FBB9C+2700460]\n\tGetHandleVerifier [0x00503B10+635936]\n\t(No symbol) [0x003F4A1F]\n\t(No symbol) [0x003FA418]\n\t(No symbol) [0x003FA505]\n\t(No symbol) [0x0040508B]\n\tBaseThreadInitThunk [0x767B6A24+36]\n\tRtlInitializeExceptionChain [0x778FA9FF+143]\n\tRtlInitializeExceptionChain [0x778FA9CA+90]\n\n", "trace": "  File \"C:\\Users\\MIRZAS\\AppData\\Local\\Programs\\Python\\Python311\\Lib\\site-packages\\allure_commons\\_allure.py\", line 202, in impl\n    return func(*a, **kw)\n           ^^^^^^^^^^^^^^\n  File \"C:\\MIRZA\\Users\\MIRZAS\\selenium_parallel_project\\pages\\base_page.py\", line 74, in select_dropdown\n    option = WebDriverWait(self.driver, self.timeout).until(\n             ^^^^^^^^^^^^^^^^^^^^^^^^^^^^^^^^^^^^^^^^^^^^^^^\n  File \"C:\\Users\\MIRZAS\\AppData\\Local\\Programs\\Python\\Python311\\Lib\\site-packages\\selenium\\webdriver\\support\\wait.py\", line 138, in until\n    raise TimeoutException(message, screen, stacktrace)\n"}, "steps": [{"name": "Find element: ('xpath', \"//label[text()='Leave Type']/following::div[@class='oxd-select-text-input'][1]\")", "status": "passed", "parameters": [{"name": "locator", "value": "('xpath', \"//label[text()='Leave Type']/following::div[@class='oxd-select-text-input'][1]\")"}], "start": 1758540554965, "stop": 1758540556504}], "attachments": [{"name": "dropdown_//label[text()='Leave Type']/following::div[@class='oxd-select-text-input'][1]_not_found", "source": "29301c7b-95cb-4cb9-91ea-91dcf3cb9706-attachment.png", "type": "image/png"}], "parameters": [{"name": "locator", "value": "('xpath', \"//label[text()='Leave Type']/following::div[@class='oxd-select-text-input'][1]\")"}, {"name": "option_text", "value": "'CAN - Bereavement'"}], "start": 1758540554965, "stop": 1758540568197}], "parameters": [{"name": "leave_type", "value": "'CAN - Bereavement'"}], "start": 1758540554965, "stop": 1758540568260}], "start": 1758540554965, "stop": 1758540568291}], "attachments": [{"name": "test_apply_leave_failure", "source": "3d3e393e-a29e-406e-809b-ebb2fc5e500e-attachment.png", "type": "image/png"}, {"name": "test_apply_leave_logs", "source": "8dd4611f-dc87-4571-8421-f04f899694fe-attachment.txt", "type": "text/plain"}, {"name": "log", "source": "50cef8aa-6c50-463c-8270-94ba0d656a10-attachment.txt", "type": "text/plain"}], "start": 1758540536887, "stop": 1758540568305, "uuid": "5a651d2a-4fcd-4dbd-9eb2-c23c46bc17b9", "historyId": "fa0010393466492f208e8daadb99f707", "testCaseId": "fa0010393466492f208e8daadb99f707", "fullName": "tests.test_apply_leave.TestApplyLeave#test_apply_leave", "labels": [{"name": "epic", "value": "Leave Module"}, {"name": "feature", "value": "Apply Leave Functionality"}, {"name": "story", "value": "Apply leave successfully"}, {"name": "parentSuite", "value": "tests"}, {"name": "suite", "value": "test_apply_leave"}, {"name": "subSuite", "value": "TestApplyLeave"}, {"name": "host", "value": "MIRZA"}, {"name": "thread", "value": "7640-MainThread"}, {"name": "framework", "value": "pytest"}, {"name": "language", "value": "cpython3"}, {"name": "package", "value": "tests.test_apply_leave"}], "titlePath": ["tests", "test_apply_leave.py", "TestApplyLeave"]}