{"name": "test_reset_existing_user_password", "status": "broken", "statusDetails": {"message": "selenium.common.exceptions.ElementClickInterceptedException: Message: element click intercepted: Element <button data-v-10d463b7=\"\" type=\"submit\" class=\"oxd-button oxd-button--medium oxd-button--secondary orangehrm-left-space\">...</button> is not clickable at point (897, 242). Other element would receive the click: <div class=\"orangehrm-header-container\">...</div>\n  (Session info: chrome=109.0.5414.168); For documentation on this error, please visit: https://www.selenium.dev/documentation/webdriver/troubleshooting/errors#elementclickinterceptedexception\nStacktrace:\nBacktrace:\n\t(No symbol) [0x00336643]\n\t(No symbol) [0x002CBE21]\n\t(No symbol) [0x001CDA9D]\n\t(No symbol) [0x002092B2]\n\t(No symbol) [0x00206970]\n\t(No symbol) [0x00203E0B]\n\t(No symbol) [0x00202548]\n\t(No symbol) [0x001F6B13]\n\t(No symbol) [0x0021FD7C]\n\t(No symbol) [0x001F641F]\n\t(No symbol) [0x002200D4]\n\t(No symbol) [0x00236B09]\n\t(No symbol) [0x0021FB76]\n\t(No symbol) [0x001F49C1]\n\t(No symbol) [0x001F5E5D]\n\tGetHandleVerifier [0x005AA142+2497106]\n\tGetHandleVerifier [0x005D85D3+2686691]\n\tGetHandleVerifier [0x005DBB9C+2700460]\n\tGetHandleVerifier [0x003E3B10+635936]\n\t(No symbol) [0x002D4A1F]\n\t(No symbol) [0x002DA418]\n\t(No symbol) [0x002DA505]\n\t(No symbol) [0x002E508B]\n\tBaseThreadInitThunk [0x767B6A24+36]\n\tRtlInitializeExceptionChain [0x778FA9FF+143]\n\tRtlInitializeExceptionChain [0x778FA9CA+90]", "trace": "self = <tests.test_admin_page.TestAdminPage object at 0x00000070C3ECA8D0>\ndriver = <selenium.webdriver.chrome.webdriver.WebDriver (session=\"f33f6d335b5da42e762ce61f9138423f\")>\n\n    @allure.story(\"Reset password for existing user\")\n    def test_reset_existing_user_password(self, driver):\n        login_page = LoginPage(driver)\n        dashboard_page = DashboardPage(driver)\n        admin_page = AdminPage(driver)\n    \n        # ---- Login as Admin ----\n        login_page.open_login_page()\n        login_page.login(\"Admin\", \"admin123\")\n        assert dashboard_page.is_dashboard_loaded(), \"Dashboard did not load\"\n    \n        # ---- Open Admin tab ----\n        admin_page.open_admin_tab()\n    \n        # Search for the existing user\n        existing_username = \"mirza\"\n>       admin_page.search_user(\n            username=existing_username,\n            role=\"Admin\",\n            status=\"Enabled\"\n        )\n\ntests\\test_admin_page.py:162: \n_ _ _ _ _ _ _ _ _ _ _ _ _ _ _ _ _ _ _ _ _ _ _ _ _ _ _ _ _ _ _ _ _ _ _ _ _ _ _\npages\\admin_page.py:144: in search_user\n    ).click()\n      ^^^^^^^\nC:\\Users\\MIRZAS\\AppData\\Local\\Programs\\Python\\Python311\\Lib\\site-packages\\selenium\\webdriver\\remote\\webelement.py:120: in click\n    self._execute(Command.CLICK_ELEMENT)\nC:\\Users\\MIRZAS\\AppData\\Local\\Programs\\Python\\Python311\\Lib\\site-packages\\selenium\\webdriver\\remote\\webelement.py:573: in _execute\n    return self._parent.execute(command, params)\n           ^^^^^^^^^^^^^^^^^^^^^^^^^^^^^^^^^^^^^\nC:\\Users\\MIRZAS\\AppData\\Local\\Programs\\Python\\Python311\\Lib\\site-packages\\selenium\\webdriver\\remote\\webdriver.py:458: in execute\n    self.error_handler.check_response(response)\n_ _ _ _ _ _ _ _ _ _ _ _ _ _ _ _ _ _ _ _ _ _ _ _ _ _ _ _ _ _ _ _ _ _ _ _ _ _ _\n\nself = <selenium.webdriver.remote.errorhandler.ErrorHandler object at 0x00000070C3E77210>\nresponse = {'status': 400, 'value': '{\"value\":{\"error\":\"element click intercepted\",\"message\":\"element click intercepted: Element ...767B6A24+36]\\\\n\\\\tRtlInitializeExceptionChain [0x778FA9FF+143]\\\\n\\\\tRtlInitializeExceptionChain [0x778FA9CA+90]\\\\n\"}}'}\n\n    def check_response(self, response: dict[str, Any]) -> None:\n        \"\"\"Checks that a JSON response from the WebDriver does not have an\n        error.\n    \n        :Args:\n         - response - The JSON response from the WebDriver server as a dictionary\n           object.\n    \n        :Raises: If the response contains an error message.\n        \"\"\"\n        status = response.get(\"status\", None)\n        if not status or status == ErrorCode.SUCCESS:\n            return\n        value = None\n        message = response.get(\"message\", \"\")\n        screen: str = response.get(\"screen\", \"\")\n        stacktrace = None\n        if isinstance(status, int):\n            value_json = response.get(\"value\", None)\n            if value_json and isinstance(value_json, str):\n                try:\n                    value = json.loads(value_json)\n                    if isinstance(value, dict):\n                        if len(value) == 1:\n                            value = value[\"value\"]\n                        status = value.get(\"error\", None)\n                        if not status:\n                            status = value.get(\"status\", ErrorCode.UNKNOWN_ERROR)\n                            message = value.get(\"value\") or value.get(\"message\")\n                            if not isinstance(message, str):\n                                value = message\n                                message = message.get(\"message\")\n                        else:\n                            message = value.get(\"message\", None)\n                except ValueError:\n                    pass\n    \n        exception_class: type[WebDriverException]\n        e = ErrorCode()\n        error_codes = [item for item in dir(e) if not item.startswith(\"__\")]\n        for error_code in error_codes:\n            error_info = getattr(ErrorCode, error_code)\n            if isinstance(error_info, list) and status in error_info:\n                exception_class = getattr(ExceptionMapping, error_code, WebDriverException)\n                break\n        else:\n            exception_class = WebDriverException\n    \n        if not value:\n            value = response[\"value\"]\n        if isinstance(value, str):\n            raise exception_class(value)\n        if message == \"\" and \"message\" in value:\n            message = value[\"message\"]\n    \n        screen = None  # type: ignore[assignment]\n        if \"screen\" in value:\n            screen = value[\"screen\"]\n    \n        stacktrace = None\n        st_value = value.get(\"stackTrace\") or value.get(\"stacktrace\")\n        if st_value:\n            if isinstance(st_value, str):\n                stacktrace = st_value.split(\"\\n\")\n            else:\n                stacktrace = []\n                try:\n                    for frame in st_value:\n                        line = frame.get(\"lineNumber\", \"\")\n                        file = frame.get(\"fileName\", \"<anonymous>\")\n                        if line:\n                            file = f\"{file}:{line}\"\n                        meth = frame.get(\"methodName\", \"<anonymous>\")\n                        if \"className\" in frame:\n                            meth = f\"{frame['className']}.{meth}\"\n                        msg = \"    at %s (%s)\"\n                        msg = msg % (meth, file)\n                        stacktrace.append(msg)\n                except TypeError:\n                    pass\n        if exception_class == UnexpectedAlertPresentException:\n            alert_text = None\n            if \"data\" in value:\n                alert_text = value[\"data\"].get(\"text\")\n            elif \"alert\" in value:\n                alert_text = value[\"alert\"].get(\"text\")\n            raise exception_class(message, screen, stacktrace, alert_text)  # type: ignore[call-arg]  # mypy is not smart enough here\n>       raise exception_class(message, screen, stacktrace)\nE       selenium.common.exceptions.ElementClickInterceptedException: Message: element click intercepted: Element <button data-v-10d463b7=\"\" type=\"submit\" class=\"oxd-button oxd-button--medium oxd-button--secondary orangehrm-left-space\">...</button> is not clickable at point (897, 242). Other element would receive the click: <div class=\"orangehrm-header-container\">...</div>\nE         (Session info: chrome=109.0.5414.168); For documentation on this error, please visit: https://www.selenium.dev/documentation/webdriver/troubleshooting/errors#elementclickinterceptedexception\nE       Stacktrace:\nE       Backtrace:\nE       \t(No symbol) [0x00336643]\nE       \t(No symbol) [0x002CBE21]\nE       \t(No symbol) [0x001CDA9D]\nE       \t(No symbol) [0x002092B2]\nE       \t(No symbol) [0x00206970]\nE       \t(No symbol) [0x00203E0B]\nE       \t(No symbol) [0x00202548]\nE       \t(No symbol) [0x001F6B13]\nE       \t(No symbol) [0x0021FD7C]\nE       \t(No symbol) [0x001F641F]\nE       \t(No symbol) [0x002200D4]\nE       \t(No symbol) [0x00236B09]\nE       \t(No symbol) [0x0021FB76]\nE       \t(No symbol) [0x001F49C1]\nE       \t(No symbol) [0x001F5E5D]\nE       \tGetHandleVerifier [0x005AA142+2497106]\nE       \tGetHandleVerifier [0x005D85D3+2686691]\nE       \tGetHandleVerifier [0x005DBB9C+2700460]\nE       \tGetHandleVerifier [0x003E3B10+635936]\nE       \t(No symbol) [0x002D4A1F]\nE       \t(No symbol) [0x002DA418]\nE       \t(No symbol) [0x002DA505]\nE       \t(No symbol) [0x002E508B]\nE       \tBaseThreadInitThunk [0x767B6A24+36]\nE       \tRtlInitializeExceptionChain [0x778FA9FF+143]\nE       \tRtlInitializeExceptionChain [0x778FA9CA+90]\n\nC:\\Users\\MIRZAS\\AppData\\Local\\Programs\\Python\\Python311\\Lib\\site-packages\\selenium\\webdriver\\remote\\errorhandler.py:232: ElementClickInterceptedException"}, "steps": [{"name": "Open OrangeHRM login page", "status": "passed", "steps": [{"name": "Open URL: 'https://opensource-demo.orangehrmlive.com/'", "status": "passed", "parameters": [{"name": "url", "value": "'https://opensource-demo.orangehrmlive.com/'"}], "start": 1758780363595, "stop": 1758780369059}], "start": 1758780363595, "stop": 1758780369059}, {"name": "Login with username: 'Admin' and password: 'admin123'", "status": "passed", "steps": [{"name": "Type ''Admin'' into element: ('name', 'username')", "status": "passed", "steps": [{"name": "Find element: ('name', 'username')", "status": "passed", "parameters": [{"name": "locator", "value": "('name', 'username')"}], "start": 1758780369059, "stop": 1758780370556}], "parameters": [{"name": "locator", "value": "('name', 'username')"}, {"name": "text", "value": "'Admin'"}], "start": 1758780369059, "stop": 1758780370884}, {"name": "Type ''admin123'' into element: ('name', 'password')", "status": "passed", "steps": [{"name": "Find element: ('name', 'password')", "status": "passed", "parameters": [{"name": "locator", "value": "('name', 'password')"}], "start": 1758780370884, "stop": 1758780371004}], "parameters": [{"name": "locator", "value": "('name', 'password')"}, {"name": "text", "value": "'admin123'"}], "start": 1758780370884, "stop": 1758780371452}, {"name": "Click element: ('xpath', \"//button[@type='submit']\")", "status": "passed", "steps": [{"name": "Find element: ('xpath', \"//button[@type='submit']\")", "status": "passed", "parameters": [{"name": "locator", "value": "('xpath', \"//button[@type='submit']\")"}], "start": 1758780371452, "stop": 1758780371532}], "parameters": [{"name": "locator", "value": "('xpath', \"//button[@type='submit']\")"}], "start": 1758780371452, "stop": 1758780371780}], "attachments": [{"name": "dashboard_loaded", "source": "3400a6cb-1fb5-44c0-899b-deff575b3c04-attachment.png", "type": "image/png"}], "parameters": [{"name": "user", "value": "'Admin'"}, {"name": "pwd", "value": "'admin123'"}], "start": 1758780369059, "stop": 1758780377059}, {"name": "Validate Dashboard is loaded", "status": "passed", "attachments": [{"name": "dashboard_loaded", "source": "3bd88693-e422-48e4-a4ed-659127b5a07c-attachment.png", "type": "image/png"}], "start": 1758780377059, "stop": 1758780377467}, {"name": "Open Admin Tab", "status": "passed", "start": 1758780377467, "stop": 1758780379478}, {"name": "Search user: 'mirza'", "status": "broken", "statusDetails": {"message": "selenium.common.exceptions.ElementClickInterceptedException: Message: element click intercepted: Element <button data-v-10d463b7=\"\" type=\"submit\" class=\"oxd-button oxd-button--medium oxd-button--secondary orangehrm-left-space\">...</button> is not clickable at point (897, 242). Other element would receive the click: <div class=\"orangehrm-header-container\">...</div>\n  (Session info: chrome=109.0.5414.168); For documentation on this error, please visit: https://www.selenium.dev/documentation/webdriver/troubleshooting/errors#elementclickinterceptedexception\nStacktrace:\nBacktrace:\n\t(No symbol) [0x00336643]\n\t(No symbol) [0x002CBE21]\n\t(No symbol) [0x001CDA9D]\n\t(No symbol) [0x002092B2]\n\t(No symbol) [0x00206970]\n\t(No symbol) [0x00203E0B]\n\t(No symbol) [0x00202548]\n\t(No symbol) [0x001F6B13]\n\t(No symbol) [0x0021FD7C]\n\t(No symbol) [0x001F641F]\n\t(No symbol) [0x002200D4]\n\t(No symbol) [0x00236B09]\n\t(No symbol) [0x0021FB76]\n\t(No symbol) [0x001F49C1]\n\t(No symbol) [0x001F5E5D]\n\tGetHandleVerifier [0x005AA142+2497106]\n\tGetHandleVerifier [0x005D85D3+2686691]\n\tGetHandleVerifier [0x005DBB9C+2700460]\n\tGetHandleVerifier [0x003E3B10+635936]\n\t(No symbol) [0x002D4A1F]\n\t(No symbol) [0x002DA418]\n\t(No symbol) [0x002DA505]\n\t(No symbol) [0x002E508B]\n\tBaseThreadInitThunk [0x767B6A24+36]\n\tRtlInitializeExceptionChain [0x778FA9FF+143]\n\tRtlInitializeExceptionChain [0x778FA9CA+90]\n\n", "trace": "  File \"C:\\Users\\MIRZAS\\AppData\\Local\\Programs\\Python\\Python311\\Lib\\site-packages\\allure_commons\\_allure.py\", line 202, in impl\n    return func(*a, **kw)\n           ^^^^^^^^^^^^^^\n  File \"C:\\MIRZA\\Users\\MIRZAS\\selenium_parallel_project\\pages\\admin_page.py\", line 144, in search_user\n    ).click()\n      ^^^^^^^\n  File \"C:\\Users\\MIRZAS\\AppData\\Local\\Programs\\Python\\Python311\\Lib\\site-packages\\selenium\\webdriver\\remote\\webelement.py\", line 120, in click\n    self._execute(Command.CLICK_ELEMENT)\n  File \"C:\\Users\\MIRZAS\\AppData\\Local\\Programs\\Python\\Python311\\Lib\\site-packages\\selenium\\webdriver\\remote\\webelement.py\", line 573, in _execute\n    return self._parent.execute(command, params)\n           ^^^^^^^^^^^^^^^^^^^^^^^^^^^^^^^^^^^^^\n  File \"C:\\Users\\MIRZAS\\AppData\\Local\\Programs\\Python\\Python311\\Lib\\site-packages\\selenium\\webdriver\\remote\\webdriver.py\", line 458, in execute\n    self.error_handler.check_response(response)\n  File \"C:\\Users\\MIRZAS\\AppData\\Local\\Programs\\Python\\Python311\\Lib\\site-packages\\selenium\\webdriver\\remote\\errorhandler.py\", line 232, in check_response\n    raise exception_class(message, screen, stacktrace)\n"}, "steps": [{"name": "Select option ''Admin'' from dropdown: ('xpath', \"//label[text()='User Role']/../following-sibling::div//div[contains(@class,'oxd-select-text-input')]\")", "status": "passed", "steps": [{"name": "Find element: ('xpath', \"//label[text()='User Role']/../following-sibling::div//div[contains(@class,'oxd-select-text-input')]\")", "status": "passed", "parameters": [{"name": "locator", "value": "('xpath', \"//label[text()='User Role']/../following-sibling::div//div[contains(@class,'oxd-select-text-input')]\")"}], "start": 1758780380972, "stop": 1758780381027}], "parameters": [{"name": "locator", "value": "('xpath', \"//label[text()='User Role']/../following-sibling::div//div[contains(@class,'oxd-select-text-input')]\")"}, {"name": "option_text", "value": "'Admin'"}], "start": 1758780380972, "stop": 1758780381352}, {"name": "Select option ''Enabled'' from dropdown: ('xpath', \"//label[text()='Status']/../following-sibling::div//div[contains(@class,'oxd-select-text-input')]\")", "status": "passed", "steps": [{"name": "Find element: ('xpath', \"//label[text()='Status']/../following-sibling::div//div[contains(@class,'oxd-select-text-input')]\")", "status": "passed", "parameters": [{"name": "locator", "value": "('xpath', \"//label[text()='Status']/../following-sibling::div//div[contains(@class,'oxd-select-text-input')]\")"}], "start": 1758780381352, "stop": 1758780381416}], "parameters": [{"name": "locator", "value": "('xpath', \"//label[text()='Status']/../following-sibling::div//div[contains(@class,'oxd-select-text-input')]\")"}, {"name": "option_text", "value": "'Enabled'"}], "start": 1758780381352, "stop": 1758780381712}], "parameters": [{"name": "username", "value": "'mirza'"}, {"name": "role", "value": "'Admin'"}, {"name": "emp_name", "value": "''"}, {"name": "status", "value": "'Enabled'"}], "start": 1758780379478, "stop": 1758780382988}], "attachments": [{"name": "test_reset_existing_user_password_failure", "source": "961835ba-a719-455c-9e5f-178739ccb42f-attachment.png", "type": "image/png"}, {"name": "test_reset_existing_user_password_logs", "source": "e1ded9f0-1d0c-4cf7-9aaa-c2d07c9a128d-attachment.txt", "type": "text/plain"}, {"name": "log", "source": "1bc17a47-9657-48d2-9a00-c6008b652c91-attachment.txt", "type": "text/plain"}], "start": 1758780363587, "stop": 1758780383185, "uuid": "219949d8-45a1-4d05-8024-ef8870236bbf", "historyId": "6448419ccad9dba6401e9962a26d4b9b", "testCaseId": "6448419ccad9dba6401e9962a26d4b9b", "fullName": "tests.test_admin_page.TestAdminPage#test_reset_existing_user_password", "labels": [{"name": "feature", "value": "User Management"}, {"name": "story", "value": "Reset password for existing user"}, {"name": "epic", "value": "Admin Module"}, {"name": "parentSuite", "value": "tests"}, {"name": "suite", "value": "test_admin_page"}, {"name": "subSuite", "value": "TestAdminPage"}, {"name": "host", "value": "MIRZA"}, {"name": "thread", "value": "10136-MainThread"}, {"name": "framework", "value": "pytest"}, {"name": "language", "value": "cpython3"}, {"name": "package", "value": "tests.test_admin_page"}], "titlePath": ["tests", "test_admin_page.py", "TestAdminPage"]}