{"name": "test_edit_personal_info", "status": "broken", "statusDetails": {"message": "selenium.common.exceptions.TimeoutException: Message: \nStacktrace:\nBacktrace:\n\t(No symbol) [0x00316643]\n\t(No symbol) [0x002ABE21]\n\t(No symbol) [0x001ADA9D]\n\t(No symbol) [0x001E1342]\n\t(No symbol) [0x001E147B]\n\t(No symbol) [0x00218DC2]\n\t(No symbol) [0x001FFDC4]\n\t(No symbol) [0x00216B09]\n\t(No symbol) [0x001FFB76]\n\t(No symbol) [0x001D49C1]\n\t(No symbol) [0x001D5E5D]\n\tGetHandleVerifier [0x0058A142+2497106]\n\tGetHandleVerifier [0x005B85D3+2686691]\n\tGetHandleVerifier [0x005BBB9C+2700460]\n\tGetHandleVerifier [0x003C3B10+635936]\n\t(No symbol) [0x002B4A1F]\n\t(No symbol) [0x002BA418]\n\t(No symbol) [0x002BA505]\n\t(No symbol) [0x002C508B]\n\tBaseThreadInitThunk [0x767B6A24+36]\n\tRtlInitializeExceptionChain [0x778FA9FF+143]\n\tRtlInitializeExceptionChain [0x778FA9CA+90]\n\t(No symbol) [0x00000000]", "trace": "self = <tests.test_my_life.TestMyLifePage object at 0x00000030BF9CD7D0>\ndriver = <selenium.webdriver.chrome.webdriver.WebDriver (session=\"dcad4024d8f034efa5d113f8c1d61492\")>\n\n    @allure.story(\"Update personal info\")\n    def test_edit_personal_info(self, driver):\n        login_page = LoginPage(driver)\n        dashboard_page = DashboardPage(driver)\n        my_life_page = MyLifePage(driver)\n    \n        # Step 1: Login\n        login_page.open_login_page()\n        login_page.login(\"Admin\", \"admin123\")\n        assert dashboard_page.is_dashboard_loaded(), \"Dashboard did not load\"\n    \n        # Step 2: Open My Life tab\n        my_life_page.open_my_life_tab()\n    \n        # Step 3: Edit personal info\n        first_name = \"Mirza\"\n        last_name = \"Shakeeb\"\n>       my_life_page.edit_personal_info(first_name, last_name)\n\ntests\\test_my_life.py:27: \n_ _ _ _ _ _ _ _ _ _ _ _ _ _ _ _ _ _ _ _ _ _ _ _ _ _ _ _ _ _ _ _ _ _ _ _ _ _ _\npages\\my_life_page.py:29: in edit_personal_info\n    WebDriverWait(self.driver, self.timeout).until(\n_ _ _ _ _ _ _ _ _ _ _ _ _ _ _ _ _ _ _ _ _ _ _ _ _ _ _ _ _ _ _ _ _ _ _ _ _ _ _\n\nself = <selenium.webdriver.support.wait.WebDriverWait (session=\"dcad4024d8f034efa5d113f8c1d61492\")>\nmethod = <function element_to_be_clickable.<locals>._predicate at 0x00000030C24FF380>\nmessage = ''\n\n    def until(self, method: Callable[[D], Union[Literal[False], T]], message: str = \"\") -> T:\n        \"\"\"Wait until the method returns a value that is not False.\n    \n        Calls the method provided with the driver as an argument until the\n        return value does not evaluate to ``False``.\n    \n        Parameters:\n        -----------\n        method: callable(WebDriver)\n            - A callable object that takes a WebDriver instance as an argument.\n    \n        message: str\n            - Optional message for :exc:`TimeoutException`\n    \n        Return:\n        -------\n        object: T\n            - The result of the last call to `method`\n    \n        Raises:\n        -------\n        TimeoutException\n            - If 'method' does not return a truthy value within the WebDriverWait\n            object's timeout\n    \n        Example:\n        --------\n        >>> from selenium.webdriver.common.by import By\n        >>> from selenium.webdriver.support.ui import WebDriverWait\n        >>> from selenium.webdriver.support import expected_conditions as EC\n    \n        # Wait until an element is visible on the page\n        >>> wait = WebDriverWait(driver, 10)\n        >>> element = wait.until(EC.visibility_of_element_located((By.ID, \"exampleId\")))\n        >>> print(element.text)\n        \"\"\"\n        screen = None\n        stacktrace = None\n    \n        end_time = time.monotonic() + self._timeout\n        while True:\n            try:\n                value = method(self._driver)\n                if value:\n                    return value\n            except self._ignored_exceptions as exc:\n                screen = getattr(exc, \"screen\", None)\n                stacktrace = getattr(exc, \"stacktrace\", None)\n            if time.monotonic() > end_time:\n                break\n            time.sleep(self._poll)\n>       raise TimeoutException(message, screen, stacktrace)\nE       selenium.common.exceptions.TimeoutException: Message: \nE       Stacktrace:\nE       Backtrace:\nE       \t(No symbol) [0x00316643]\nE       \t(No symbol) [0x002ABE21]\nE       \t(No symbol) [0x001ADA9D]\nE       \t(No symbol) [0x001E1342]\nE       \t(No symbol) [0x001E147B]\nE       \t(No symbol) [0x00218DC2]\nE       \t(No symbol) [0x001FFDC4]\nE       \t(No symbol) [0x00216B09]\nE       \t(No symbol) [0x001FFB76]\nE       \t(No symbol) [0x001D49C1]\nE       \t(No symbol) [0x001D5E5D]\nE       \tGetHandleVerifier [0x0058A142+2497106]\nE       \tGetHandleVerifier [0x005B85D3+2686691]\nE       \tGetHandleVerifier [0x005BBB9C+2700460]\nE       \tGetHandleVerifier [0x003C3B10+635936]\nE       \t(No symbol) [0x002B4A1F]\nE       \t(No symbol) [0x002BA418]\nE       \t(No symbol) [0x002BA505]\nE       \t(No symbol) [0x002C508B]\nE       \tBaseThreadInitThunk [0x767B6A24+36]\nE       \tRtlInitializeExceptionChain [0x778FA9FF+143]\nE       \tRtlInitializeExceptionChain [0x778FA9CA+90]\nE       \t(No symbol) [0x00000000]\n\nC:\\Users\\MIRZAS\\AppData\\Local\\Programs\\Python\\Python311\\Lib\\site-packages\\selenium\\webdriver\\support\\wait.py:138: TimeoutException"}, "steps": [{"name": "Open OrangeHRM login page", "status": "passed", "steps": [{"name": "Open URL: 'https://opensource-demo.orangehrmlive.com/'", "status": "passed", "parameters": [{"name": "url", "value": "'https://opensource-demo.orangehrmlive.com/'"}], "start": 1758102238567, "stop": 1758102284280}], "start": 1758102238567, "stop": 1758102284280}, {"name": "Login with username: 'Admin' and password: 'admin123'", "status": "passed", "steps": [{"name": "Type ''Admin'' into element: ('name', 'username')", "status": "passed", "steps": [{"name": "Find element: ('name', 'username')", "status": "passed", "parameters": [{"name": "locator", "value": "('name', 'username')"}], "start": 1758102284288, "stop": 1758102294980}], "parameters": [{"name": "locator", "value": "('name', 'username')"}, {"name": "text", "value": "'Admin'"}], "start": 1758102284280, "stop": 1758102295304}, {"name": "Type ''admin123'' into element: ('name', 'password')", "status": "passed", "steps": [{"name": "Find element: ('name', 'password')", "status": "passed", "parameters": [{"name": "locator", "value": "('name', 'password')"}], "start": 1758102295304, "stop": 1758102295400}], "parameters": [{"name": "locator", "value": "('name', 'password')"}, {"name": "text", "value": "'admin123'"}], "start": 1758102295304, "stop": 1758102295776}, {"name": "Click element: ('xpath', \"//button[@type='submit']\")", "status": "passed", "steps": [{"name": "Find element: ('xpath', \"//button[@type='submit']\")", "status": "passed", "parameters": [{"name": "locator", "value": "('xpath', \"//button[@type='submit']\")"}], "start": 1758102295784, "stop": 1758102295864}], "parameters": [{"name": "locator", "value": "('xpath', \"//button[@type='submit']\")"}], "start": 1758102295776, "stop": 1758102297933}], "attachments": [{"name": "dashboard_loaded", "source": "df2c8e96-e624-4217-b136-3dab67f4cd23-attachment.png", "type": "image/png"}], "parameters": [{"name": "user", "value": "'Admin'"}, {"name": "pwd", "value": "'admin123'"}], "start": 1758102284280, "stop": 1758102300508}, {"name": "Validate Dashboard is loaded", "status": "passed", "attachments": [{"name": "dashboard_loaded", "source": "da6aab62-13fe-4452-9f95-1f62a93d42ff-attachment.png", "type": "image/png"}], "start": 1758102300516, "stop": 1758102301452}, {"name": "Open My Life tab", "status": "passed", "start": 1758102301452, "stop": 1758102304204}, {"name": "Edit personal info: 'Mirza' 'Shakeeb'", "status": "broken", "statusDetails": {"message": "selenium.common.exceptions.TimeoutException: Message: \nStacktrace:\nBacktrace:\n\t(No symbol) [0x00316643]\n\t(No symbol) [0x002ABE21]\n\t(No symbol) [0x001ADA9D]\n\t(No symbol) [0x001E1342]\n\t(No symbol) [0x001E147B]\n\t(No symbol) [0x00218DC2]\n\t(No symbol) [0x001FFDC4]\n\t(No symbol) [0x00216B09]\n\t(No symbol) [0x001FFB76]\n\t(No symbol) [0x001D49C1]\n\t(No symbol) [0x001D5E5D]\n\tGetHandleVerifier [0x0058A142+2497106]\n\tGetHandleVerifier [0x005B85D3+2686691]\n\tGetHandleVerifier [0x005BBB9C+2700460]\n\tGetHandleVerifier [0x003C3B10+635936]\n\t(No symbol) [0x002B4A1F]\n\t(No symbol) [0x002BA418]\n\t(No symbol) [0x002BA505]\n\t(No symbol) [0x002C508B]\n\tBaseThreadInitThunk [0x767B6A24+36]\n\tRtlInitializeExceptionChain [0x778FA9FF+143]\n\tRtlInitializeExceptionChain [0x778FA9CA+90]\n\t(No symbol) [0x00000000]\n\n", "trace": "  File \"C:\\Users\\MIRZAS\\AppData\\Local\\Programs\\Python\\Python311\\Lib\\site-packages\\allure_commons\\_allure.py\", line 202, in impl\n    return func(*a, **kw)\n           ^^^^^^^^^^^^^^\n  File \"C:\\MIRZA\\Users\\MIRZAS\\selenium_parallel_project\\pages\\my_life_page.py\", line 29, in edit_personal_info\n    WebDriverWait(self.driver, self.timeout).until(\n  File \"C:\\Users\\MIRZAS\\AppData\\Local\\Programs\\Python\\Python311\\Lib\\site-packages\\selenium\\webdriver\\support\\wait.py\", line 138, in until\n    raise TimeoutException(message, screen, stacktrace)\n"}, "parameters": [{"name": "first_name", "value": "'Mirza'"}, {"name": "last_name", "value": "'Shakeeb'"}], "start": 1758102304204, "stop": 1758102314455}], "attachments": [{"name": "test_edit_personal_info_failure", "source": "de38d424-2cb0-44c1-b10d-2cb66efe6ef3-attachment.png", "type": "image/png"}, {"name": "test_edit_personal_info_logs", "source": "0d49c350-e37d-48e6-983d-17b5abe8752c-attachment.txt", "type": "text/plain"}, {"name": "log", "source": "011e026f-c310-42b7-83dd-4965c4ad84a7-attachment.txt", "type": "text/plain"}], "start": 1758102238567, "stop": 1758102314455, "uuid": "710fc64f-d920-4f5f-a9c2-76028ec2bd9c", "historyId": "989220c85cc143ea1a026af156db4b48", "testCaseId": "989220c85cc143ea1a026af156db4b48", "fullName": "tests.test_my_life.TestMyLifePage#test_edit_personal_info", "labels": [{"name": "story", "value": "Update personal info"}, {"name": "parentSuite", "value": "tests"}, {"name": "suite", "value": "test_my_life"}, {"name": "subSuite", "value": "TestMyLifePage"}, {"name": "host", "value": "MIRZA"}, {"name": "thread", "value": "4368-MainThread"}, {"name": "framework", "value": "pytest"}, {"name": "language", "value": "cpython3"}, {"name": "package", "value": "tests.test_my_life"}], "titlePath": ["tests", "test_my_life.py", "TestMyLifePage"]}