{"name": "test_edit_existing_user", "status": "broken", "statusDetails": {"message": "selenium.common.exceptions.TimeoutException: Message: \nStacktrace:\nBacktrace:\n\t(No symbol) [0x00336643]\n\t(No symbol) [0x002CBE21]\n\t(No symbol) [0x001CDA9D]\n\t(No symbol) [0x00201342]\n\t(No symbol) [0x0020147B]\n\t(No symbol) [0x00238DC2]\n\t(No symbol) [0x0021FDC4]\n\t(No symbol) [0x00236B09]\n\t(No symbol) [0x0021FB76]\n\t(No symbol) [0x001F49C1]\n\t(No symbol) [0x001F5E5D]\n\tGetHandleVerifier [0x005AA142+2497106]\n\tGetHandleVerifier [0x005D85D3+2686691]\n\tGetHandleVerifier [0x005DBB9C+2700460]\n\tGetHandleVerifier [0x003E3B10+635936]\n\t(No symbol) [0x002D4A1F]\n\t(No symbol) [0x002DA418]\n\t(No symbol) [0x002DA505]\n\t(No symbol) [0x002E508B]\n\tBaseThreadInitThunk [0x767B6A24+36]\n\tRtlInitializeExceptionChain [0x778FA9FF+143]\n\tRtlInitializeExceptionChain [0x778FA9CA+90]", "trace": "self = <tests.test_admin_page.TestAdminPage object at 0x000000738B878F50>\ndriver = <selenium.webdriver.chrome.webdriver.WebDriver (session=\"f93c3b5f62ba37ddfe3f362160202ce5\")>\n\n    @allure.story(\"Edit existing user\")\n    def test_edit_existing_user(self, driver):\n        login_page = LoginPage(driver)\n        dashboard_page = DashboardPage(driver)\n        admin_page = AdminPage(driver)\n    \n        # Login\n        login_page.open_login_page()\n        login_page.login(\"Admin\", \"admin123\")\n        assert dashboard_page.is_dashboard_loaded(), \"Dashboard did not load\"\n    \n        # Open Admin tab\n        admin_page.open_admin_tab()\n    \n        # Search for the existing user\n        existing_username = \"mirza\"\n        admin_page.search_user(\n            username=existing_username,\n            role=\"Admin\",\n            status=\"Enabled\"\n        )\n    \n        #Edit user details and change password in ONE call\n>       admin_page.edit_user(\n            username=existing_username,\n            new_role=\"ESS\",\n            new_status=\"Disabled\",\n        )\n\ntests\\test_admin_page.py:133: \n_ _ _ _ _ _ _ _ _ _ _ _ _ _ _ _ _ _ _ _ _ _ _ _ _ _ _ _ _ _ _ _ _ _ _ _ _ _ _\npages\\admin_page.py:215: in edit_user\n    WebDriverWait(self.driver, self.timeout).until(\n_ _ _ _ _ _ _ _ _ _ _ _ _ _ _ _ _ _ _ _ _ _ _ _ _ _ _ _ _ _ _ _ _ _ _ _ _ _ _\n\nself = <selenium.webdriver.support.wait.WebDriverWait (session=\"f93c3b5f62ba37ddfe3f362160202ce5\")>\nmethod = <function element_to_be_clickable.<locals>._predicate at 0x000000738BD60A40>\nmessage = ''\n\n    def until(self, method: Callable[[D], Union[Literal[False], T]], message: str = \"\") -> T:\n        \"\"\"Wait until the method returns a value that is not False.\n    \n        Calls the method provided with the driver as an argument until the\n        return value does not evaluate to ``False``.\n    \n        Parameters:\n        -----------\n        method: callable(WebDriver)\n            - A callable object that takes a WebDriver instance as an argument.\n    \n        message: str\n            - Optional message for :exc:`TimeoutException`\n    \n        Return:\n        -------\n        object: T\n            - The result of the last call to `method`\n    \n        Raises:\n        -------\n        TimeoutException\n            - If 'method' does not return a truthy value within the WebDriverWait\n            object's timeout\n    \n        Example:\n        --------\n        >>> from selenium.webdriver.common.by import By\n        >>> from selenium.webdriver.support.ui import WebDriverWait\n        >>> from selenium.webdriver.support import expected_conditions as EC\n    \n        # Wait until an element is visible on the page\n        >>> wait = WebDriverWait(driver, 10)\n        >>> element = wait.until(EC.visibility_of_element_located((By.ID, \"exampleId\")))\n        >>> print(element.text)\n        \"\"\"\n        screen = None\n        stacktrace = None\n    \n        end_time = time.monotonic() + self._timeout\n        while True:\n            try:\n                value = method(self._driver)\n                if value:\n                    return value\n            except self._ignored_exceptions as exc:\n                screen = getattr(exc, \"screen\", None)\n                stacktrace = getattr(exc, \"stacktrace\", None)\n            if time.monotonic() > end_time:\n                break\n            time.sleep(self._poll)\n>       raise TimeoutException(message, screen, stacktrace)\nE       selenium.common.exceptions.TimeoutException: Message: \nE       Stacktrace:\nE       Backtrace:\nE       \t(No symbol) [0x00336643]\nE       \t(No symbol) [0x002CBE21]\nE       \t(No symbol) [0x001CDA9D]\nE       \t(No symbol) [0x00201342]\nE       \t(No symbol) [0x0020147B]\nE       \t(No symbol) [0x00238DC2]\nE       \t(No symbol) [0x0021FDC4]\nE       \t(No symbol) [0x00236B09]\nE       \t(No symbol) [0x0021FB76]\nE       \t(No symbol) [0x001F49C1]\nE       \t(No symbol) [0x001F5E5D]\nE       \tGetHandleVerifier [0x005AA142+2497106]\nE       \tGetHandleVerifier [0x005D85D3+2686691]\nE       \tGetHandleVerifier [0x005DBB9C+2700460]\nE       \tGetHandleVerifier [0x003E3B10+635936]\nE       \t(No symbol) [0x002D4A1F]\nE       \t(No symbol) [0x002DA418]\nE       \t(No symbol) [0x002DA505]\nE       \t(No symbol) [0x002E508B]\nE       \tBaseThreadInitThunk [0x767B6A24+36]\nE       \tRtlInitializeExceptionChain [0x778FA9FF+143]\nE       \tRtlInitializeExceptionChain [0x778FA9CA+90]\n\nC:\\Users\\MIRZAS\\AppData\\Local\\Programs\\Python\\Python311\\Lib\\site-packages\\selenium\\webdriver\\support\\wait.py:138: TimeoutException"}, "steps": [{"name": "Open OrangeHRM login page", "status": "passed", "steps": [{"name": "Open URL: 'https://opensource-demo.orangehrmlive.com/'", "status": "passed", "parameters": [{"name": "url", "value": "'https://opensource-demo.orangehrmlive.com/'"}], "start": 1758778772418, "stop": 1758778777490}], "start": 1758778772418, "stop": 1758778777490}, {"name": "Login with username: 'Admin' and password: 'admin123'", "status": "passed", "steps": [{"name": "Type ''Admin'' into element: ('name', 'username')", "status": "passed", "steps": [{"name": "Find element: ('name', 'username')", "status": "passed", "parameters": [{"name": "locator", "value": "('name', 'username')"}], "start": 1758778777490, "stop": 1758778779053}], "parameters": [{"name": "locator", "value": "('name', 'username')"}, {"name": "text", "value": "'Admin'"}], "start": 1758778777490, "stop": 1758778779445}, {"name": "Type ''admin123'' into element: ('name', 'password')", "status": "passed", "steps": [{"name": "Find element: ('name', 'password')", "status": "passed", "parameters": [{"name": "locator", "value": "('name', 'password')"}], "start": 1758778779453, "stop": 1758778779541}], "parameters": [{"name": "locator", "value": "('name', 'password')"}, {"name": "text", "value": "'admin123'"}], "start": 1758778779453, "stop": 1758778780109}, {"name": "Click element: ('xpath', \"//button[@type='submit']\")", "status": "passed", "steps": [{"name": "Find element: ('xpath', \"//button[@type='submit']\")", "status": "passed", "parameters": [{"name": "locator", "value": "('xpath', \"//button[@type='submit']\")"}], "start": 1758778780109, "stop": 1758778780181}], "parameters": [{"name": "locator", "value": "('xpath', \"//button[@type='submit']\")"}], "start": 1758778780109, "stop": 1758778780461}], "attachments": [{"name": "dashboard_loaded", "source": "bbaaec35-9a71-444f-acbc-2dc9d05da42e-attachment.png", "type": "image/png"}], "parameters": [{"name": "user", "value": "'Admin'"}, {"name": "pwd", "value": "'admin123'"}], "start": 1758778777490, "stop": 1758778785853}, {"name": "Validate Dashboard is loaded", "status": "passed", "attachments": [{"name": "dashboard_loaded", "source": "85423001-6aa2-4393-8a4c-aad6b7be9013-attachment.png", "type": "image/png"}], "start": 1758778785853, "stop": 1758778786623}, {"name": "Open Admin Tab", "status": "passed", "start": 1758778786623, "stop": 1758778788369}, {"name": "Search user: 'mirza'", "status": "passed", "steps": [{"name": "Select option ''Admin'' from dropdown: ('xpath', \"//label[text()='User Role']/../following-sibling::div//div[contains(@class,'oxd-select-text-input')]\")", "status": "passed", "steps": [{"name": "Find element: ('xpath', \"//label[text()='User Role']/../following-sibling::div//div[contains(@class,'oxd-select-text-input')]\")", "status": "passed", "parameters": [{"name": "locator", "value": "('xpath', \"//label[text()='User Role']/../following-sibling::div//div[contains(@class,'oxd-select-text-input')]\")"}], "start": 1758778790176, "stop": 1758778790248}], "parameters": [{"name": "locator", "value": "('xpath', \"//label[text()='User Role']/../following-sibling::div//div[contains(@class,'oxd-select-text-input')]\")"}, {"name": "option_text", "value": "'Admin'"}], "start": 1758778790176, "stop": 1758778790560}, {"name": "Select option ''Enabled'' from dropdown: ('xpath', \"//label[text()='Status']/../following-sibling::div//div[contains(@class,'oxd-select-text-input')]\")", "status": "passed", "steps": [{"name": "Find element: ('xpath', \"//label[text()='Status']/../following-sibling::div//div[contains(@class,'oxd-select-text-input')]\")", "status": "passed", "parameters": [{"name": "locator", "value": "('xpath', \"//label[text()='Status']/../following-sibling::div//div[contains(@class,'oxd-select-text-input')]\")"}], "start": 1758778790560, "stop": 1758778790624}], "parameters": [{"name": "locator", "value": "('xpath', \"//label[text()='Status']/../following-sibling::div//div[contains(@class,'oxd-select-text-input')]\")"}, {"name": "option_text", "value": "'Enabled'"}], "start": 1758778790560, "stop": 1758778790920}], "parameters": [{"name": "username", "value": "'mirza'"}, {"name": "role", "value": "'Admin'"}, {"name": "emp_name", "value": "''"}, {"name": "status", "value": "'Enabled'"}], "start": 1758778788369, "stop": 1758778791147}, {"name": "Edit user: 'mirza'", "status": "broken", "statusDetails": {"message": "selenium.common.exceptions.TimeoutException: Message: \nStacktrace:\nBacktrace:\n\t(No symbol) [0x00336643]\n\t(No symbol) [0x002CBE21]\n\t(No symbol) [0x001CDA9D]\n\t(No symbol) [0x00201342]\n\t(No symbol) [0x0020147B]\n\t(No symbol) [0x00238DC2]\n\t(No symbol) [0x0021FDC4]\n\t(No symbol) [0x00236B09]\n\t(No symbol) [0x0021FB76]\n\t(No symbol) [0x001F49C1]\n\t(No symbol) [0x001F5E5D]\n\tGetHandleVerifier [0x005AA142+2497106]\n\tGetHandleVerifier [0x005D85D3+2686691]\n\tGetHandleVerifier [0x005DBB9C+2700460]\n\tGetHandleVerifier [0x003E3B10+635936]\n\t(No symbol) [0x002D4A1F]\n\t(No symbol) [0x002DA418]\n\t(No symbol) [0x002DA505]\n\t(No symbol) [0x002E508B]\n\tBaseThreadInitThunk [0x767B6A24+36]\n\tRtlInitializeExceptionChain [0x778FA9FF+143]\n\tRtlInitializeExceptionChain [0x778FA9CA+90]\n\n", "trace": "  File \"C:\\Users\\MIRZAS\\AppData\\Local\\Programs\\Python\\Python311\\Lib\\site-packages\\allure_commons\\_allure.py\", line 202, in impl\n    return func(*a, **kw)\n           ^^^^^^^^^^^^^^\n  File \"C:\\MIRZA\\Users\\MIRZAS\\selenium_parallel_project\\pages\\admin_page.py\", line 215, in edit_user\n    WebDriverWait(self.driver, self.timeout).until(\n  File \"C:\\Users\\MIRZAS\\AppData\\Local\\Programs\\Python\\Python311\\Lib\\site-packages\\selenium\\webdriver\\support\\wait.py\", line 138, in until\n    raise TimeoutException(message, screen, stacktrace)\n"}, "parameters": [{"name": "username", "value": "'mirza'"}, {"name": "new_role", "value": "'ESS'"}, {"name": "new_status", "value": "'Disabled'"}, {"name": "change_password", "value": "False"}, {"name": "new_password", "value": "None"}, {"name": "change_password_checkbox", "value": "None"}], "start": 1758778791147, "stop": 1758778801261}], "attachments": [{"name": "test_edit_existing_user_failure", "source": "c335f83d-237b-4449-863e-cdead85a40d1-attachment.png", "type": "image/png"}, {"name": "test_edit_existing_user_logs", "source": "7321d004-a588-427b-9e7a-546550f221e9-attachment.txt", "type": "text/plain"}, {"name": "log", "source": "03267171-94c4-4562-a033-713912d7121c-attachment.txt", "type": "text/plain"}], "start": 1758778772418, "stop": 1758778801261, "uuid": "71ed10a8-094c-4b5d-bda8-1f64870e623c", "historyId": "1d674764760d1b71ecae5f2d9998f66b", "testCaseId": "1d674764760d1b71ecae5f2d9998f66b", "fullName": "tests.test_admin_page.TestAdminPage#test_edit_existing_user", "labels": [{"name": "epic", "value": "Admin Module"}, {"name": "story", "value": "Edit existing user"}, {"name": "feature", "value": "User Management"}, {"name": "parentSuite", "value": "tests"}, {"name": "suite", "value": "test_admin_page"}, {"name": "subSuite", "value": "TestAdminPage"}, {"name": "host", "value": "MIRZA"}, {"name": "thread", "value": "9380-MainThread"}, {"name": "framework", "value": "pytest"}, {"name": "language", "value": "cpython3"}, {"name": "package", "value": "tests.test_admin_page"}], "titlePath": ["tests", "test_admin_page.py", "TestAdminPage"]}