{"name": "test_admin_full_flow", "status": "broken", "statusDetails": {"message": "selenium.common.exceptions.TimeoutException: Message: \nStacktrace:\nBacktrace:\n\t(No symbol) [0x00316643]\n\t(No symbol) [0x002ABE21]\n\t(No symbol) [0x001ADA9D]\n\t(No symbol) [0x001E1342]\n\t(No symbol) [0x001E147B]\n\t(No symbol) [0x00218DC2]\n\t(No symbol) [0x001FFDC4]\n\t(No symbol) [0x00216B09]\n\t(No symbol) [0x001FFB76]\n\t(No symbol) [0x001D49C1]\n\t(No symbol) [0x001D5E5D]\n\tGetHandleVerifier [0x0058A142+2497106]\n\tGetHandleVerifier [0x005B85D3+2686691]\n\tGetHandleVerifier [0x005BBB9C+2700460]\n\tGetHandleVerifier [0x003C3B10+635936]\n\t(No symbol) [0x002B4A1F]\n\t(No symbol) [0x002BA418]\n\t(No symbol) [0x002BA505]\n\t(No symbol) [0x002C508B]\n\tBaseThreadInitThunk [0x767B6A24+36]\n\tRtlInitializeExceptionChain [0x778FA9FF+143]\n\tRtlInitializeExceptionChain [0x778FA9CA+90]\n\t(No symbol) [0x00000000]", "trace": "self = <tests.test_admin_page.TestAdminPage object at 0x00000050F6F74B50>\ndriver = <selenium.webdriver.chrome.webdriver.WebDriver (session=\"2a218067b6eabd5f3833d43c32620b8c\")>\n\n    @allure.story(\"Full Admin flow: Add, Search, Reset, Delete user\")\n    def test_admin_full_flow(self, driver):\n        login_page = LoginPage(driver)\n        dashboard_page = DashboardPage(driver)\n        admin_page = AdminPage(driver)\n    \n        # Step 1: Login as Admin\n        with allure.step(\"Login as Admin\"):\n            login_page.open_login_page()\n            login_page.login(\"Admin\", \"admin123\")\n            assert dashboard_page.is_dashboard_loaded(), \"Dashboard did not load\"\n    \n        # Step 2: Navigate to Admin tab\n        with allure.step(\"Open Admin tab\"):\n            admin_page.open_admin_tab()\n    \n        # Step 3: Add new user\n        username_to_add = \"test_admin1\"\n        employee_name = \"Amelia  Amelia\"\n        with allure.step(f\"Add new user: {username_to_add}\"):\n            admin_page.click_add_button()  # Waits for Add User form\n            admin_page.add_new_user(\n                role=\"Admin\",\n                emp_name=employee_name,  # Employee autocomplete handled\n                username=username_to_add,\n                status=\"Enabled\",\n                password=\"Test@1234\"\n            )\n>           admin_page.wait_for_success_message()\n\ntests\\test_admin_page.py:38: \n_ _ _ _ _ _ _ _ _ _ _ _ _ _ _ _ _ _ _ _ _ _ _ _ _ _ _ _ _ _ _ _ _ _ _ _ _ _ _\npages\\admin_page.py:140: in wait_for_success_message\n    WebDriverWait(self.driver, self.timeout).until(\n_ _ _ _ _ _ _ _ _ _ _ _ _ _ _ _ _ _ _ _ _ _ _ _ _ _ _ _ _ _ _ _ _ _ _ _ _ _ _\n\nself = <selenium.webdriver.support.wait.WebDriverWait (session=\"2a218067b6eabd5f3833d43c32620b8c\")>\nmethod = <function visibility_of_element_located.<locals>._predicate at 0x00000050F6FCBEC0>\nmessage = ''\n\n    def until(self, method: Callable[[D], Union[Literal[False], T]], message: str = \"\") -> T:\n        \"\"\"Wait until the method returns a value that is not False.\n    \n        Calls the method provided with the driver as an argument until the\n        return value does not evaluate to ``False``.\n    \n        Parameters:\n        -----------\n        method: callable(WebDriver)\n            - A callable object that takes a WebDriver instance as an argument.\n    \n        message: str\n            - Optional message for :exc:`TimeoutException`\n    \n        Return:\n        -------\n        object: T\n            - The result of the last call to `method`\n    \n        Raises:\n        -------\n        TimeoutException\n            - If 'method' does not return a truthy value within the WebDriverWait\n            object's timeout\n    \n        Example:\n        --------\n        >>> from selenium.webdriver.common.by import By\n        >>> from selenium.webdriver.support.ui import WebDriverWait\n        >>> from selenium.webdriver.support import expected_conditions as EC\n    \n        # Wait until an element is visible on the page\n        >>> wait = WebDriverWait(driver, 10)\n        >>> element = wait.until(EC.visibility_of_element_located((By.ID, \"exampleId\")))\n        >>> print(element.text)\n        \"\"\"\n        screen = None\n        stacktrace = None\n    \n        end_time = time.monotonic() + self._timeout\n        while True:\n            try:\n                value = method(self._driver)\n                if value:\n                    return value\n            except self._ignored_exceptions as exc:\n                screen = getattr(exc, \"screen\", None)\n                stacktrace = getattr(exc, \"stacktrace\", None)\n            if time.monotonic() > end_time:\n                break\n            time.sleep(self._poll)\n>       raise TimeoutException(message, screen, stacktrace)\nE       selenium.common.exceptions.TimeoutException: Message: \nE       Stacktrace:\nE       Backtrace:\nE       \t(No symbol) [0x00316643]\nE       \t(No symbol) [0x002ABE21]\nE       \t(No symbol) [0x001ADA9D]\nE       \t(No symbol) [0x001E1342]\nE       \t(No symbol) [0x001E147B]\nE       \t(No symbol) [0x00218DC2]\nE       \t(No symbol) [0x001FFDC4]\nE       \t(No symbol) [0x00216B09]\nE       \t(No symbol) [0x001FFB76]\nE       \t(No symbol) [0x001D49C1]\nE       \t(No symbol) [0x001D5E5D]\nE       \tGetHandleVerifier [0x0058A142+2497106]\nE       \tGetHandleVerifier [0x005B85D3+2686691]\nE       \tGetHandleVerifier [0x005BBB9C+2700460]\nE       \tGetHandleVerifier [0x003C3B10+635936]\nE       \t(No symbol) [0x002B4A1F]\nE       \t(No symbol) [0x002BA418]\nE       \t(No symbol) [0x002BA505]\nE       \t(No symbol) [0x002C508B]\nE       \tBaseThreadInitThunk [0x767B6A24+36]\nE       \tRtlInitializeExceptionChain [0x778FA9FF+143]\nE       \tRtlInitializeExceptionChain [0x778FA9CA+90]\nE       \t(No symbol) [0x00000000]\n\nC:\\Users\\MIRZAS\\AppData\\Local\\Programs\\Python\\Python311\\Lib\\site-packages\\selenium\\webdriver\\support\\wait.py:138: TimeoutException"}, "steps": [{"name": "Login as Admin", "status": "passed", "steps": [{"name": "Open OrangeHRM login page", "status": "passed", "steps": [{"name": "Open URL: 'https://opensource-demo.orangehrmlive.com/'", "status": "passed", "parameters": [{"name": "url", "value": "'https://opensource-demo.orangehrmlive.com/'"}], "start": 1758101083464, "stop": 1758101108692}], "start": 1758101083464, "stop": 1758101108692}, {"name": "Login with username: 'Admin' and password: 'admin123'", "status": "passed", "steps": [{"name": "Type ''Admin'' into element: ('name', 'username')", "status": "passed", "steps": [{"name": "Find element: ('name', 'username')", "status": "passed", "parameters": [{"name": "locator", "value": "('name', 'username')"}], "start": 1758101108692, "stop": 1758101111870}], "parameters": [{"name": "locator", "value": "('name', 'username')"}, {"name": "text", "value": "'Admin'"}], "start": 1758101108692, "stop": 1758101112286}, {"name": "Type ''admin123'' into element: ('name', 'password')", "status": "passed", "steps": [{"name": "Find element: ('name', 'password')", "status": "passed", "parameters": [{"name": "locator", "value": "('name', 'password')"}], "start": 1758101112286, "stop": 1758101112398}], "parameters": [{"name": "locator", "value": "('name', 'password')"}, {"name": "text", "value": "'admin123'"}], "start": 1758101112286, "stop": 1758101112846}, {"name": "Click element: ('xpath', \"//button[@type='submit']\")", "status": "passed", "steps": [{"name": "Find element: ('xpath', \"//button[@type='submit']\")", "status": "passed", "parameters": [{"name": "locator", "value": "('xpath', \"//button[@type='submit']\")"}], "start": 1758101112846, "stop": 1758101112926}], "parameters": [{"name": "locator", "value": "('xpath', \"//button[@type='submit']\")"}], "start": 1758101112846, "stop": 1758101115014}], "attachments": [{"name": "dashboard_loaded", "source": "13fad245-4734-4934-8ab7-cbbf840e1f0b-attachment.png", "type": "image/png"}], "parameters": [{"name": "user", "value": "'Admin'"}, {"name": "pwd", "value": "'admin123'"}], "start": 1758101108692, "stop": 1758101117633}, {"name": "Validate Dashboard is loaded", "status": "passed", "attachments": [{"name": "dashboard_loaded", "source": "cb01eb9c-367a-4b29-ac0b-53fdb782a2f1-attachment.png", "type": "image/png"}], "start": 1758101117633, "stop": 1758101118281}], "start": 1758101083456, "stop": 1758101118281}, {"name": "Open Admin tab", "status": "passed", "steps": [{"name": "Open Admin Tab", "status": "passed", "start": 1758101118281, "stop": 1758101121601}], "start": 1758101118281, "stop": 1758101121601}, {"name": "Add new user: test_admin1", "status": "broken", "statusDetails": {"message": "selenium.common.exceptions.TimeoutException: Message: \nStacktrace:\nBacktrace:\n\t(No symbol) [0x00316643]\n\t(No symbol) [0x002ABE21]\n\t(No symbol) [0x001ADA9D]\n\t(No symbol) [0x001E1342]\n\t(No symbol) [0x001E147B]\n\t(No symbol) [0x00218DC2]\n\t(No symbol) [0x001FFDC4]\n\t(No symbol) [0x00216B09]\n\t(No symbol) [0x001FFB76]\n\t(No symbol) [0x001D49C1]\n\t(No symbol) [0x001D5E5D]\n\tGetHandleVerifier [0x0058A142+2497106]\n\tGetHandleVerifier [0x005B85D3+2686691]\n\tGetHandleVerifier [0x005BBB9C+2700460]\n\tGetHandleVerifier [0x003C3B10+635936]\n\t(No symbol) [0x002B4A1F]\n\t(No symbol) [0x002BA418]\n\t(No symbol) [0x002BA505]\n\t(No symbol) [0x002C508B]\n\tBaseThreadInitThunk [0x767B6A24+36]\n\tRtlInitializeExceptionChain [0x778FA9FF+143]\n\tRtlInitializeExceptionChain [0x778FA9CA+90]\n\t(No symbol) [0x00000000]\n\n", "trace": "  File \"C:\\MIRZA\\Users\\MIRZAS\\selenium_parallel_project\\tests\\test_admin_page.py\", line 38, in test_admin_full_flow\n    admin_page.wait_for_success_message()\n  File \"C:\\Users\\MIRZAS\\AppData\\Local\\Programs\\Python\\Python311\\Lib\\site-packages\\allure_commons\\_allure.py\", line 202, in impl\n    return func(*a, **kw)\n           ^^^^^^^^^^^^^^\n  File \"C:\\MIRZA\\Users\\MIRZAS\\selenium_parallel_project\\pages\\admin_page.py\", line 140, in wait_for_success_message\n    WebDriverWait(self.driver, self.timeout).until(\n  File \"C:\\Users\\MIRZAS\\AppData\\Local\\Programs\\Python\\Python311\\Lib\\site-packages\\selenium\\webdriver\\support\\wait.py\", line 138, in until\n    raise TimeoutException(message, screen, stacktrace)\n"}, "steps": [{"name": "Click Add User button", "status": "passed", "start": 1758101121601, "stop": 1758101125535}, {"name": "Add new user: 'test_admin1'", "status": "passed", "steps": [{"name": "Select option ''Admin'' from dropdown: ('xpath', \"//label[text()='User Role']/../following-sibling::div//div[contains(@class,'oxd-select-text-input')]\")", "status": "passed", "steps": [{"name": "Find element: ('xpath', \"//label[text()='User Role']/../following-sibling::div//div[contains(@class,'oxd-select-text-input')]\")", "status": "passed", "parameters": [{"name": "locator", "value": "('xpath', \"//label[text()='User Role']/../following-sibling::div//div[contains(@class,'oxd-select-text-input')]\")"}], "start": 1758101125535, "stop": 1758101125772}], "parameters": [{"name": "locator", "value": "('xpath', \"//label[text()='User Role']/../following-sibling::div//div[contains(@class,'oxd-select-text-input')]\")"}, {"name": "option_text", "value": "'Admin'"}], "start": 1758101125535, "stop": 1758101126176}, {"name": "Select option ''Enabled'' from dropdown: ('xpath', \"//label[text()='Status']/../following-sibling::div//div[contains(@class,'oxd-select-text-input')]\")", "status": "passed", "steps": [{"name": "Find element: ('xpath', \"//label[text()='Status']/../following-sibling::div//div[contains(@class,'oxd-select-text-input')]\")", "status": "passed", "parameters": [{"name": "locator", "value": "('xpath', \"//label[text()='Status']/../following-sibling::div//div[contains(@class,'oxd-select-text-input')]\")"}], "start": 1758101129170, "stop": 1758101129242}], "parameters": [{"name": "locator", "value": "('xpath', \"//label[text()='Status']/../following-sibling::div//div[contains(@class,'oxd-select-text-input')]\")"}, {"name": "option_text", "value": "'Enabled'"}], "start": 1758101129170, "stop": 1758101129509}], "parameters": [{"name": "role", "value": "'Admin'"}, {"name": "emp_name", "value": "'Amelia  Amelia'"}, {"name": "username", "value": "'test_admin1'"}, {"name": "status", "value": "'Enabled'"}, {"name": "password", "value": "'Test@1234'"}], "start": 1758101125535, "stop": 1758101130342}, {"name": "Wait for success message", "status": "broken", "statusDetails": {"message": "selenium.common.exceptions.TimeoutException: Message: \nStacktrace:\nBacktrace:\n\t(No symbol) [0x00316643]\n\t(No symbol) [0x002ABE21]\n\t(No symbol) [0x001ADA9D]\n\t(No symbol) [0x001E1342]\n\t(No symbol) [0x001E147B]\n\t(No symbol) [0x00218DC2]\n\t(No symbol) [0x001FFDC4]\n\t(No symbol) [0x00216B09]\n\t(No symbol) [0x001FFB76]\n\t(No symbol) [0x001D49C1]\n\t(No symbol) [0x001D5E5D]\n\tGetHandleVerifier [0x0058A142+2497106]\n\tGetHandleVerifier [0x005B85D3+2686691]\n\tGetHandleVerifier [0x005BBB9C+2700460]\n\tGetHandleVerifier [0x003C3B10+635936]\n\t(No symbol) [0x002B4A1F]\n\t(No symbol) [0x002BA418]\n\t(No symbol) [0x002BA505]\n\t(No symbol) [0x002C508B]\n\tBaseThreadInitThunk [0x767B6A24+36]\n\tRtlInitializeExceptionChain [0x778FA9FF+143]\n\tRtlInitializeExceptionChain [0x778FA9CA+90]\n\t(No symbol) [0x00000000]\n\n", "trace": "  File \"C:\\Users\\MIRZAS\\AppData\\Local\\Programs\\Python\\Python311\\Lib\\site-packages\\allure_commons\\_allure.py\", line 202, in impl\n    return func(*a, **kw)\n           ^^^^^^^^^^^^^^\n  File \"C:\\MIRZA\\Users\\MIRZAS\\selenium_parallel_project\\pages\\admin_page.py\", line 140, in wait_for_success_message\n    WebDriverWait(self.driver, self.timeout).until(\n  File \"C:\\Users\\MIRZAS\\AppData\\Local\\Programs\\Python\\Python311\\Lib\\site-packages\\selenium\\webdriver\\support\\wait.py\", line 138, in until\n    raise TimeoutException(message, screen, stacktrace)\n"}, "start": 1758101130342, "stop": 1758101140378}], "start": 1758101121601, "stop": 1758101140378}], "attachments": [{"name": "test_admin_full_flow_failure", "source": "d32bee99-e1b3-4b31-8db0-7d4ebba0fc82-attachment.png", "type": "image/png"}, {"name": "test_admin_full_flow_logs", "source": "fb49e7f7-e2d1-4def-8f5d-85cd4ed1ff80-attachment.txt", "type": "text/plain"}, {"name": "log", "source": "1ac7ab64-a66c-4006-99e3-32156a2d5ea8-attachment.txt", "type": "text/plain"}], "start": 1758101083456, "stop": 1758101140386, "uuid": "f07994f8-a781-435f-b62a-22b50d853c42", "historyId": "6636cf8e348d394fab9cf5e3f5bf57b0", "testCaseId": "6636cf8e348d394fab9cf5e3f5bf57b0", "fullName": "tests.test_admin_page.TestAdminPage#test_admin_full_flow", "labels": [{"name": "epic", "value": "Admin Module"}, {"name": "feature", "value": "User Management"}, {"name": "story", "value": "Full Admin flow: Add, Search, Reset, Delete user"}, {"name": "parentSuite", "value": "tests"}, {"name": "suite", "value": "test_admin_page"}, {"name": "subSuite", "value": "TestAdminPage"}, {"name": "host", "value": "MIRZA"}, {"name": "thread", "value": "196-MainThread"}, {"name": "framework", "value": "pytest"}, {"name": "language", "value": "cpython3"}, {"name": "package", "value": "tests.test_admin_page"}], "titlePath": ["tests", "test_admin_page.py", "TestAdminPage"]}