{"name": "test_reset_existing_user_password", "status": "broken", "statusDetails": {"message": "selenium.common.exceptions.TimeoutException: Message: \nStacktrace:\nBacktrace:\n\t(No symbol) [0x01336643]\n\t(No symbol) [0x012CBE21]\n\t(No symbol) [0x011CDA9D]\n\t(No symbol) [0x01201342]\n\t(No symbol) [0x0120147B]\n\t(No symbol) [0x01238DC2]\n\t(No symbol) [0x0121FDC4]\n\t(No symbol) [0x01236B09]\n\t(No symbol) [0x0121FB76]\n\t(No symbol) [0x011F49C1]\n\t(No symbol) [0x011F5E5D]\n\tGetHandleVerifier [0x015AA142+2497106]\n\tGetHandleVerifier [0x015D85D3+2686691]\n\tGetHandleVerifier [0x015DBB9C+2700460]\n\tGetHandleVerifier [0x013E3B10+635936]\n\t(No symbol) [0x012D4A1F]\n\t(No symbol) [0x012DA418]\n\t(No symbol) [0x012DA505]\n\t(No symbol) [0x012E508B]\n\tBaseThreadInitThunk [0x767B6A24+36]\n\tRtlInitializeExceptionChain [0x778FA9FF+143]\n\tRtlInitializeExceptionChain [0x778FA9CA+90]", "trace": "self = <tests.test_admin_page.TestAdminPage object at 0x00000039B0D39D90>\ndriver = <selenium.webdriver.chrome.webdriver.WebDriver (session=\"830110864054ac797df8f0981826d5de\")>\n\n    @allure.story(\"Reset password for existing user\")\n    def test_reset_existing_user_password(self, driver):\n        login_page = LoginPage(driver)\n        dashboard_page = DashboardPage(driver)\n        admin_page = AdminPage(driver)\n    \n        # ---- Login as Admin ----\n        login_page.open_login_page()\n>       login_page.login(\"Admin\", \"admin123\")\n\ntests\\test_admin_page.py:154: \n_ _ _ _ _ _ _ _ _ _ _ _ _ _ _ _ _ _ _ _ _ _ _ _ _ _ _ _ _ _ _ _ _ _ _ _ _ _ _ _ _ _ _ _ _ _ _ _ _ _ _ _ _ _ _ _ _ _ _ _ _ _ _ _ _ _ _ _ _ _ _ _ _ _ _ _ _ _ _ _ _ _ \npages\\login_page.py:27: in login\n    self.type(self.username, user)\npages\\base_page.py:52: in type\n    element = self.find_element(locator)\n              ^^^^^^^^^^^^^^^^^^^^^^^^^^\npages\\base_page.py:31: in find_element\n    return WebDriverWait(self.driver, self.timeout).until(\n_ _ _ _ _ _ _ _ _ _ _ _ _ _ _ _ _ _ _ _ _ _ _ _ _ _ _ _ _ _ _ _ _ _ _ _ _ _ _ _ _ _ _ _ _ _ _ _ _ _ _ _ _ _ _ _ _ _ _ _ _ _ _ _ _ _ _ _ _ _ _ _ _ _ _ _ _ _ _ _ _ _ \n\nself = <selenium.webdriver.support.wait.WebDriverWait (session=\"830110864054ac797df8f0981826d5de\")>\nmethod = <function visibility_of_element_located.<locals>._predicate at 0x00000039B06FBCE0>, message = ''\n\n    def until(self, method: Callable[[D], Union[Literal[False], T]], message: str = \"\") -> T:\n        \"\"\"Wait until the method returns a value that is not False.\n    \n        Calls the method provided with the driver as an argument until the\n        return value does not evaluate to ``False``.\n    \n        Parameters:\n        -----------\n        method: callable(WebDriver)\n            - A callable object that takes a WebDriver instance as an argument.\n    \n        message: str\n            - Optional message for :exc:`TimeoutException`\n    \n        Return:\n        -------\n        object: T\n            - The result of the last call to `method`\n    \n        Raises:\n        -------\n        TimeoutException\n            - If 'method' does not return a truthy value within the WebDriverWait\n            object's timeout\n    \n        Example:\n        --------\n        >>> from selenium.webdriver.common.by import By\n        >>> from selenium.webdriver.support.ui import WebDriverWait\n        >>> from selenium.webdriver.support import expected_conditions as EC\n    \n        # Wait until an element is visible on the page\n        >>> wait = WebDriverWait(driver, 10)\n        >>> element = wait.until(EC.visibility_of_element_located((By.ID, \"exampleId\")))\n        >>> print(element.text)\n        \"\"\"\n        screen = None\n        stacktrace = None\n    \n        end_time = time.monotonic() + self._timeout\n        while True:\n            try:\n                value = method(self._driver)\n                if value:\n                    return value\n            except self._ignored_exceptions as exc:\n                screen = getattr(exc, \"screen\", None)\n                stacktrace = getattr(exc, \"stacktrace\", None)\n            if time.monotonic() > end_time:\n                break\n            time.sleep(self._poll)\n>       raise TimeoutException(message, screen, stacktrace)\nE       selenium.common.exceptions.TimeoutException: Message: \nE       Stacktrace:\nE       Backtrace:\nE       \t(No symbol) [0x01336643]\nE       \t(No symbol) [0x012CBE21]\nE       \t(No symbol) [0x011CDA9D]\nE       \t(No symbol) [0x01201342]\nE       \t(No symbol) [0x0120147B]\nE       \t(No symbol) [0x01238DC2]\nE       \t(No symbol) [0x0121FDC4]\nE       \t(No symbol) [0x01236B09]\nE       \t(No symbol) [0x0121FB76]\nE       \t(No symbol) [0x011F49C1]\nE       \t(No symbol) [0x011F5E5D]\nE       \tGetHandleVerifier [0x015AA142+2497106]\nE       \tGetHandleVerifier [0x015D85D3+2686691]\nE       \tGetHandleVerifier [0x015DBB9C+2700460]\nE       \tGetHandleVerifier [0x013E3B10+635936]\nE       \t(No symbol) [0x012D4A1F]\nE       \t(No symbol) [0x012DA418]\nE       \t(No symbol) [0x012DA505]\nE       \t(No symbol) [0x012E508B]\nE       \tBaseThreadInitThunk [0x767B6A24+36]\nE       \tRtlInitializeExceptionChain [0x778FA9FF+143]\nE       \tRtlInitializeExceptionChain [0x778FA9CA+90]\n\nC:\\Users\\MIRZAS\\AppData\\Local\\Programs\\Python\\Python311\\Lib\\site-packages\\selenium\\webdriver\\support\\wait.py:138: TimeoutException"}, "steps": [{"name": "Open OrangeHRM login page", "status": "passed", "steps": [{"name": "Open URL: 'https://opensource-demo.orangehrmlive.com/'", "status": "passed", "parameters": [{"name": "url", "value": "'https://opensource-demo.orangehrmlive.com/'"}], "start": 1758693702556, "stop": 1758693732891}], "start": 1758693702555, "stop": 1758693732891}, {"name": "Login with username: 'Admin' and password: 'admin123'", "status": "broken", "statusDetails": {"message": "selenium.common.exceptions.TimeoutException: Message: \nStacktrace:\nBacktrace:\n\t(No symbol) [0x01336643]\n\t(No symbol) [0x012CBE21]\n\t(No symbol) [0x011CDA9D]\n\t(No symbol) [0x01201342]\n\t(No symbol) [0x0120147B]\n\t(No symbol) [0x01238DC2]\n\t(No symbol) [0x0121FDC4]\n\t(No symbol) [0x01236B09]\n\t(No symbol) [0x0121FB76]\n\t(No symbol) [0x011F49C1]\n\t(No symbol) [0x011F5E5D]\n\tGetHandleVerifier [0x015AA142+2497106]\n\tGetHandleVerifier [0x015D85D3+2686691]\n\tGetHandleVerifier [0x015DBB9C+2700460]\n\tGetHandleVerifier [0x013E3B10+635936]\n\t(No symbol) [0x012D4A1F]\n\t(No symbol) [0x012DA418]\n\t(No symbol) [0x012DA505]\n\t(No symbol) [0x012E508B]\n\tBaseThreadInitThunk [0x767B6A24+36]\n\tRtlInitializeExceptionChain [0x778FA9FF+143]\n\tRtlInitializeExceptionChain [0x778FA9CA+90]\n\n", "trace": "  File \"C:\\Users\\MIRZAS\\AppData\\Local\\Programs\\Python\\Python311\\Lib\\site-packages\\allure_commons\\_allure.py\", line 202, in impl\n    return func(*a, **kw)\n           ^^^^^^^^^^^^^^\n  File \"C:\\MIRZA\\Users\\MIRZAS\\selenium_parallel_project\\pages\\login_page.py\", line 27, in login\n    self.type(self.username, user)\n  File \"C:\\Users\\MIRZAS\\AppData\\Local\\Programs\\Python\\Python311\\Lib\\site-packages\\allure_commons\\_allure.py\", line 202, in impl\n    return func(*a, **kw)\n           ^^^^^^^^^^^^^^\n  File \"C:\\MIRZA\\Users\\MIRZAS\\selenium_parallel_project\\pages\\base_page.py\", line 52, in type\n    element = self.find_element(locator)\n              ^^^^^^^^^^^^^^^^^^^^^^^^^^\n  File \"C:\\Users\\MIRZAS\\AppData\\Local\\Programs\\Python\\Python311\\Lib\\site-packages\\allure_commons\\_allure.py\", line 202, in impl\n    return func(*a, **kw)\n           ^^^^^^^^^^^^^^\n  File \"C:\\MIRZA\\Users\\MIRZAS\\selenium_parallel_project\\pages\\base_page.py\", line 31, in find_element\n    return WebDriverWait(self.driver, self.timeout).until(\n           ^^^^^^^^^^^^^^^^^^^^^^^^^^^^^^^^^^^^^^^^^^^^^^^\n  File \"C:\\Users\\MIRZAS\\AppData\\Local\\Programs\\Python\\Python311\\Lib\\site-packages\\selenium\\webdriver\\support\\wait.py\", line 138, in until\n    raise TimeoutException(message, screen, stacktrace)\n"}, "steps": [{"name": "Type ''Admin'' into element: ('name', 'username')", "status": "broken", "statusDetails": {"message": "selenium.common.exceptions.TimeoutException: Message: \nStacktrace:\nBacktrace:\n\t(No symbol) [0x01336643]\n\t(No symbol) [0x012CBE21]\n\t(No symbol) [0x011CDA9D]\n\t(No symbol) [0x01201342]\n\t(No symbol) [0x0120147B]\n\t(No symbol) [0x01238DC2]\n\t(No symbol) [0x0121FDC4]\n\t(No symbol) [0x01236B09]\n\t(No symbol) [0x0121FB76]\n\t(No symbol) [0x011F49C1]\n\t(No symbol) [0x011F5E5D]\n\tGetHandleVerifier [0x015AA142+2497106]\n\tGetHandleVerifier [0x015D85D3+2686691]\n\tGetHandleVerifier [0x015DBB9C+2700460]\n\tGetHandleVerifier [0x013E3B10+635936]\n\t(No symbol) [0x012D4A1F]\n\t(No symbol) [0x012DA418]\n\t(No symbol) [0x012DA505]\n\t(No symbol) [0x012E508B]\n\tBaseThreadInitThunk [0x767B6A24+36]\n\tRtlInitializeExceptionChain [0x778FA9FF+143]\n\tRtlInitializeExceptionChain [0x778FA9CA+90]\n\n", "trace": "  File \"C:\\Users\\MIRZAS\\AppData\\Local\\Programs\\Python\\Python311\\Lib\\site-packages\\allure_commons\\_allure.py\", line 202, in impl\n    return func(*a, **kw)\n           ^^^^^^^^^^^^^^\n  File \"C:\\MIRZA\\Users\\MIRZAS\\selenium_parallel_project\\pages\\base_page.py\", line 52, in type\n    element = self.find_element(locator)\n              ^^^^^^^^^^^^^^^^^^^^^^^^^^\n  File \"C:\\Users\\MIRZAS\\AppData\\Local\\Programs\\Python\\Python311\\Lib\\site-packages\\allure_commons\\_allure.py\", line 202, in impl\n    return func(*a, **kw)\n           ^^^^^^^^^^^^^^\n  File \"C:\\MIRZA\\Users\\MIRZAS\\selenium_parallel_project\\pages\\base_page.py\", line 31, in find_element\n    return WebDriverWait(self.driver, self.timeout).until(\n           ^^^^^^^^^^^^^^^^^^^^^^^^^^^^^^^^^^^^^^^^^^^^^^^\n  File \"C:\\Users\\MIRZAS\\AppData\\Local\\Programs\\Python\\Python311\\Lib\\site-packages\\selenium\\webdriver\\support\\wait.py\", line 138, in until\n    raise TimeoutException(message, screen, stacktrace)\n"}, "steps": [{"name": "Find element: ('name', 'username')", "status": "broken", "statusDetails": {"message": "selenium.common.exceptions.TimeoutException: Message: \nStacktrace:\nBacktrace:\n\t(No symbol) [0x01336643]\n\t(No symbol) [0x012CBE21]\n\t(No symbol) [0x011CDA9D]\n\t(No symbol) [0x01201342]\n\t(No symbol) [0x0120147B]\n\t(No symbol) [0x01238DC2]\n\t(No symbol) [0x0121FDC4]\n\t(No symbol) [0x01236B09]\n\t(No symbol) [0x0121FB76]\n\t(No symbol) [0x011F49C1]\n\t(No symbol) [0x011F5E5D]\n\tGetHandleVerifier [0x015AA142+2497106]\n\tGetHandleVerifier [0x015D85D3+2686691]\n\tGetHandleVerifier [0x015DBB9C+2700460]\n\tGetHandleVerifier [0x013E3B10+635936]\n\t(No symbol) [0x012D4A1F]\n\t(No symbol) [0x012DA418]\n\t(No symbol) [0x012DA505]\n\t(No symbol) [0x012E508B]\n\tBaseThreadInitThunk [0x767B6A24+36]\n\tRtlInitializeExceptionChain [0x778FA9FF+143]\n\tRtlInitializeExceptionChain [0x778FA9CA+90]\n\n", "trace": "  File \"C:\\Users\\MIRZAS\\AppData\\Local\\Programs\\Python\\Python311\\Lib\\site-packages\\allure_commons\\_allure.py\", line 202, in impl\n    return func(*a, **kw)\n           ^^^^^^^^^^^^^^\n  File \"C:\\MIRZA\\Users\\MIRZAS\\selenium_parallel_project\\pages\\base_page.py\", line 31, in find_element\n    return WebDriverWait(self.driver, self.timeout).until(\n           ^^^^^^^^^^^^^^^^^^^^^^^^^^^^^^^^^^^^^^^^^^^^^^^\n  File \"C:\\Users\\MIRZAS\\AppData\\Local\\Programs\\Python\\Python311\\Lib\\site-packages\\selenium\\webdriver\\support\\wait.py\", line 138, in until\n    raise TimeoutException(message, screen, stacktrace)\n"}, "attachments": [{"name": "username_not_found", "source": "7dd6bc8c-44f4-40da-86fe-42a6970f0a09-attachment.png", "type": "image/png"}], "parameters": [{"name": "locator", "value": "('name', 'username')"}], "start": 1758693732892, "stop": 1758693744160}], "parameters": [{"name": "locator", "value": "('name', 'username')"}, {"name": "text", "value": "'Admin'"}], "start": 1758693732892, "stop": 1758693744222}], "parameters": [{"name": "user", "value": "'Admin'"}, {"name": "pwd", "value": "'admin123'"}], "start": 1758693732892, "stop": 1758693744222}], "attachments": [{"name": "test_reset_existing_user_password_failure", "source": "4ae656fa-fbcc-4536-a9b8-472359212ae4-attachment.png", "type": "image/png"}, {"name": "test_reset_existing_user_password_logs", "source": "af59f7e8-f192-4d07-8d17-7ef2c0c667bc-attachment.txt", "type": "text/plain"}, {"name": "log", "source": "de1cb9e9-bc07-425e-ba31-c8f072daeb52-attachment.txt", "type": "text/plain"}], "start": 1758693702554, "stop": 1758693744254, "uuid": "78398fe1-4999-4a81-8907-91c2f39024f7", "historyId": "6448419ccad9dba6401e9962a26d4b9b", "testCaseId": "6448419ccad9dba6401e9962a26d4b9b", "fullName": "tests.test_admin_page.TestAdminPage#test_reset_existing_user_password", "labels": [{"name": "story", "value": "Reset password for existing user"}, {"name": "epic", "value": "Admin Module"}, {"name": "feature", "value": "User Management"}, {"name": "parentSuite", "value": "tests"}, {"name": "suite", "value": "test_admin_page"}, {"name": "subSuite", "value": "TestAdminPage"}, {"name": "host", "value": "MIRZA"}, {"name": "thread", "value": "4700-MainThread"}, {"name": "framework", "value": "pytest"}, {"name": "language", "value": "cpython3"}, {"name": "package", "value": "tests.test_admin_page"}], "titlePath": ["tests", "test_admin_page.py", "TestAdminPage"]}