{"name": "test_edit_existing_user", "status": "broken", "statusDetails": {"message": "selenium.common.exceptions.TimeoutException: Message: \nStacktrace:\nBacktrace:\n\t(No symbol) [0x00336643]\n\t(No symbol) [0x002CBE21]\n\t(No symbol) [0x001CDA9D]\n\t(No symbol) [0x00201342]\n\t(No symbol) [0x0020147B]\n\t(No symbol) [0x00238DC2]\n\t(No symbol) [0x0021FDC4]\n\t(No symbol) [0x00236B09]\n\t(No symbol) [0x0021FB76]\n\t(No symbol) [0x001F49C1]\n\t(No symbol) [0x001F5E5D]\n\tGetHandleVerifier [0x005AA142+2497106]\n\tGetHandleVerifier [0x005D85D3+2686691]\n\tGetHandleVerifier [0x005DBB9C+2700460]\n\tGetHandleVerifier [0x003E3B10+635936]\n\t(No symbol) [0x002D4A1F]\n\t(No symbol) [0x002DA418]\n\t(No symbol) [0x002DA505]\n\t(No symbol) [0x002E508B]\n\tBaseThreadInitThunk [0x767B6A24+36]\n\tRtlInitializeExceptionChain [0x778FA9FF+143]\n\tRtlInitializeExceptionChain [0x778FA9CA+90]", "trace": "self = <tests.admin.test_admin_edit_user.TestEditUser object at 0x0000009A9A852490>\ndriver = <selenium.webdriver.chrome.webdriver.WebDriver (session=\"ed905f6ac8137fd0193c11cd09a24b3c\")>\n\n    @allure.story(\"Edit existing user\")\n    def test_edit_existing_user(self, driver):\n        login_page = LoginPage(driver)\n        dashboard_page = DashboardPage(driver)\n        admin_page = AdminPage(driver)\n    \n        login_page.open_login_page()\n        login_page.login(\"Admin\", \"admin123\")\n        assert dashboard_page.is_dashboard_loaded()\n    \n        admin_page.open_admin_tab()\n    \n        existing_username = \"ameenrahman1\"\n        admin_page.search_user(username=existing_username, role=\"ESS\", status=\"Enabled\")\n    \n>       admin_page.edit_user(username=existing_username, new_role=\"Admin\", new_status=\"Disabled\")\n\ntests\\admin\\test_admin_edit_user.py:26: \n_ _ _ _ _ _ _ _ _ _ _ _ _ _ _ _ _ _ _ _ _ _ _ _ _ _ _ _ _ _ _ _ _ _ _ _ _ _ _\npages\\admin_page.py:215: in edit_user\n    WebDriverWait(self.driver, self.timeout).until(\n_ _ _ _ _ _ _ _ _ _ _ _ _ _ _ _ _ _ _ _ _ _ _ _ _ _ _ _ _ _ _ _ _ _ _ _ _ _ _\n\nself = <selenium.webdriver.support.wait.WebDriverWait (session=\"ed905f6ac8137fd0193c11cd09a24b3c\")>\nmethod = <function element_to_be_clickable.<locals>._predicate at 0x0000009A9A872E80>\nmessage = ''\n\n    def until(self, method: Callable[[D], Union[Literal[False], T]], message: str = \"\") -> T:\n        \"\"\"Wait until the method returns a value that is not False.\n    \n        Calls the method provided with the driver as an argument until the\n        return value does not evaluate to ``False``.\n    \n        Parameters:\n        -----------\n        method: callable(WebDriver)\n            - A callable object that takes a WebDriver instance as an argument.\n    \n        message: str\n            - Optional message for :exc:`TimeoutException`\n    \n        Return:\n        -------\n        object: T\n            - The result of the last call to `method`\n    \n        Raises:\n        -------\n        TimeoutException\n            - If 'method' does not return a truthy value within the WebDriverWait\n            object's timeout\n    \n        Example:\n        --------\n        >>> from selenium.webdriver.common.by import By\n        >>> from selenium.webdriver.support.ui import WebDriverWait\n        >>> from selenium.webdriver.support import expected_conditions as EC\n    \n        # Wait until an element is visible on the page\n        >>> wait = WebDriverWait(driver, 10)\n        >>> element = wait.until(EC.visibility_of_element_located((By.ID, \"exampleId\")))\n        >>> print(element.text)\n        \"\"\"\n        screen = None\n        stacktrace = None\n    \n        end_time = time.monotonic() + self._timeout\n        while True:\n            try:\n                value = method(self._driver)\n                if value:\n                    return value\n            except self._ignored_exceptions as exc:\n                screen = getattr(exc, \"screen\", None)\n                stacktrace = getattr(exc, \"stacktrace\", None)\n            if time.monotonic() > end_time:\n                break\n            time.sleep(self._poll)\n>       raise TimeoutException(message, screen, stacktrace)\nE       selenium.common.exceptions.TimeoutException: Message: \nE       Stacktrace:\nE       Backtrace:\nE       \t(No symbol) [0x00336643]\nE       \t(No symbol) [0x002CBE21]\nE       \t(No symbol) [0x001CDA9D]\nE       \t(No symbol) [0x00201342]\nE       \t(No symbol) [0x0020147B]\nE       \t(No symbol) [0x00238DC2]\nE       \t(No symbol) [0x0021FDC4]\nE       \t(No symbol) [0x00236B09]\nE       \t(No symbol) [0x0021FB76]\nE       \t(No symbol) [0x001F49C1]\nE       \t(No symbol) [0x001F5E5D]\nE       \tGetHandleVerifier [0x005AA142+2497106]\nE       \tGetHandleVerifier [0x005D85D3+2686691]\nE       \tGetHandleVerifier [0x005DBB9C+2700460]\nE       \tGetHandleVerifier [0x003E3B10+635936]\nE       \t(No symbol) [0x002D4A1F]\nE       \t(No symbol) [0x002DA418]\nE       \t(No symbol) [0x002DA505]\nE       \t(No symbol) [0x002E508B]\nE       \tBaseThreadInitThunk [0x767B6A24+36]\nE       \tRtlInitializeExceptionChain [0x778FA9FF+143]\nE       \tRtlInitializeExceptionChain [0x778FA9CA+90]\n\nC:\\Users\\MIRZAS\\AppData\\Local\\Programs\\Python\\Python311\\Lib\\site-packages\\selenium\\webdriver\\support\\wait.py:138: TimeoutException"}, "steps": [{"name": "Open OrangeHRM login page", "status": "passed", "steps": [{"name": "Open URL: 'https://opensource-demo.orangehrmlive.com/'", "status": "passed", "parameters": [{"name": "url", "value": "'https://opensource-demo.orangehrmlive.com/'"}], "start": 1758787220060, "stop": 1758787239100}], "start": 1758787220060, "stop": 1758787239100}, {"name": "Login with username: 'Admin' and password: 'admin123'", "status": "passed", "steps": [{"name": "Type ''Admin'' into element: ('name', 'username')", "status": "passed", "steps": [{"name": "Find element: ('name', 'username')", "status": "passed", "parameters": [{"name": "locator", "value": "('name', 'username')"}], "start": 1758787239101, "stop": 1758787243332}], "parameters": [{"name": "locator", "value": "('name', 'username')"}, {"name": "text", "value": "'Admin'"}], "start": 1758787239101, "stop": 1758787243591}, {"name": "Type ''admin123'' into element: ('name', 'password')", "status": "passed", "steps": [{"name": "Find element: ('name', 'password')", "status": "passed", "parameters": [{"name": "locator", "value": "('name', 'password')"}], "start": 1758787243592, "stop": 1758787243651}], "parameters": [{"name": "locator", "value": "('name', 'password')"}, {"name": "text", "value": "'admin123'"}], "start": 1758787243592, "stop": 1758787243984}, {"name": "Click element: ('xpath', \"//button[@type='submit']\")", "status": "passed", "steps": [{"name": "Find element: ('xpath', \"//button[@type='submit']\")", "status": "passed", "parameters": [{"name": "locator", "value": "('xpath', \"//button[@type='submit']\")"}], "start": 1758787243986, "stop": 1758787244048}], "parameters": [{"name": "locator", "value": "('xpath', \"//button[@type='submit']\")"}], "start": 1758787243985, "stop": 1758787244178}], "attachments": [{"name": "dashboard_loaded", "source": "acda8e7a-8cbc-4b2c-850b-ad67240a6364-attachment.png", "type": "image/png"}], "parameters": [{"name": "user", "value": "'Admin'"}, {"name": "pwd", "value": "'admin123'"}], "start": 1758787239100, "stop": 1758787247607}, {"name": "Validate Dashboard is loaded", "status": "passed", "attachments": [{"name": "dashboard_loaded", "source": "ae913a28-0522-4536-9f42-525815a2614c-attachment.png", "type": "image/png"}], "start": 1758787247607, "stop": 1758787248660}, {"name": "Open Admin Tab", "status": "passed", "start": 1758787248661, "stop": 1758787249925}, {"name": "Search user: 'ameenrahman1'", "status": "passed", "steps": [{"name": "Select option ''ESS'' from dropdown: ('xpath', \"//label[text()='User Role']/../following-sibling::div//div[contains(@class,'oxd-select-text-input')]\")", "status": "passed", "steps": [{"name": "Find element: ('xpath', \"//label[text()='User Role']/../following-sibling::div//div[contains(@class,'oxd-select-text-input')]\")", "status": "passed", "parameters": [{"name": "locator", "value": "('xpath', \"//label[text()='User Role']/../following-sibling::div//div[contains(@class,'oxd-select-text-input')]\")"}], "start": 1758787251388, "stop": 1758787251448}], "parameters": [{"name": "locator", "value": "('xpath', \"//label[text()='User Role']/../following-sibling::div//div[contains(@class,'oxd-select-text-input')]\")"}, {"name": "option_text", "value": "'ESS'"}], "start": 1758787251388, "stop": 1758787251820}, {"name": "Select option ''Enabled'' from dropdown: ('xpath', \"//label[text()='Status']/../following-sibling::div//div[contains(@class,'oxd-select-text-input')]\")", "status": "passed", "steps": [{"name": "Find element: ('xpath', \"//label[text()='Status']/../following-sibling::div//div[contains(@class,'oxd-select-text-input')]\")", "status": "passed", "parameters": [{"name": "locator", "value": "('xpath', \"//label[text()='Status']/../following-sibling::div//div[contains(@class,'oxd-select-text-input')]\")"}], "start": 1758787251821, "stop": 1758787251881}], "parameters": [{"name": "locator", "value": "('xpath', \"//label[text()='Status']/../following-sibling::div//div[contains(@class,'oxd-select-text-input')]\")"}, {"name": "option_text", "value": "'Enabled'"}], "start": 1758787251820, "stop": 1758787252174}], "parameters": [{"name": "username", "value": "'ameenrahman1'"}, {"name": "role", "value": "'ESS'"}, {"name": "emp_name", "value": "''"}, {"name": "status", "value": "'Enabled'"}], "start": 1758787249926, "stop": 1758787252405}, {"name": "Edit user: 'ameenrahman1'", "status": "broken", "statusDetails": {"message": "selenium.common.exceptions.TimeoutException: Message: \nStacktrace:\nBacktrace:\n\t(No symbol) [0x00336643]\n\t(No symbol) [0x002CBE21]\n\t(No symbol) [0x001CDA9D]\n\t(No symbol) [0x00201342]\n\t(No symbol) [0x0020147B]\n\t(No symbol) [0x00238DC2]\n\t(No symbol) [0x0021FDC4]\n\t(No symbol) [0x00236B09]\n\t(No symbol) [0x0021FB76]\n\t(No symbol) [0x001F49C1]\n\t(No symbol) [0x001F5E5D]\n\tGetHandleVerifier [0x005AA142+2497106]\n\tGetHandleVerifier [0x005D85D3+2686691]\n\tGetHandleVerifier [0x005DBB9C+2700460]\n\tGetHandleVerifier [0x003E3B10+635936]\n\t(No symbol) [0x002D4A1F]\n\t(No symbol) [0x002DA418]\n\t(No symbol) [0x002DA505]\n\t(No symbol) [0x002E508B]\n\tBaseThreadInitThunk [0x767B6A24+36]\n\tRtlInitializeExceptionChain [0x778FA9FF+143]\n\tRtlInitializeExceptionChain [0x778FA9CA+90]\n\n", "trace": "  File \"C:\\Users\\MIRZAS\\AppData\\Local\\Programs\\Python\\Python311\\Lib\\site-packages\\allure_commons\\_allure.py\", line 202, in impl\n    return func(*a, **kw)\n           ^^^^^^^^^^^^^^\n  File \"C:\\MIRZA\\Users\\MIRZAS\\selenium_parallel_project\\pages\\admin_page.py\", line 215, in edit_user\n    WebDriverWait(self.driver, self.timeout).until(\n  File \"C:\\Users\\MIRZAS\\AppData\\Local\\Programs\\Python\\Python311\\Lib\\site-packages\\selenium\\webdriver\\support\\wait.py\", line 138, in until\n    raise TimeoutException(message, screen, stacktrace)\n"}, "parameters": [{"name": "username", "value": "'ameenrahman1'"}, {"name": "new_role", "value": "'Admin'"}, {"name": "new_status", "value": "'Disabled'"}, {"name": "change_password", "value": "False"}, {"name": "new_password", "value": "None"}, {"name": "change_password_checkbox", "value": "None"}], "start": 1758787252406, "stop": 1758787262429}], "attachments": [{"name": "test_edit_existing_user_failure", "source": "75ccd458-044f-4b14-849a-200b6e426263-attachment.png", "type": "image/png"}, {"name": "test_edit_existing_user_logs", "source": "2cfd7cff-5a46-4d02-b3dd-d7559291b088-attachment.txt", "type": "text/plain"}, {"name": "log", "source": "96f2d642-5020-4560-a826-c6f08802e512-attachment.txt", "type": "text/plain"}], "start": 1758787220059, "stop": 1758787262434, "uuid": "d1f79c68-2844-4685-82d6-0db87eda67f8", "historyId": "b2df7b1819b6af4148a76ec6f998c7b7", "testCaseId": "b2df7b1819b6af4148a76ec6f998c7b7", "fullName": "tests.admin.test_admin_edit_user.TestEditUser#test_edit_existing_user", "labels": [{"name": "epic", "value": "Admin Module"}, {"name": "feature", "value": "User Management"}, {"name": "story", "value": "Edit existing user"}, {"name": "parentSuite", "value": "tests.admin"}, {"name": "suite", "value": "test_admin_edit_user"}, {"name": "subSuite", "value": "TestEditUser"}, {"name": "host", "value": "MIRZA"}, {"name": "thread", "value": "9828-MainThread"}, {"name": "framework", "value": "pytest"}, {"name": "language", "value": "cpython3"}, {"name": "package", "value": "tests.admin.test_admin_edit_user"}], "titlePath": ["tests", "admin", "test_admin_edit_user.py", "TestEditUser"]}