{"name": "test_add_employee_with_login", "status": "broken", "statusDetails": {"message": "selenium.common.exceptions.TimeoutException: Message: \nStacktrace:\nBacktrace:\n\t(No symbol) [0x00316643]\n\t(No symbol) [0x002ABE21]\n\t(No symbol) [0x001ADA9D]\n\t(No symbol) [0x001E1342]\n\t(No symbol) [0x001E147B]\n\t(No symbol) [0x00218DC2]\n\t(No symbol) [0x001FFDC4]\n\t(No symbol) [0x00216B09]\n\t(No symbol) [0x001FFB76]\n\t(No symbol) [0x001D49C1]\n\t(No symbol) [0x001D5E5D]\n\tGetHandleVerifier [0x0058A142+2497106]\n\tGetHandleVerifier [0x005B85D3+2686691]\n\tGetHandleVerifier [0x005BBB9C+2700460]\n\tGetHandleVerifier [0x003C3B10+635936]\n\t(No symbol) [0x002B4A1F]\n\t(No symbol) [0x002BA418]\n\t(No symbol) [0x002BA505]\n\t(No symbol) [0x002C508B]\n\tBaseThreadInitThunk [0x767B6A24+36]\n\tRtlInitializeExceptionChain [0x778FA9FF+143]\n\tRtlInitializeExceptionChain [0x778FA9CA+90]\n\t(No symbol) [0x00000000]", "trace": "self = <tests.test_pim.TestPIM object at 0x000000BA87E10ED0>\ndriver = <selenium.webdriver.chrome.webdriver.WebDriver (session=\"ba0180a48db5c526a57eb51a73d5733c\")>\n\n    def test_add_employee_with_login(self, driver):\n        login_page = LoginPage(driver)\n        dashboard_page = DashboardPage(driver)\n        pim_page = PIMPage(driver)\n    \n        # --- Login ---\n        login_page.open_login_page()\n>       login_page.login(\"Admin\", \"admin123\")\n\ntests\\test_pim.py:16: \n_ _ _ _ _ _ _ _ _ _ _ _ _ _ _ _ _ _ _ _ _ _ _ _ _ _ _ _ _ _ _ _ _ _ _ _ _ _ _\npages\\login_page.py:27: in login\n    self.type(self.username, user)\npages\\base_page.py:52: in type\n    element = self.find_element(locator)\n              ^^^^^^^^^^^^^^^^^^^^^^^^^^\npages\\base_page.py:31: in find_element\n    return WebDriverWait(self.driver, self.timeout).until(\n_ _ _ _ _ _ _ _ _ _ _ _ _ _ _ _ _ _ _ _ _ _ _ _ _ _ _ _ _ _ _ _ _ _ _ _ _ _ _\n\nself = <selenium.webdriver.support.wait.WebDriverWait (session=\"ba0180a48db5c526a57eb51a73d5733c\")>\nmethod = <function visibility_of_element_located.<locals>._predicate at 0x000000BA877DBD80>\nmessage = ''\n\n    def until(self, method: Callable[[D], Union[Literal[False], T]], message: str = \"\") -> T:\n        \"\"\"Wait until the method returns a value that is not False.\n    \n        Calls the method provided with the driver as an argument until the\n        return value does not evaluate to ``False``.\n    \n        Parameters:\n        -----------\n        method: callable(WebDriver)\n            - A callable object that takes a WebDriver instance as an argument.\n    \n        message: str\n            - Optional message for :exc:`TimeoutException`\n    \n        Return:\n        -------\n        object: T\n            - The result of the last call to `method`\n    \n        Raises:\n        -------\n        TimeoutException\n            - If 'method' does not return a truthy value within the WebDriverWait\n            object's timeout\n    \n        Example:\n        --------\n        >>> from selenium.webdriver.common.by import By\n        >>> from selenium.webdriver.support.ui import WebDriverWait\n        >>> from selenium.webdriver.support import expected_conditions as EC\n    \n        # Wait until an element is visible on the page\n        >>> wait = WebDriverWait(driver, 10)\n        >>> element = wait.until(EC.visibility_of_element_located((By.ID, \"exampleId\")))\n        >>> print(element.text)\n        \"\"\"\n        screen = None\n        stacktrace = None\n    \n        end_time = time.monotonic() + self._timeout\n        while True:\n            try:\n                value = method(self._driver)\n                if value:\n                    return value\n            except self._ignored_exceptions as exc:\n                screen = getattr(exc, \"screen\", None)\n                stacktrace = getattr(exc, \"stacktrace\", None)\n            if time.monotonic() > end_time:\n                break\n            time.sleep(self._poll)\n>       raise TimeoutException(message, screen, stacktrace)\nE       selenium.common.exceptions.TimeoutException: Message: \nE       Stacktrace:\nE       Backtrace:\nE       \t(No symbol) [0x00316643]\nE       \t(No symbol) [0x002ABE21]\nE       \t(No symbol) [0x001ADA9D]\nE       \t(No symbol) [0x001E1342]\nE       \t(No symbol) [0x001E147B]\nE       \t(No symbol) [0x00218DC2]\nE       \t(No symbol) [0x001FFDC4]\nE       \t(No symbol) [0x00216B09]\nE       \t(No symbol) [0x001FFB76]\nE       \t(No symbol) [0x001D49C1]\nE       \t(No symbol) [0x001D5E5D]\nE       \tGetHandleVerifier [0x0058A142+2497106]\nE       \tGetHandleVerifier [0x005B85D3+2686691]\nE       \tGetHandleVerifier [0x005BBB9C+2700460]\nE       \tGetHandleVerifier [0x003C3B10+635936]\nE       \t(No symbol) [0x002B4A1F]\nE       \t(No symbol) [0x002BA418]\nE       \t(No symbol) [0x002BA505]\nE       \t(No symbol) [0x002C508B]\nE       \tBaseThreadInitThunk [0x767B6A24+36]\nE       \tRtlInitializeExceptionChain [0x778FA9FF+143]\nE       \tRtlInitializeExceptionChain [0x778FA9CA+90]\nE       \t(No symbol) [0x00000000]\n\nC:\\Users\\MIRZAS\\AppData\\Local\\Programs\\Python\\Python311\\Lib\\site-packages\\selenium\\webdriver\\support\\wait.py:138: TimeoutException"}, "steps": [{"name": "Open OrangeHRM login page", "status": "passed", "steps": [{"name": "Open URL: 'https://opensource-demo.orangehrmlive.com/'", "status": "passed", "parameters": [{"name": "url", "value": "'https://opensource-demo.orangehrmlive.com/'"}], "start": 1758101525590, "stop": 1758101546817}], "start": 1758101525590, "stop": 1758101546817}, {"name": "Login with username: 'Admin' and password: 'admin123'", "status": "broken", "statusDetails": {"message": "selenium.common.exceptions.TimeoutException: Message: \nStacktrace:\nBacktrace:\n\t(No symbol) [0x00316643]\n\t(No symbol) [0x002ABE21]\n\t(No symbol) [0x001ADA9D]\n\t(No symbol) [0x001E1342]\n\t(No symbol) [0x001E147B]\n\t(No symbol) [0x00218DC2]\n\t(No symbol) [0x001FFDC4]\n\t(No symbol) [0x00216B09]\n\t(No symbol) [0x001FFB76]\n\t(No symbol) [0x001D49C1]\n\t(No symbol) [0x001D5E5D]\n\tGetHandleVerifier [0x0058A142+2497106]\n\tGetHandleVerifier [0x005B85D3+2686691]\n\tGetHandleVerifier [0x005BBB9C+2700460]\n\tGetHandleVerifier [0x003C3B10+635936]\n\t(No symbol) [0x002B4A1F]\n\t(No symbol) [0x002BA418]\n\t(No symbol) [0x002BA505]\n\t(No symbol) [0x002C508B]\n\tBaseThreadInitThunk [0x767B6A24+36]\n\tRtlInitializeExceptionChain [0x778FA9FF+143]\n\tRtlInitializeExceptionChain [0x778FA9CA+90]\n\t(No symbol) [0x00000000]\n\n", "trace": "  File \"C:\\Users\\MIRZAS\\AppData\\Local\\Programs\\Python\\Python311\\Lib\\site-packages\\allure_commons\\_allure.py\", line 202, in impl\n    return func(*a, **kw)\n           ^^^^^^^^^^^^^^\n  File \"C:\\MIRZA\\Users\\MIRZAS\\selenium_parallel_project\\pages\\login_page.py\", line 27, in login\n    self.type(self.username, user)\n  File \"C:\\Users\\MIRZAS\\AppData\\Local\\Programs\\Python\\Python311\\Lib\\site-packages\\allure_commons\\_allure.py\", line 202, in impl\n    return func(*a, **kw)\n           ^^^^^^^^^^^^^^\n  File \"C:\\MIRZA\\Users\\MIRZAS\\selenium_parallel_project\\pages\\base_page.py\", line 52, in type\n    element = self.find_element(locator)\n              ^^^^^^^^^^^^^^^^^^^^^^^^^^\n  File \"C:\\Users\\MIRZAS\\AppData\\Local\\Programs\\Python\\Python311\\Lib\\site-packages\\allure_commons\\_allure.py\", line 202, in impl\n    return func(*a, **kw)\n           ^^^^^^^^^^^^^^\n  File \"C:\\MIRZA\\Users\\MIRZAS\\selenium_parallel_project\\pages\\base_page.py\", line 31, in find_element\n    return WebDriverWait(self.driver, self.timeout).until(\n           ^^^^^^^^^^^^^^^^^^^^^^^^^^^^^^^^^^^^^^^^^^^^^^^\n  File \"C:\\Users\\MIRZAS\\AppData\\Local\\Programs\\Python\\Python311\\Lib\\site-packages\\selenium\\webdriver\\support\\wait.py\", line 138, in until\n    raise TimeoutException(message, screen, stacktrace)\n"}, "steps": [{"name": "Type ''Admin'' into element: ('name', 'username')", "status": "broken", "statusDetails": {"message": "selenium.common.exceptions.TimeoutException: Message: \nStacktrace:\nBacktrace:\n\t(No symbol) [0x00316643]\n\t(No symbol) [0x002ABE21]\n\t(No symbol) [0x001ADA9D]\n\t(No symbol) [0x001E1342]\n\t(No symbol) [0x001E147B]\n\t(No symbol) [0x00218DC2]\n\t(No symbol) [0x001FFDC4]\n\t(No symbol) [0x00216B09]\n\t(No symbol) [0x001FFB76]\n\t(No symbol) [0x001D49C1]\n\t(No symbol) [0x001D5E5D]\n\tGetHandleVerifier [0x0058A142+2497106]\n\tGetHandleVerifier [0x005B85D3+2686691]\n\tGetHandleVerifier [0x005BBB9C+2700460]\n\tGetHandleVerifier [0x003C3B10+635936]\n\t(No symbol) [0x002B4A1F]\n\t(No symbol) [0x002BA418]\n\t(No symbol) [0x002BA505]\n\t(No symbol) [0x002C508B]\n\tBaseThreadInitThunk [0x767B6A24+36]\n\tRtlInitializeExceptionChain [0x778FA9FF+143]\n\tRtlInitializeExceptionChain [0x778FA9CA+90]\n\t(No symbol) [0x00000000]\n\n", "trace": "  File \"C:\\Users\\MIRZAS\\AppData\\Local\\Programs\\Python\\Python311\\Lib\\site-packages\\allure_commons\\_allure.py\", line 202, in impl\n    return func(*a, **kw)\n           ^^^^^^^^^^^^^^\n  File \"C:\\MIRZA\\Users\\MIRZAS\\selenium_parallel_project\\pages\\base_page.py\", line 52, in type\n    element = self.find_element(locator)\n              ^^^^^^^^^^^^^^^^^^^^^^^^^^\n  File \"C:\\Users\\MIRZAS\\AppData\\Local\\Programs\\Python\\Python311\\Lib\\site-packages\\allure_commons\\_allure.py\", line 202, in impl\n    return func(*a, **kw)\n           ^^^^^^^^^^^^^^\n  File \"C:\\MIRZA\\Users\\MIRZAS\\selenium_parallel_project\\pages\\base_page.py\", line 31, in find_element\n    return WebDriverWait(self.driver, self.timeout).until(\n           ^^^^^^^^^^^^^^^^^^^^^^^^^^^^^^^^^^^^^^^^^^^^^^^\n  File \"C:\\Users\\MIRZAS\\AppData\\Local\\Programs\\Python\\Python311\\Lib\\site-packages\\selenium\\webdriver\\support\\wait.py\", line 138, in until\n    raise TimeoutException(message, screen, stacktrace)\n"}, "steps": [{"name": "Find element: ('name', 'username')", "status": "broken", "statusDetails": {"message": "selenium.common.exceptions.TimeoutException: Message: \nStacktrace:\nBacktrace:\n\t(No symbol) [0x00316643]\n\t(No symbol) [0x002ABE21]\n\t(No symbol) [0x001ADA9D]\n\t(No symbol) [0x001E1342]\n\t(No symbol) [0x001E147B]\n\t(No symbol) [0x00218DC2]\n\t(No symbol) [0x001FFDC4]\n\t(No symbol) [0x00216B09]\n\t(No symbol) [0x001FFB76]\n\t(No symbol) [0x001D49C1]\n\t(No symbol) [0x001D5E5D]\n\tGetHandleVerifier [0x0058A142+2497106]\n\tGetHandleVerifier [0x005B85D3+2686691]\n\tGetHandleVerifier [0x005BBB9C+2700460]\n\tGetHandleVerifier [0x003C3B10+635936]\n\t(No symbol) [0x002B4A1F]\n\t(No symbol) [0x002BA418]\n\t(No symbol) [0x002BA505]\n\t(No symbol) [0x002C508B]\n\tBaseThreadInitThunk [0x767B6A24+36]\n\tRtlInitializeExceptionChain [0x778FA9FF+143]\n\tRtlInitializeExceptionChain [0x778FA9CA+90]\n\t(No symbol) [0x00000000]\n\n", "trace": "  File \"C:\\Users\\MIRZAS\\AppData\\Local\\Programs\\Python\\Python311\\Lib\\site-packages\\allure_commons\\_allure.py\", line 202, in impl\n    return func(*a, **kw)\n           ^^^^^^^^^^^^^^\n  File \"C:\\MIRZA\\Users\\MIRZAS\\selenium_parallel_project\\pages\\base_page.py\", line 31, in find_element\n    return WebDriverWait(self.driver, self.timeout).until(\n           ^^^^^^^^^^^^^^^^^^^^^^^^^^^^^^^^^^^^^^^^^^^^^^^\n  File \"C:\\Users\\MIRZAS\\AppData\\Local\\Programs\\Python\\Python311\\Lib\\site-packages\\selenium\\webdriver\\support\\wait.py\", line 138, in until\n    raise TimeoutException(message, screen, stacktrace)\n"}, "attachments": [{"name": "username_not_found", "source": "ce5be925-f0af-4eb3-963d-bf4c89ef0dff-attachment.png", "type": "image/png"}], "parameters": [{"name": "locator", "value": "('name', 'username')"}], "start": 1758101546817, "stop": 1758101557625}], "parameters": [{"name": "locator", "value": "('name', 'username')"}, {"name": "text", "value": "'Admin'"}], "start": 1758101546817, "stop": 1758101557625}], "parameters": [{"name": "user", "value": "'Admin'"}, {"name": "pwd", "value": "'admin123'"}], "start": 1758101546817, "stop": 1758101557625}], "attachments": [{"name": "test_add_employee_with_login_failure", "source": "3d12c480-0630-443c-8ae1-4ef0d1cd502c-attachment.png", "type": "image/png"}, {"name": "test_add_employee_with_login_logs", "source": "bba1dcf1-e012-4dc0-83e6-f1db5324494c-attachment.txt", "type": "text/plain"}, {"name": "log", "source": "3baecd88-3760-4b91-bbe4-214ced414c8f-attachment.txt", "type": "text/plain"}], "start": 1758101525590, "stop": 1758101557625, "uuid": "810ac0b3-4c1f-4162-b5ed-6b70ca141a84", "historyId": "76eafcc00caaea3d40c8d399a14b2abd", "testCaseId": "76eafcc00caaea3d40c8d399a14b2abd", "fullName": "tests.test_pim.TestPIM#test_add_employee_with_login", "labels": [{"name": "parentSuite", "value": "tests"}, {"name": "suite", "value": "test_pim"}, {"name": "subSuite", "value": "TestPIM"}, {"name": "host", "value": "MIRZA"}, {"name": "thread", "value": "76-MainThread"}, {"name": "framework", "value": "pytest"}, {"name": "language", "value": "cpython3"}, {"name": "package", "value": "tests.test_pim"}], "titlePath": ["tests", "test_pim.py", "TestPIM"]}