{"name": "test_edit_employee", "status": "broken", "statusDetails": {"message": "selenium.common.exceptions.TimeoutException: Message: \nStacktrace:\nBacktrace:\n\t(No symbol) [0x01336643]\n\t(No symbol) [0x012CBE21]\n\t(No symbol) [0x011CDA9D]\n\t(No symbol) [0x01201342]\n\t(No symbol) [0x0120147B]\n\t(No symbol) [0x01238DC2]\n\t(No symbol) [0x0121FDC4]\n\t(No symbol) [0x01236B09]\n\t(No symbol) [0x0121FB76]\n\t(No symbol) [0x011F49C1]\n\t(No symbol) [0x011F5E5D]\n\tGetHandleVerifier [0x015AA142+2497106]\n\tGetHandleVerifier [0x015D85D3+2686691]\n\tGetHandleVerifier [0x015DBB9C+2700460]\n\tGetHandleVerifier [0x013E3B10+635936]\n\t(No symbol) [0x012D4A1F]\n\t(No symbol) [0x012DA418]\n\t(No symbol) [0x012DA505]\n\t(No symbol) [0x012E508B]\n\tBaseThreadInitThunk [0x767B6A24+36]\n\tRtlInitializeExceptionChain [0x778FA9FF+143]\n\tRtlInitializeExceptionChain [0x778FA9CA+90]", "trace": "self = <tests.test_pim.TestPIM object at 0x00000028399738D0>\ndriver = <selenium.webdriver.chrome.webdriver.WebDriver (session=\"519259848277385dc0648f33362abdd5\")>\n\n    def test_edit_employee(self, driver):\n        login_page = LoginPage(driver)\n        dashboard_page = DashboardPage(driver)\n        pim_page = PIMPage(driver)\n    \n        # --- Login ---\n        login_page.open_login_page()\n        login_page.login(\"Admin\", \"admin123\")\n        assert dashboard_page.is_dashboard_loaded()\n    \n        # --- Go to PIM ---\n        dashboard_page.go_to_pim()\n    \n        # --- Select Employee to Edit ---\n        pim_page.search_employee(\"mirza shakeeb farhan baig\")\n    \n        # --- Update Details ---\n        #pim_page.update_job_title(\"Software Engineer\")  # Example\n        # Add other fields if needed\n    \n        # --- Save ---\n>       pim_page.click_save()\n\ntests\\test_pim.py:59: \n_ _ _ _ _ _ _ _ _ _ _ _ _ _ _ _ _ _ _ _ _ _ _ _ _ _ _ _ _ _ _ _ _ _ _ _ _ _ _\npages\\pim_page.py:89: in click_save\n    self.click(self.save_btn)\npages\\base_page.py:60: in click\n    element = self.find_element(locator)\n              ^^^^^^^^^^^^^^^^^^^^^^^^^^\npages\\base_page.py:31: in find_element\n    return WebDriverWait(self.driver, self.timeout).until(\n_ _ _ _ _ _ _ _ _ _ _ _ _ _ _ _ _ _ _ _ _ _ _ _ _ _ _ _ _ _ _ _ _ _ _ _ _ _ _\n\nself = <selenium.webdriver.support.wait.WebDriverWait (session=\"519259848277385dc0648f33362abdd5\")>\nmethod = <function visibility_of_element_located.<locals>._predicate at 0x0000002839E64AE0>\nmessage = ''\n\n    def until(self, method: Callable[[D], Union[Literal[False], T]], message: str = \"\") -> T:\n        \"\"\"Wait until the method returns a value that is not False.\n    \n        Calls the method provided with the driver as an argument until the\n        return value does not evaluate to ``False``.\n    \n        Parameters:\n        -----------\n        method: callable(WebDriver)\n            - A callable object that takes a WebDriver instance as an argument.\n    \n        message: str\n            - Optional message for :exc:`TimeoutException`\n    \n        Return:\n        -------\n        object: T\n            - The result of the last call to `method`\n    \n        Raises:\n        -------\n        TimeoutException\n            - If 'method' does not return a truthy value within the WebDriverWait\n            object's timeout\n    \n        Example:\n        --------\n        >>> from selenium.webdriver.common.by import By\n        >>> from selenium.webdriver.support.ui import WebDriverWait\n        >>> from selenium.webdriver.support import expected_conditions as EC\n    \n        # Wait until an element is visible on the page\n        >>> wait = WebDriverWait(driver, 10)\n        >>> element = wait.until(EC.visibility_of_element_located((By.ID, \"exampleId\")))\n        >>> print(element.text)\n        \"\"\"\n        screen = None\n        stacktrace = None\n    \n        end_time = time.monotonic() + self._timeout\n        while True:\n            try:\n                value = method(self._driver)\n                if value:\n                    return value\n            except self._ignored_exceptions as exc:\n                screen = getattr(exc, \"screen\", None)\n                stacktrace = getattr(exc, \"stacktrace\", None)\n            if time.monotonic() > end_time:\n                break\n            time.sleep(self._poll)\n>       raise TimeoutException(message, screen, stacktrace)\nE       selenium.common.exceptions.TimeoutException: Message: \nE       Stacktrace:\nE       Backtrace:\nE       \t(No symbol) [0x01336643]\nE       \t(No symbol) [0x012CBE21]\nE       \t(No symbol) [0x011CDA9D]\nE       \t(No symbol) [0x01201342]\nE       \t(No symbol) [0x0120147B]\nE       \t(No symbol) [0x01238DC2]\nE       \t(No symbol) [0x0121FDC4]\nE       \t(No symbol) [0x01236B09]\nE       \t(No symbol) [0x0121FB76]\nE       \t(No symbol) [0x011F49C1]\nE       \t(No symbol) [0x011F5E5D]\nE       \tGetHandleVerifier [0x015AA142+2497106]\nE       \tGetHandleVerifier [0x015D85D3+2686691]\nE       \tGetHandleVerifier [0x015DBB9C+2700460]\nE       \tGetHandleVerifier [0x013E3B10+635936]\nE       \t(No symbol) [0x012D4A1F]\nE       \t(No symbol) [0x012DA418]\nE       \t(No symbol) [0x012DA505]\nE       \t(No symbol) [0x012E508B]\nE       \tBaseThreadInitThunk [0x767B6A24+36]\nE       \tRtlInitializeExceptionChain [0x778FA9FF+143]\nE       \tRtlInitializeExceptionChain [0x778FA9CA+90]\n\nC:\\Users\\MIRZAS\\AppData\\Local\\Programs\\Python\\Python311\\Lib\\site-packages\\selenium\\webdriver\\support\\wait.py:138: TimeoutException"}, "steps": [{"name": "Open OrangeHRM login page", "status": "passed", "steps": [{"name": "Open URL: 'https://opensource-demo.orangehrmlive.com/'", "status": "passed", "parameters": [{"name": "url", "value": "'https://opensource-demo.orangehrmlive.com/'"}], "start": 1758711458077, "stop": 1758711463504}], "start": 1758711458076, "stop": 1758711463504}, {"name": "Login with username: 'Admin' and password: 'admin123'", "status": "passed", "steps": [{"name": "Type ''Admin'' into element: ('name', 'username')", "status": "passed", "steps": [{"name": "Find element: ('name', 'username')", "status": "passed", "parameters": [{"name": "locator", "value": "('name', 'username')"}], "start": 1758711463507, "stop": 1758711465389}], "parameters": [{"name": "locator", "value": "('name', 'username')"}, {"name": "text", "value": "'Admin'"}], "start": 1758711463506, "stop": 1758711465732}, {"name": "Type ''admin123'' into element: ('name', 'password')", "status": "passed", "steps": [{"name": "Find element: ('name', 'password')", "status": "passed", "parameters": [{"name": "locator", "value": "('name', 'password')"}], "start": 1758711465733, "stop": 1758711465833}], "parameters": [{"name": "locator", "value": "('name', 'password')"}, {"name": "text", "value": "'admin123'"}], "start": 1758711465732, "stop": 1758711466239}, {"name": "Click element: ('xpath', \"//button[@type='submit']\")", "status": "passed", "steps": [{"name": "Find element: ('xpath', \"//button[@type='submit']\")", "status": "passed", "parameters": [{"name": "locator", "value": "('xpath', \"//button[@type='submit']\")"}], "start": 1758711466239, "stop": 1758711466295}], "parameters": [{"name": "locator", "value": "('xpath', \"//button[@type='submit']\")"}], "start": 1758711466239, "stop": 1758711467992}], "attachments": [{"name": "dashboard_loaded", "source": "5810df42-585f-469f-8367-8dbc47b64cfe-attachment.png", "type": "image/png"}], "parameters": [{"name": "user", "value": "'Admin'"}, {"name": "pwd", "value": "'admin123'"}], "start": 1758711463505, "stop": 1758711470929}, {"name": "Validate Dashboard is loaded", "status": "passed", "attachments": [{"name": "dashboard_loaded", "source": "7b023a9f-1423-4a9d-a2e1-b4af1316626d-attachment.png", "type": "image/png"}], "start": 1758711470963, "stop": 1758711471488}, {"name": "Navigate to PIM Module", "status": "passed", "steps": [{"name": "Click element: ('xpath', \"//span[text()='PIM']\")", "status": "passed", "steps": [{"name": "Find element: ('xpath', \"//span[text()='PIM']\")", "status": "passed", "parameters": [{"name": "locator", "value": "('xpath', \"//span[text()='PIM']\")"}], "start": 1758711471489, "stop": 1758711471565}], "parameters": [{"name": "locator", "value": "('xpath', \"//span[text()='PIM']\")"}], "start": 1758711471489, "stop": 1758711473285}], "start": 1758711471489, "stop": 1758711473287}, {"name": "Search employee by name: 'mirza shakeeb farhan baig'", "status": "passed", "steps": [{"name": "Type ''mirza shakeeb farhan baig'' into element: ('xpath', \"//input[@placeholder='Type for hints...'][1]\")", "status": "passed", "steps": [{"name": "Find element: ('xpath', \"//input[@placeholder='Type for hints...'][1]\")", "status": "passed", "parameters": [{"name": "locator", "value": "('xpath', \"//input[@placeholder='Type for hints...'][1]\")"}], "start": 1758711473289, "stop": 1758711474170}], "parameters": [{"name": "locator", "value": "('xpath', \"//input[@placeholder='Type for hints...'][1]\")"}, {"name": "text", "value": "'mirza shakeeb farhan baig'"}], "start": 1758711473288, "stop": 1758711475599}, {"name": "Click element: ('xpath', \"//button[@type='submit']\")", "status": "passed", "steps": [{"name": "Find element: ('xpath', \"//button[@type='submit']\")", "status": "passed", "parameters": [{"name": "locator", "value": "('xpath', \"//button[@type='submit']\")"}], "start": 1758711475600, "stop": 1758711475693}], "parameters": [{"name": "locator", "value": "('xpath', \"//button[@type='submit']\")"}], "start": 1758711475600, "stop": 1758711475899}], "parameters": [{"name": "employee_name", "value": "'mirza shakeeb farhan baig'"}], "start": 1758711473288, "stop": 1758711475901}, {"name": "Click Save button", "status": "broken", "statusDetails": {"message": "selenium.common.exceptions.TimeoutException: Message: \nStacktrace:\nBacktrace:\n\t(No symbol) [0x01336643]\n\t(No symbol) [0x012CBE21]\n\t(No symbol) [0x011CDA9D]\n\t(No symbol) [0x01201342]\n\t(No symbol) [0x0120147B]\n\t(No symbol) [0x01238DC2]\n\t(No symbol) [0x0121FDC4]\n\t(No symbol) [0x01236B09]\n\t(No symbol) [0x0121FB76]\n\t(No symbol) [0x011F49C1]\n\t(No symbol) [0x011F5E5D]\n\tGetHandleVerifier [0x015AA142+2497106]\n\tGetHandleVerifier [0x015D85D3+2686691]\n\tGetHandleVerifier [0x015DBB9C+2700460]\n\tGetHandleVerifier [0x013E3B10+635936]\n\t(No symbol) [0x012D4A1F]\n\t(No symbol) [0x012DA418]\n\t(No symbol) [0x012DA505]\n\t(No symbol) [0x012E508B]\n\tBaseThreadInitThunk [0x767B6A24+36]\n\tRtlInitializeExceptionChain [0x778FA9FF+143]\n\tRtlInitializeExceptionChain [0x778FA9CA+90]\n\n", "trace": "  File \"C:\\Users\\MIRZAS\\AppData\\Local\\Programs\\Python\\Python311\\Lib\\site-packages\\allure_commons\\_allure.py\", line 202, in impl\n    return func(*a, **kw)\n           ^^^^^^^^^^^^^^\n  File \"C:\\MIRZA\\Users\\MIRZAS\\selenium_parallel_project\\pages\\pim_page.py\", line 89, in click_save\n    self.click(self.save_btn)\n  File \"C:\\Users\\MIRZAS\\AppData\\Local\\Programs\\Python\\Python311\\Lib\\site-packages\\allure_commons\\_allure.py\", line 202, in impl\n    return func(*a, **kw)\n           ^^^^^^^^^^^^^^\n  File \"C:\\MIRZA\\Users\\MIRZAS\\selenium_parallel_project\\pages\\base_page.py\", line 60, in click\n    element = self.find_element(locator)\n              ^^^^^^^^^^^^^^^^^^^^^^^^^^\n  File \"C:\\Users\\MIRZAS\\AppData\\Local\\Programs\\Python\\Python311\\Lib\\site-packages\\allure_commons\\_allure.py\", line 202, in impl\n    return func(*a, **kw)\n           ^^^^^^^^^^^^^^\n  File \"C:\\MIRZA\\Users\\MIRZAS\\selenium_parallel_project\\pages\\base_page.py\", line 31, in find_element\n    return WebDriverWait(self.driver, self.timeout).until(\n           ^^^^^^^^^^^^^^^^^^^^^^^^^^^^^^^^^^^^^^^^^^^^^^^\n  File \"C:\\Users\\MIRZAS\\AppData\\Local\\Programs\\Python\\Python311\\Lib\\site-packages\\selenium\\webdriver\\support\\wait.py\", line 138, in until\n    raise TimeoutException(message, screen, stacktrace)\n"}, "steps": [{"name": "Click element: ('xpath', \"//button[normalize-space()='Save']\")", "status": "broken", "statusDetails": {"message": "selenium.common.exceptions.TimeoutException: Message: \nStacktrace:\nBacktrace:\n\t(No symbol) [0x01336643]\n\t(No symbol) [0x012CBE21]\n\t(No symbol) [0x011CDA9D]\n\t(No symbol) [0x01201342]\n\t(No symbol) [0x0120147B]\n\t(No symbol) [0x01238DC2]\n\t(No symbol) [0x0121FDC4]\n\t(No symbol) [0x01236B09]\n\t(No symbol) [0x0121FB76]\n\t(No symbol) [0x011F49C1]\n\t(No symbol) [0x011F5E5D]\n\tGetHandleVerifier [0x015AA142+2497106]\n\tGetHandleVerifier [0x015D85D3+2686691]\n\tGetHandleVerifier [0x015DBB9C+2700460]\n\tGetHandleVerifier [0x013E3B10+635936]\n\t(No symbol) [0x012D4A1F]\n\t(No symbol) [0x012DA418]\n\t(No symbol) [0x012DA505]\n\t(No symbol) [0x012E508B]\n\tBaseThreadInitThunk [0x767B6A24+36]\n\tRtlInitializeExceptionChain [0x778FA9FF+143]\n\tRtlInitializeExceptionChain [0x778FA9CA+90]\n\n", "trace": "  File \"C:\\Users\\MIRZAS\\AppData\\Local\\Programs\\Python\\Python311\\Lib\\site-packages\\allure_commons\\_allure.py\", line 202, in impl\n    return func(*a, **kw)\n           ^^^^^^^^^^^^^^\n  File \"C:\\MIRZA\\Users\\MIRZAS\\selenium_parallel_project\\pages\\base_page.py\", line 60, in click\n    element = self.find_element(locator)\n              ^^^^^^^^^^^^^^^^^^^^^^^^^^\n  File \"C:\\Users\\MIRZAS\\AppData\\Local\\Programs\\Python\\Python311\\Lib\\site-packages\\allure_commons\\_allure.py\", line 202, in impl\n    return func(*a, **kw)\n           ^^^^^^^^^^^^^^\n  File \"C:\\MIRZA\\Users\\MIRZAS\\selenium_parallel_project\\pages\\base_page.py\", line 31, in find_element\n    return WebDriverWait(self.driver, self.timeout).until(\n           ^^^^^^^^^^^^^^^^^^^^^^^^^^^^^^^^^^^^^^^^^^^^^^^\n  File \"C:\\Users\\MIRZAS\\AppData\\Local\\Programs\\Python\\Python311\\Lib\\site-packages\\selenium\\webdriver\\support\\wait.py\", line 138, in until\n    raise TimeoutException(message, screen, stacktrace)\n"}, "steps": [{"name": "Find element: ('xpath', \"//button[normalize-space()='Save']\")", "status": "broken", "statusDetails": {"message": "selenium.common.exceptions.TimeoutException: Message: \nStacktrace:\nBacktrace:\n\t(No symbol) [0x01336643]\n\t(No symbol) [0x012CBE21]\n\t(No symbol) [0x011CDA9D]\n\t(No symbol) [0x01201342]\n\t(No symbol) [0x0120147B]\n\t(No symbol) [0x01238DC2]\n\t(No symbol) [0x0121FDC4]\n\t(No symbol) [0x01236B09]\n\t(No symbol) [0x0121FB76]\n\t(No symbol) [0x011F49C1]\n\t(No symbol) [0x011F5E5D]\n\tGetHandleVerifier [0x015AA142+2497106]\n\tGetHandleVerifier [0x015D85D3+2686691]\n\tGetHandleVerifier [0x015DBB9C+2700460]\n\tGetHandleVerifier [0x013E3B10+635936]\n\t(No symbol) [0x012D4A1F]\n\t(No symbol) [0x012DA418]\n\t(No symbol) [0x012DA505]\n\t(No symbol) [0x012E508B]\n\tBaseThreadInitThunk [0x767B6A24+36]\n\tRtlInitializeExceptionChain [0x778FA9FF+143]\n\tRtlInitializeExceptionChain [0x778FA9CA+90]\n\n", "trace": "  File \"C:\\Users\\MIRZAS\\AppData\\Local\\Programs\\Python\\Python311\\Lib\\site-packages\\allure_commons\\_allure.py\", line 202, in impl\n    return func(*a, **kw)\n           ^^^^^^^^^^^^^^\n  File \"C:\\MIRZA\\Users\\MIRZAS\\selenium_parallel_project\\pages\\base_page.py\", line 31, in find_element\n    return WebDriverWait(self.driver, self.timeout).until(\n           ^^^^^^^^^^^^^^^^^^^^^^^^^^^^^^^^^^^^^^^^^^^^^^^\n  File \"C:\\Users\\MIRZAS\\AppData\\Local\\Programs\\Python\\Python311\\Lib\\site-packages\\selenium\\webdriver\\support\\wait.py\", line 138, in until\n    raise TimeoutException(message, screen, stacktrace)\n"}, "attachments": [{"name": "//button[normalize-space()='Save']_not_found", "source": "18c2b84c-96b8-4263-9059-6dc6cddf347d-attachment.png", "type": "image/png"}], "parameters": [{"name": "locator", "value": "('xpath', \"//button[normalize-space()='Save']\")"}], "start": 1758711475903, "stop": 1758711486656}], "parameters": [{"name": "locator", "value": "('xpath', \"//button[normalize-space()='Save']\")"}], "start": 1758711475902, "stop": 1758711486662}], "start": 1758711475902, "stop": 1758711486666}], "attachments": [{"name": "test_edit_employee_failure", "source": "1667df99-cf6d-4308-b20a-5e6b0a738ec1-attachment.png", "type": "image/png"}, {"name": "test_edit_employee_logs", "source": "f641a527-44fe-4e85-b8eb-9d4e194ed6e1-attachment.txt", "type": "text/plain"}, {"name": "log", "source": "4ada52f9-afd9-47f7-a7e4-f271916fee5b-attachment.txt", "type": "text/plain"}], "start": 1758711458076, "stop": 1758711486672, "uuid": "0a619436-7feb-4e8a-86cb-682a9c238a56", "historyId": "ed51e6f44123a7a35b23071206ab44d0", "testCaseId": "ed51e6f44123a7a35b23071206ab44d0", "fullName": "tests.test_pim.TestPIM#test_edit_employee", "labels": [{"name": "parentSuite", "value": "tests"}, {"name": "suite", "value": "test_pim"}, {"name": "subSuite", "value": "TestPIM"}, {"name": "host", "value": "MIRZA"}, {"name": "thread", "value": "6584-MainThread"}, {"name": "framework", "value": "pytest"}, {"name": "language", "value": "cpython3"}, {"name": "package", "value": "tests.test_pim"}], "titlePath": ["tests", "test_pim.py", "TestPIM"]}