{"name": "test_admin_full_flow", "status": "broken", "statusDetails": {"message": "selenium.common.exceptions.TimeoutException: Message: \nStacktrace:\nBacktrace:\n\t(No symbol) [0x01476643]\n\t(No symbol) [0x0140BE21]\n\t(No symbol) [0x0130DA9D]\n\t(No symbol) [0x01341342]\n\t(No symbol) [0x0134147B]\n\t(No symbol) [0x01378DC2]\n\t(No symbol) [0x0135FDC4]\n\t(No symbol) [0x01376B09]\n\t(No symbol) [0x0135FB76]\n\t(No symbol) [0x013349C1]\n\t(No symbol) [0x01335E5D]\n\tGetHandleVerifier [0x016EA142+2497106]\n\tGetHandleVerifier [0x017185D3+2686691]\n\tGetHandleVerifier [0x0171BB9C+2700460]\n\tGetHandleVerifier [0x01523B10+635936]\n\t(No symbol) [0x01414A1F]\n\t(No symbol) [0x0141A418]\n\t(No symbol) [0x0141A505]\n\t(No symbol) [0x0142508B]\n\tBaseThreadInitThunk [0x74D66A24+36]\n\tRtlInitializeExceptionChain [0x7748A9FF+143]\n\tRtlInitializeExceptionChain [0x7748A9CA+90]", "trace": "self = <tests.test_admin_page.TestAdminPage object at 0x000000040E547F50>\ndriver = <selenium.webdriver.chrome.webdriver.WebDriver (session=\"2224c7309565035e29d5bd7f264ad894\")>\n\n    @allure.story(\"Full Admin flow: Add, Search, Reset, Delete user\")\n    def test_admin_full_flow(self, driver):\n        login_page = LoginPage(driver)\n        dashboard_page = DashboardPage(driver)\n        admin_page = AdminPage(driver)\n    \n        # Step 1: Login as Admin\n        with allure.step(\"Login as Admin\"):\n            login_page.open_login_page()\n            login_page.login(\"Admin\", \"admin123\")\n            assert dashboard_page.is_dashboard_loaded(), \"Dashboard did not load\"\n    \n        # Step 2: Navigate to Admin tab\n        with allure.step(\"Open Admin tab\"):\n            admin_page.open_admin_tab()\n    \n        # Step 3: Add new user\n        username_to_add = \"test_admin1\"\n        employee_name = \"Orange Test\"\n        with allure.step(f\"Add new user: {username_to_add}\"):\n            admin_page.click_add_button()  # Waits for Add User form\n>           admin_page.add_new_user(\n                role=\"Admin\",\n                emp_name=employee_name,  # Employee autocomplete handled\n                username=username_to_add,\n                status=\"Enabled\",\n                password=\"Test@1234\"\n            )\n\ntests\\test_admin_page.py:31: \n_ _ _ _ _ _ _ _ _ _ _ _ _ _ _ _ _ _ _ _ _ _ _ _ _ _ _ _ _ _ _ _ _ _ _ _ _ _ _\npages\\admin_page.py:84: in add_new_user\n    suggestion_element = WebDriverWait(self.driver, self.timeout).until(\n_ _ _ _ _ _ _ _ _ _ _ _ _ _ _ _ _ _ _ _ _ _ _ _ _ _ _ _ _ _ _ _ _ _ _ _ _ _ _\n\nself = <selenium.webdriver.support.wait.WebDriverWait (session=\"2224c7309565035e29d5bd7f264ad894\")>\nmethod = <function element_to_be_clickable.<locals>._predicate at 0x000000040FAC4180>\nmessage = ''\n\n    def until(self, method: Callable[[D], Union[Literal[False], T]], message: str = \"\") -> T:\n        \"\"\"Wait until the method returns a value that is not False.\n    \n        Calls the method provided with the driver as an argument until the\n        return value does not evaluate to ``False``.\n    \n        Parameters:\n        -----------\n        method: callable(WebDriver)\n            - A callable object that takes a WebDriver instance as an argument.\n    \n        message: str\n            - Optional message for :exc:`TimeoutException`\n    \n        Return:\n        -------\n        object: T\n            - The result of the last call to `method`\n    \n        Raises:\n        -------\n        TimeoutException\n            - If 'method' does not return a truthy value within the WebDriverWait\n            object's timeout\n    \n        Example:\n        --------\n        >>> from selenium.webdriver.common.by import By\n        >>> from selenium.webdriver.support.ui import WebDriverWait\n        >>> from selenium.webdriver.support import expected_conditions as EC\n    \n        # Wait until an element is visible on the page\n        >>> wait = WebDriverWait(driver, 10)\n        >>> element = wait.until(EC.visibility_of_element_located((By.ID, \"exampleId\")))\n        >>> print(element.text)\n        \"\"\"\n        screen = None\n        stacktrace = None\n    \n        end_time = time.monotonic() + self._timeout\n        while True:\n            try:\n                value = method(self._driver)\n                if value:\n                    return value\n            except self._ignored_exceptions as exc:\n                screen = getattr(exc, \"screen\", None)\n                stacktrace = getattr(exc, \"stacktrace\", None)\n            if time.monotonic() > end_time:\n                break\n            time.sleep(self._poll)\n>       raise TimeoutException(message, screen, stacktrace)\nE       selenium.common.exceptions.TimeoutException: Message: \nE       Stacktrace:\nE       Backtrace:\nE       \t(No symbol) [0x01476643]\nE       \t(No symbol) [0x0140BE21]\nE       \t(No symbol) [0x0130DA9D]\nE       \t(No symbol) [0x01341342]\nE       \t(No symbol) [0x0134147B]\nE       \t(No symbol) [0x01378DC2]\nE       \t(No symbol) [0x0135FDC4]\nE       \t(No symbol) [0x01376B09]\nE       \t(No symbol) [0x0135FB76]\nE       \t(No symbol) [0x013349C1]\nE       \t(No symbol) [0x01335E5D]\nE       \tGetHandleVerifier [0x016EA142+2497106]\nE       \tGetHandleVerifier [0x017185D3+2686691]\nE       \tGetHandleVerifier [0x0171BB9C+2700460]\nE       \tGetHandleVerifier [0x01523B10+635936]\nE       \t(No symbol) [0x01414A1F]\nE       \t(No symbol) [0x0141A418]\nE       \t(No symbol) [0x0141A505]\nE       \t(No symbol) [0x0142508B]\nE       \tBaseThreadInitThunk [0x74D66A24+36]\nE       \tRtlInitializeExceptionChain [0x7748A9FF+143]\nE       \tRtlInitializeExceptionChain [0x7748A9CA+90]\n\nC:\\Users\\MIRZAS\\AppData\\Local\\Programs\\Python\\Python311\\Lib\\site-packages\\selenium\\webdriver\\support\\wait.py:138: TimeoutException"}, "steps": [{"name": "Login as Admin", "status": "passed", "steps": [{"name": "Open OrangeHRM login page", "status": "passed", "steps": [{"name": "Open URL: 'https://opensource-demo.orangehrmlive.com/'", "status": "passed", "parameters": [{"name": "url", "value": "'https://opensource-demo.orangehrmlive.com/'"}], "start": 1757936447633, "stop": 1757936453359}], "start": 1757936447632, "stop": 1757936453360}, {"name": "Login with username: 'Admin' and password: 'admin123'", "status": "passed", "steps": [{"name": "Type ''Admin'' into element: ('name', 'username')", "status": "passed", "steps": [{"name": "Find element: ('name', 'username')", "status": "passed", "parameters": [{"name": "locator", "value": "('name', 'username')"}], "start": 1757936453363, "stop": 1757936454794}], "parameters": [{"name": "locator", "value": "('name', 'username')"}, {"name": "text", "value": "'Admin'"}], "start": 1757936453362, "stop": 1757936455110}, {"name": "Type ''admin123'' into element: ('name', 'password')", "status": "passed", "steps": [{"name": "Find element: ('name', 'password')", "status": "passed", "parameters": [{"name": "locator", "value": "('name', 'password')"}], "start": 1757936455112, "stop": 1757936455205}], "parameters": [{"name": "locator", "value": "('name', 'password')"}, {"name": "text", "value": "'admin123'"}], "start": 1757936455111, "stop": 1757936455614}, {"name": "Click element: ('xpath', \"//button[@type='submit']\")", "status": "passed", "steps": [{"name": "Find element: ('xpath', \"//button[@type='submit']\")", "status": "passed", "parameters": [{"name": "locator", "value": "('xpath', \"//button[@type='submit']\")"}], "start": 1757936455615, "stop": 1757936455686}], "parameters": [{"name": "locator", "value": "('xpath', \"//button[@type='submit']\")"}], "start": 1757936455615, "stop": 1757936457584}], "attachments": [{"name": "dashboard_loaded", "source": "b95703e0-db4d-46a3-96bf-74531b87b274-attachment.png", "type": "image/png"}], "parameters": [{"name": "user", "value": "'Admin'"}, {"name": "pwd", "value": "'admin123'"}], "start": 1757936453361, "stop": 1757936460753}, {"name": "Validate Dashboard is loaded", "status": "passed", "attachments": [{"name": "dashboard_loaded", "source": "e02f8ce2-7b83-45a1-a5f2-8de3b800787c-attachment.png", "type": "image/png"}], "start": 1757936460754, "stop": 1757936461313}], "start": 1757936447631, "stop": 1757936461313}, {"name": "Open Admin tab", "status": "passed", "steps": [{"name": "Open Admin Tab", "status": "passed", "steps": [{"name": "Click element: ('xpath', \"//span[text()='Admin']\")", "status": "passed", "steps": [{"name": "Find element: ('xpath', \"//span[text()='Admin']\")", "status": "passed", "parameters": [{"name": "locator", "value": "('xpath', \"//span[text()='Admin']\")"}], "start": 1757936461314, "stop": 1757936461400}], "parameters": [{"name": "locator", "value": "('xpath', \"//span[text()='Admin']\")"}], "start": 1757936461314, "stop": 1757936463190}], "start": 1757936461313, "stop": 1757936463191}], "start": 1757936461313, "stop": 1757936463191}, {"name": "Add new user: test_admin1", "status": "broken", "statusDetails": {"message": "selenium.common.exceptions.TimeoutException: Message: \nStacktrace:\nBacktrace:\n\t(No symbol) [0x01476643]\n\t(No symbol) [0x0140BE21]\n\t(No symbol) [0x0130DA9D]\n\t(No symbol) [0x01341342]\n\t(No symbol) [0x0134147B]\n\t(No symbol) [0x01378DC2]\n\t(No symbol) [0x0135FDC4]\n\t(No symbol) [0x01376B09]\n\t(No symbol) [0x0135FB76]\n\t(No symbol) [0x013349C1]\n\t(No symbol) [0x01335E5D]\n\tGetHandleVerifier [0x016EA142+2497106]\n\tGetHandleVerifier [0x017185D3+2686691]\n\tGetHandleVerifier [0x0171BB9C+2700460]\n\tGetHandleVerifier [0x01523B10+635936]\n\t(No symbol) [0x01414A1F]\n\t(No symbol) [0x0141A418]\n\t(No symbol) [0x0141A505]\n\t(No symbol) [0x0142508B]\n\tBaseThreadInitThunk [0x74D66A24+36]\n\tRtlInitializeExceptionChain [0x7748A9FF+143]\n\tRtlInitializeExceptionChain [0x7748A9CA+90]\n\n", "trace": "  File \"C:\\MIRZA\\Users\\MIRZAS\\selenium_parallel_project\\tests\\test_admin_page.py\", line 31, in test_admin_full_flow\n    admin_page.add_new_user(\n  File \"C:\\Users\\MIRZAS\\AppData\\Local\\Programs\\Python\\Python311\\Lib\\site-packages\\allure_commons\\_allure.py\", line 202, in impl\n    return func(*a, **kw)\n           ^^^^^^^^^^^^^^\n  File \"C:\\MIRZA\\Users\\MIRZAS\\selenium_parallel_project\\pages\\admin_page.py\", line 84, in add_new_user\n    suggestion_element = WebDriverWait(self.driver, self.timeout).until(\n                         ^^^^^^^^^^^^^^^^^^^^^^^^^^^^^^^^^^^^^^^^^^^^^^^\n  File \"C:\\Users\\MIRZAS\\AppData\\Local\\Programs\\Python\\Python311\\Lib\\site-packages\\selenium\\webdriver\\support\\wait.py\", line 138, in until\n    raise TimeoutException(message, screen, stacktrace)\n"}, "steps": [{"name": "Click Add User button", "status": "passed", "steps": [{"name": "Click element: ('xpath', \"//button[normalize-space()='Add']\")", "status": "passed", "steps": [{"name": "Find element: ('xpath', \"//button[normalize-space()='Add']\")", "status": "passed", "parameters": [{"name": "locator", "value": "('xpath', \"//button[normalize-space()='Add']\")"}], "start": 1757936463193, "stop": 1757936464070}], "parameters": [{"name": "locator", "value": "('xpath', \"//button[normalize-space()='Add']\")"}], "start": 1757936463193, "stop": 1757936465047}], "start": 1757936463192, "stop": 1757936465886}, {"name": "Add new user: 'test_admin1'", "status": "broken", "statusDetails": {"message": "selenium.common.exceptions.TimeoutException: Message: \nStacktrace:\nBacktrace:\n\t(No symbol) [0x01476643]\n\t(No symbol) [0x0140BE21]\n\t(No symbol) [0x0130DA9D]\n\t(No symbol) [0x01341342]\n\t(No symbol) [0x0134147B]\n\t(No symbol) [0x01378DC2]\n\t(No symbol) [0x0135FDC4]\n\t(No symbol) [0x01376B09]\n\t(No symbol) [0x0135FB76]\n\t(No symbol) [0x013349C1]\n\t(No symbol) [0x01335E5D]\n\tGetHandleVerifier [0x016EA142+2497106]\n\tGetHandleVerifier [0x017185D3+2686691]\n\tGetHandleVerifier [0x0171BB9C+2700460]\n\tGetHandleVerifier [0x01523B10+635936]\n\t(No symbol) [0x01414A1F]\n\t(No symbol) [0x0141A418]\n\t(No symbol) [0x0141A505]\n\t(No symbol) [0x0142508B]\n\tBaseThreadInitThunk [0x74D66A24+36]\n\tRtlInitializeExceptionChain [0x7748A9FF+143]\n\tRtlInitializeExceptionChain [0x7748A9CA+90]\n\n", "trace": "  File \"C:\\Users\\MIRZAS\\AppData\\Local\\Programs\\Python\\Python311\\Lib\\site-packages\\allure_commons\\_allure.py\", line 202, in impl\n    return func(*a, **kw)\n           ^^^^^^^^^^^^^^\n  File \"C:\\MIRZA\\Users\\MIRZAS\\selenium_parallel_project\\pages\\admin_page.py\", line 84, in add_new_user\n    suggestion_element = WebDriverWait(self.driver, self.timeout).until(\n                         ^^^^^^^^^^^^^^^^^^^^^^^^^^^^^^^^^^^^^^^^^^^^^^^\n  File \"C:\\Users\\MIRZAS\\AppData\\Local\\Programs\\Python\\Python311\\Lib\\site-packages\\selenium\\webdriver\\support\\wait.py\", line 138, in until\n    raise TimeoutException(message, screen, stacktrace)\n"}, "steps": [{"name": "Select option ''Admin'' from dropdown: ('xpath', \"//label[text()='User Role']/../following-sibling::div//div[contains(@class,'oxd-select-text-input')]\")", "status": "passed", "steps": [{"name": "Find element: ('xpath', \"//label[text()='User Role']/../following-sibling::div//div[contains(@class,'oxd-select-text-input')]\")", "status": "passed", "parameters": [{"name": "locator", "value": "('xpath', \"//label[text()='User Role']/../following-sibling::div//div[contains(@class,'oxd-select-text-input')]\")"}], "start": 1757936465887, "stop": 1757936465975}], "parameters": [{"name": "locator", "value": "('xpath', \"//label[text()='User Role']/../following-sibling::div//div[contains(@class,'oxd-select-text-input')]\")"}, {"name": "option_text", "value": "'Admin'"}], "start": 1757936465887, "stop": 1757936466439}, {"name": "Find element: ('xpath', \"//label[text()='Employee Name']/../following-sibling::div//input\")", "status": "passed", "parameters": [{"name": "locator", "value": "('xpath', \"//label[text()='Employee Name']/../following-sibling::div//input\")"}], "start": 1757936466439, "stop": 1757936466496}], "parameters": [{"name": "role", "value": "'Admin'"}, {"name": "emp_name", "value": "'Orange Test'"}, {"name": "username", "value": "'test_admin1'"}, {"name": "status", "value": "'Enabled'"}, {"name": "password", "value": "'Test@1234'"}], "start": 1757936465886, "stop": 1757936476935}], "start": 1757936463192, "stop": 1757936476939}], "attachments": [{"name": "test_admin_full_flow_failure", "source": "fce6fe33-27e1-4103-833c-9e7a403e5a61-attachment.png", "type": "image/png"}, {"name": "test_admin_full_flow_logs", "source": "e6c45f4c-a472-4bfc-966e-92312eecd4ab-attachment.txt", "type": "text/plain"}, {"name": "log", "source": "9ff66d43-8b0a-4c8e-ad41-771f0c965681-attachment.txt", "type": "text/plain"}], "start": 1757936447630, "stop": 1757936476942, "uuid": "9fde33e1-a451-448a-b84a-4afa83d96cb3", "historyId": "6636cf8e348d394fab9cf5e3f5bf57b0", "testCaseId": "6636cf8e348d394fab9cf5e3f5bf57b0", "fullName": "tests.test_admin_page.TestAdminPage#test_admin_full_flow", "labels": [{"name": "feature", "value": "User Management"}, {"name": "story", "value": "Full Admin flow: Add, Search, Reset, Delete user"}, {"name": "epic", "value": "Admin Module"}, {"name": "parentSuite", "value": "tests"}, {"name": "suite", "value": "test_admin_page"}, {"name": "subSuite", "value": "TestAdminPage"}, {"name": "host", "value": "MIRZA"}, {"name": "thread", "value": "10392-MainThread"}, {"name": "framework", "value": "pytest"}, {"name": "language", "value": "cpython3"}, {"name": "package", "value": "tests.test_admin_page"}], "titlePath": ["tests", "test_admin_page.py", "TestAdminPage"]}