{"name": "Search employee, edit nickname, and verify update", "status": "broken", "statusDetails": {"message": "selenium.common.exceptions.TimeoutException: Message: \nStacktrace:\nBacktrace:\n\t(No symbol) [0x00CD6643]\n\t(No symbol) [0x00C6BE21]\n\t(No symbol) [0x00B6DA9D]\n\t(No symbol) [0x00BA1342]\n\t(No symbol) [0x00BA147B]\n\t(No symbol) [0x00BD8DC2]\n\t(No symbol) [0x00BBFDC4]\n\t(No symbol) [0x00BD6B09]\n\t(No symbol) [0x00BBFB76]\n\t(No symbol) [0x00B949C1]\n\t(No symbol) [0x00B95E5D]\n\tGetHandleVerifier [0x00F4A142+2497106]\n\tGetHandleVerifier [0x00F785D3+2686691]\n\tGetHandleVerifier [0x00F7BB9C+2700460]\n\tGetHandleVerifier [0x00D83B10+635936]\n\t(No symbol) [0x00C74A1F]\n\t(No symbol) [0x00C7A418]\n\t(No symbol) [0x00C7A505]\n\t(No symbol) [0x00C8508B]\n\tBaseThreadInitThunk [0x767B6A24+36]\n\tRtlInitializeExceptionChain [0x778FA9FF+143]\n\tRtlInitializeExceptionChain [0x778FA9CA+90]", "trace": "self = <tests.pim.test_pim_edit_employee.TestEditEmployee object at 0x000000F52C6B7250>\ndriver = <selenium.webdriver.chrome.webdriver.WebDriver (session=\"1fa85c4c34588bd84611c62ddde4de4a\")>\nlogin = <pages.dashboard_page.DashboardPage object at 0x000000F52E9C77D0>\n\n    @allure.title(\"Search employee, edit nickname, and verify update\")\n    def test_search_and_edit_nickname(self, driver, login):\n        \"\"\"\n        Test Steps:\n        1. Navigate to PIM\n        2. Search employee by name\n        3. Click edit button\n        4. Update nickname\n        5. Save\n        6. Verify nickname updated\n        \"\"\"\n    \n        # Step 1: Login and go to dashboard\n        dashboard_page = login\n        pim_page = PIMPage(driver)\n    \n        with allure.step(\"Navigate to PIM module\"):\n            dashboard_page.go_to_pim()\n    \n        # Employee details\n        employee_name = \"mirza shakeeb farhan baig\"\n        new_nickname = \"MZ\"\n    \n        with allure.step(f\"Search for employee: {employee_name}\"):\n>           pim_page.search_employee(employee_name)\n\ntests\\pim\\test_pim_edit_employee.py:32: \n_ _ _ _ _ _ _ _ _ _ _ _ _ _ _ _ _ _ _ _ _ _ _ _ _ _ _ _ _ _ _ _ _ _ _ _ _ _ _\npages\\pim_page.py:93: in search_employee\n    WebDriverWait(self.driver, self.timeout).until(\n_ _ _ _ _ _ _ _ _ _ _ _ _ _ _ _ _ _ _ _ _ _ _ _ _ _ _ _ _ _ _ _ _ _ _ _ _ _ _\n\nself = <selenium.webdriver.support.wait.WebDriverWait (session=\"1fa85c4c34588bd84611c62ddde4de4a\")>\nmethod = <function visibility_of_element_located.<locals>._predicate at 0x000000F52F214FE0>\nmessage = ''\n\n    def until(self, method: Callable[[D], Union[Literal[False], T]], message: str = \"\") -> T:\n        \"\"\"Wait until the method returns a value that is not False.\n    \n        Calls the method provided with the driver as an argument until the\n        return value does not evaluate to ``False``.\n    \n        Parameters:\n        -----------\n        method: callable(WebDriver)\n            - A callable object that takes a WebDriver instance as an argument.\n    \n        message: str\n            - Optional message for :exc:`TimeoutException`\n    \n        Return:\n        -------\n        object: T\n            - The result of the last call to `method`\n    \n        Raises:\n        -------\n        TimeoutException\n            - If 'method' does not return a truthy value within the WebDriverWait\n            object's timeout\n    \n        Example:\n        --------\n        >>> from selenium.webdriver.common.by import By\n        >>> from selenium.webdriver.support.ui import WebDriverWait\n        >>> from selenium.webdriver.support import expected_conditions as EC\n    \n        # Wait until an element is visible on the page\n        >>> wait = WebDriverWait(driver, 10)\n        >>> element = wait.until(EC.visibility_of_element_located((By.ID, \"exampleId\")))\n        >>> print(element.text)\n        \"\"\"\n        screen = None\n        stacktrace = None\n    \n        end_time = time.monotonic() + self._timeout\n        while True:\n            try:\n                value = method(self._driver)\n                if value:\n                    return value\n            except self._ignored_exceptions as exc:\n                screen = getattr(exc, \"screen\", None)\n                stacktrace = getattr(exc, \"stacktrace\", None)\n            if time.monotonic() > end_time:\n                break\n            time.sleep(self._poll)\n>       raise TimeoutException(message, screen, stacktrace)\nE       selenium.common.exceptions.TimeoutException: Message: \nE       Stacktrace:\nE       Backtrace:\nE       \t(No symbol) [0x00CD6643]\nE       \t(No symbol) [0x00C6BE21]\nE       \t(No symbol) [0x00B6DA9D]\nE       \t(No symbol) [0x00BA1342]\nE       \t(No symbol) [0x00BA147B]\nE       \t(No symbol) [0x00BD8DC2]\nE       \t(No symbol) [0x00BBFDC4]\nE       \t(No symbol) [0x00BD6B09]\nE       \t(No symbol) [0x00BBFB76]\nE       \t(No symbol) [0x00B949C1]\nE       \t(No symbol) [0x00B95E5D]\nE       \tGetHandleVerifier [0x00F4A142+2497106]\nE       \tGetHandleVerifier [0x00F785D3+2686691]\nE       \tGetHandleVerifier [0x00F7BB9C+2700460]\nE       \tGetHandleVerifier [0x00D83B10+635936]\nE       \t(No symbol) [0x00C74A1F]\nE       \t(No symbol) [0x00C7A418]\nE       \t(No symbol) [0x00C7A505]\nE       \t(No symbol) [0x00C8508B]\nE       \tBaseThreadInitThunk [0x767B6A24+36]\nE       \tRtlInitializeExceptionChain [0x778FA9FF+143]\nE       \tRtlInitializeExceptionChain [0x778FA9CA+90]\n\nC:\\Users\\MIRZAS\\AppData\\Local\\Programs\\Python\\Python311\\Lib\\site-packages\\selenium\\webdriver\\support\\wait.py:138: TimeoutException"}, "description": "\n        Test Steps:\n        1. Navigate to PIM\n        2. Search employee by name\n        3. Click edit button\n        4. Update nickname\n        5. Save\n        6. Verify nickname updated\n        ", "steps": [{"name": "Navigate to PIM module", "status": "passed", "steps": [{"name": "Navigate to PIM Module", "status": "passed", "steps": [{"name": "Click element: ('xpath', \"//span[text()='PIM']\")", "status": "passed", "steps": [{"name": "Find element: ('xpath', \"//span[text()='PIM']\")", "status": "passed", "parameters": [{"name": "locator", "value": "('xpath', \"//span[text()='PIM']\")"}], "start": 1759129240317, "stop": 1759129240392}], "parameters": [{"name": "locator", "value": "('xpath', \"//span[text()='PIM']\")"}], "start": 1759129240317, "stop": 1759129241594}], "start": 1759129240317, "stop": 1759129241600}], "start": 1759129240316, "stop": 1759129241600}, {"name": "Search for employee: mirza shakeeb farhan baig", "status": "broken", "statusDetails": {"message": "selenium.common.exceptions.TimeoutException: Message: \nStacktrace:\nBacktrace:\n\t(No symbol) [0x00CD6643]\n\t(No symbol) [0x00C6BE21]\n\t(No symbol) [0x00B6DA9D]\n\t(No symbol) [0x00BA1342]\n\t(No symbol) [0x00BA147B]\n\t(No symbol) [0x00BD8DC2]\n\t(No symbol) [0x00BBFDC4]\n\t(No symbol) [0x00BD6B09]\n\t(No symbol) [0x00BBFB76]\n\t(No symbol) [0x00B949C1]\n\t(No symbol) [0x00B95E5D]\n\tGetHandleVerifier [0x00F4A142+2497106]\n\tGetHandleVerifier [0x00F785D3+2686691]\n\tGetHandleVerifier [0x00F7BB9C+2700460]\n\tGetHandleVerifier [0x00D83B10+635936]\n\t(No symbol) [0x00C74A1F]\n\t(No symbol) [0x00C7A418]\n\t(No symbol) [0x00C7A505]\n\t(No symbol) [0x00C8508B]\n\tBaseThreadInitThunk [0x767B6A24+36]\n\tRtlInitializeExceptionChain [0x778FA9FF+143]\n\tRtlInitializeExceptionChain [0x778FA9CA+90]\n\n", "trace": "  File \"C:\\MIRZA\\Users\\MIRZAS\\selenium_parallel_project\\tests\\pim\\test_pim_edit_employee.py\", line 32, in test_search_and_edit_nickname\n    pim_page.search_employee(employee_name)\n  File \"C:\\Users\\MIRZAS\\AppData\\Local\\Programs\\Python\\Python311\\Lib\\site-packages\\allure_commons\\_allure.py\", line 202, in impl\n    return func(*a, **kw)\n           ^^^^^^^^^^^^^^\n  File \"C:\\MIRZA\\Users\\MIRZAS\\selenium_parallel_project\\pages\\pim_page.py\", line 93, in search_employee\n    WebDriverWait(self.driver, self.timeout).until(\n  File \"C:\\Users\\MIRZAS\\AppData\\Local\\Programs\\Python\\Python311\\Lib\\site-packages\\selenium\\webdriver\\support\\wait.py\", line 138, in until\n    raise TimeoutException(message, screen, stacktrace)\n"}, "steps": [{"name": "Search employee by name: 'mirza shakeeb farhan baig'", "status": "broken", "statusDetails": {"message": "selenium.common.exceptions.TimeoutException: Message: \nStacktrace:\nBacktrace:\n\t(No symbol) [0x00CD6643]\n\t(No symbol) [0x00C6BE21]\n\t(No symbol) [0x00B6DA9D]\n\t(No symbol) [0x00BA1342]\n\t(No symbol) [0x00BA147B]\n\t(No symbol) [0x00BD8DC2]\n\t(No symbol) [0x00BBFDC4]\n\t(No symbol) [0x00BD6B09]\n\t(No symbol) [0x00BBFB76]\n\t(No symbol) [0x00B949C1]\n\t(No symbol) [0x00B95E5D]\n\tGetHandleVerifier [0x00F4A142+2497106]\n\tGetHandleVerifier [0x00F785D3+2686691]\n\tGetHandleVerifier [0x00F7BB9C+2700460]\n\tGetHandleVerifier [0x00D83B10+635936]\n\t(No symbol) [0x00C74A1F]\n\t(No symbol) [0x00C7A418]\n\t(No symbol) [0x00C7A505]\n\t(No symbol) [0x00C8508B]\n\tBaseThreadInitThunk [0x767B6A24+36]\n\tRtlInitializeExceptionChain [0x778FA9FF+143]\n\tRtlInitializeExceptionChain [0x778FA9CA+90]\n\n", "trace": "  File \"C:\\Users\\MIRZAS\\AppData\\Local\\Programs\\Python\\Python311\\Lib\\site-packages\\allure_commons\\_allure.py\", line 202, in impl\n    return func(*a, **kw)\n           ^^^^^^^^^^^^^^\n  File \"C:\\MIRZA\\Users\\MIRZAS\\selenium_parallel_project\\pages\\pim_page.py\", line 93, in search_employee\n    WebDriverWait(self.driver, self.timeout).until(\n  File \"C:\\Users\\MIRZAS\\AppData\\Local\\Programs\\Python\\Python311\\Lib\\site-packages\\selenium\\webdriver\\support\\wait.py\", line 138, in until\n    raise TimeoutException(message, screen, stacktrace)\n"}, "steps": [{"name": "Click element: ('xpath', \"//button[@type='submit']\")", "status": "passed", "steps": [{"name": "Find element: ('xpath', \"//button[@type='submit']\")", "status": "passed", "parameters": [{"name": "locator", "value": "('xpath', \"//button[@type='submit']\")"}], "start": 1759129243675, "stop": 1759129243730}], "parameters": [{"name": "locator", "value": "('xpath', \"//button[@type='submit']\")"}], "start": 1759129243675, "stop": 1759129243893}], "parameters": [{"name": "employee_name", "value": "'mirza shakeeb farhan baig'"}], "start": 1759129241601, "stop": 1759129253951}], "start": 1759129241600, "stop": 1759129253951}], "attachments": [{"name": "test_search_and_edit_nickname_failure", "source": "b48b065e-4d2d-4608-9f2d-ac726ed8ff5a-attachment.png", "type": "image/png"}, {"name": "test_search_and_edit_nickname_logs", "source": "bd81a67b-c8c2-4528-affb-95e382eb5552-attachment.txt", "type": "text/plain"}, {"name": "log", "source": "de0d6945-37c8-492c-aef5-3f4065a07e6b-attachment.txt", "type": "text/plain"}], "start": 1759129240316, "stop": 1759129253951, "uuid": "4989d4ce-9e7a-4ed8-8f9e-cd4f7e4ca608", "historyId": "95d9b75d370e3d601d4974c65ba8269a", "testCaseId": "95d9b75d370e3d601d4974c65ba8269a", "fullName": "tests.pim.test_pim_edit_employee.TestEditEmployee#test_search_and_edit_nickname", "labels": [{"name": "parentSuite", "value": "tests.pim"}, {"name": "suite", "value": "test_pim_edit_employee"}, {"name": "subSuite", "value": "TestEditEmployee"}, {"name": "host", "value": "MIRZA"}, {"name": "thread", "value": "3640-MainThread"}, {"name": "framework", "value": "pytest"}, {"name": "language", "value": "cpython3"}, {"name": "package", "value": "tests.pim.test_pim_edit_employee"}], "titlePath": ["tests", "pim", "test_pim_edit_employee.py", "TestEditEmployee"]}