{"name": "test_edit_existing_user", "status": "broken", "statusDetails": {"message": "selenium.common.exceptions.TimeoutException: Message: \nStacktrace:\nBacktrace:\n\t(No symbol) [0x01336643]\n\t(No symbol) [0x012CBE21]\n\t(No symbol) [0x011CDA9D]\n\t(No symbol) [0x01201342]\n\t(No symbol) [0x0120147B]\n\t(No symbol) [0x01238DC2]\n\t(No symbol) [0x0121FDC4]\n\t(No symbol) [0x01236B09]\n\t(No symbol) [0x0121FB76]\n\t(No symbol) [0x011F49C1]\n\t(No symbol) [0x011F5E5D]\n\tGetHandleVerifier [0x015AA142+2497106]\n\tGetHandleVerifier [0x015D85D3+2686691]\n\tGetHandleVerifier [0x015DBB9C+2700460]\n\tGetHandleVerifier [0x013E3B10+635936]\n\t(No symbol) [0x012D4A1F]\n\t(No symbol) [0x012DA418]\n\t(No symbol) [0x012DA505]\n\t(No symbol) [0x012E508B]\n\tBaseThreadInitThunk [0x767B6A24+36]\n\tRtlInitializeExceptionChain [0x778FA9FF+143]\n\tRtlInitializeExceptionChain [0x778FA9CA+90]", "trace": "self = <tests.test_admin_page.TestAdminPage object at 0x000000E2C9299590>\ndriver = <selenium.webdriver.chrome.webdriver.WebDriver (session=\"22299062566f02c34d162cd1ac93bea5\")>\n\n    @allure.story(\"Edit existing user\")\n    def test_edit_existing_user(self, driver):\n        login_page = LoginPage(driver)\n        dashboard_page = DashboardPage(driver)\n        admin_page = AdminPage(driver)\n    \n        # Login\n        login_page.open_login_page()\n        login_page.login(\"Admin\", \"admin123\")\n        assert dashboard_page.is_dashboard_loaded(), \"Dashboard did not load\"\n    \n        # Open Admin tab\n        admin_page.open_admin_tab()\n    \n        # Search for the existing user\n        existing_username = \"mirza\"\n        admin_page.search_user(\n            username=existing_username,\n            role=\"Admin\",\n            status=\"Enabled\"\n        )\n    \n        #Edit user details and change password in ONE call\n>       admin_page.edit_user(\n            username=existing_username,\n            new_role=\"ESS\",\n            new_status=\"Disabled\",\n        )\n\ntests\\test_admin_page.py:133: \n_ _ _ _ _ _ _ _ _ _ _ _ _ _ _ _ _ _ _ _ _ _ _ _ _ _ _ _ _ _ _ _ _ _ _ _ _ _ _ _ _ _ _ _ _ _ _ _ _ _ _ _ _ _ _ _ _ _ _ _ _ _ _ _ _ _ _ _ _ _ _ _ _ _ _ _ _ _ _ _ _ _ \npages\\admin_page.py:215: in edit_user\n    WebDriverWait(self.driver, self.timeout).until(\n_ _ _ _ _ _ _ _ _ _ _ _ _ _ _ _ _ _ _ _ _ _ _ _ _ _ _ _ _ _ _ _ _ _ _ _ _ _ _ _ _ _ _ _ _ _ _ _ _ _ _ _ _ _ _ _ _ _ _ _ _ _ _ _ _ _ _ _ _ _ _ _ _ _ _ _ _ _ _ _ _ _ \n\nself = <selenium.webdriver.support.wait.WebDriverWait (session=\"22299062566f02c34d162cd1ac93bea5\")>\nmethod = <function element_to_be_clickable.<locals>._predicate at 0x000000E2C92B11C0>, message = ''\n\n    def until(self, method: Callable[[D], Union[Literal[False], T]], message: str = \"\") -> T:\n        \"\"\"Wait until the method returns a value that is not False.\n    \n        Calls the method provided with the driver as an argument until the\n        return value does not evaluate to ``False``.\n    \n        Parameters:\n        -----------\n        method: callable(WebDriver)\n            - A callable object that takes a WebDriver instance as an argument.\n    \n        message: str\n            - Optional message for :exc:`TimeoutException`\n    \n        Return:\n        -------\n        object: T\n            - The result of the last call to `method`\n    \n        Raises:\n        -------\n        TimeoutException\n            - If 'method' does not return a truthy value within the WebDriverWait\n            object's timeout\n    \n        Example:\n        --------\n        >>> from selenium.webdriver.common.by import By\n        >>> from selenium.webdriver.support.ui import WebDriverWait\n        >>> from selenium.webdriver.support import expected_conditions as EC\n    \n        # Wait until an element is visible on the page\n        >>> wait = WebDriverWait(driver, 10)\n        >>> element = wait.until(EC.visibility_of_element_located((By.ID, \"exampleId\")))\n        >>> print(element.text)\n        \"\"\"\n        screen = None\n        stacktrace = None\n    \n        end_time = time.monotonic() + self._timeout\n        while True:\n            try:\n                value = method(self._driver)\n                if value:\n                    return value\n            except self._ignored_exceptions as exc:\n                screen = getattr(exc, \"screen\", None)\n                stacktrace = getattr(exc, \"stacktrace\", None)\n            if time.monotonic() > end_time:\n                break\n            time.sleep(self._poll)\n>       raise TimeoutException(message, screen, stacktrace)\nE       selenium.common.exceptions.TimeoutException: Message: \nE       Stacktrace:\nE       Backtrace:\nE       \t(No symbol) [0x01336643]\nE       \t(No symbol) [0x012CBE21]\nE       \t(No symbol) [0x011CDA9D]\nE       \t(No symbol) [0x01201342]\nE       \t(No symbol) [0x0120147B]\nE       \t(No symbol) [0x01238DC2]\nE       \t(No symbol) [0x0121FDC4]\nE       \t(No symbol) [0x01236B09]\nE       \t(No symbol) [0x0121FB76]\nE       \t(No symbol) [0x011F49C1]\nE       \t(No symbol) [0x011F5E5D]\nE       \tGetHandleVerifier [0x015AA142+2497106]\nE       \tGetHandleVerifier [0x015D85D3+2686691]\nE       \tGetHandleVerifier [0x015DBB9C+2700460]\nE       \tGetHandleVerifier [0x013E3B10+635936]\nE       \t(No symbol) [0x012D4A1F]\nE       \t(No symbol) [0x012DA418]\nE       \t(No symbol) [0x012DA505]\nE       \t(No symbol) [0x012E508B]\nE       \tBaseThreadInitThunk [0x767B6A24+36]\nE       \tRtlInitializeExceptionChain [0x778FA9FF+143]\nE       \tRtlInitializeExceptionChain [0x778FA9CA+90]\n\nC:\\Users\\MIRZAS\\AppData\\Local\\Programs\\Python\\Python311\\Lib\\site-packages\\selenium\\webdriver\\support\\wait.py:138: TimeoutException"}, "steps": [{"name": "Open OrangeHRM login page", "status": "passed", "steps": [{"name": "Open URL: 'https://opensource-demo.orangehrmlive.com/'", "status": "passed", "parameters": [{"name": "url", "value": "'https://opensource-demo.orangehrmlive.com/'"}], "start": 1758693263262, "stop": 1758693283809}], "start": 1758693263262, "stop": 1758693283809}, {"name": "Login with username: 'Admin' and password: 'admin123'", "status": "passed", "steps": [{"name": "Type ''Admin'' into element: ('name', 'username')", "status": "passed", "steps": [{"name": "Find element: ('name', 'username')", "status": "passed", "parameters": [{"name": "locator", "value": "('name', 'username')"}], "start": 1758693283811, "stop": 1758693285685}], "parameters": [{"name": "locator", "value": "('name', 'username')"}, {"name": "text", "value": "'Admin'"}], "start": 1758693283811, "stop": 1758693286059}, {"name": "Type ''admin123'' into element: ('name', 'password')", "status": "passed", "steps": [{"name": "Find element: ('name', 'password')", "status": "passed", "parameters": [{"name": "locator", "value": "('name', 'password')"}], "start": 1758693286060, "stop": 1758693286129}], "parameters": [{"name": "locator", "value": "('name', 'password')"}, {"name": "text", "value": "'admin123'"}], "start": 1758693286059, "stop": 1758693286447}, {"name": "Click element: ('xpath', \"//button[@type='submit']\")", "status": "passed", "steps": [{"name": "Find element: ('xpath', \"//button[@type='submit']\")", "status": "passed", "parameters": [{"name": "locator", "value": "('xpath', \"//button[@type='submit']\")"}], "start": 1758693286448, "stop": 1758693286496}], "parameters": [{"name": "locator", "value": "('xpath', \"//button[@type='submit']\")"}], "start": 1758693286448, "stop": 1758693288280}], "attachments": [{"name": "dashboard_loaded", "source": "520c3f36-4d0f-4c5c-afe0-1b01d3bf5352-attachment.png", "type": "image/png"}], "parameters": [{"name": "user", "value": "'Admin'"}, {"name": "pwd", "value": "'admin123'"}], "start": 1758693283810, "stop": 1758693289773}, {"name": "Validate Dashboard is loaded", "status": "passed", "attachments": [{"name": "dashboard_loaded", "source": "51909aab-4359-4aa8-b03a-daa6fbddba87-attachment.png", "type": "image/png"}], "start": 1758693289774, "stop": 1758693290971}, {"name": "Open Admin Tab", "status": "passed", "start": 1758693290971, "stop": 1758693292258}, {"name": "Search user: 'mirza'", "status": "passed", "steps": [{"name": "Select option ''Admin'' from dropdown: ('xpath', \"//label[text()='User Role']/../following-sibling::div//div[contains(@class,'oxd-select-text-input')]\")", "status": "passed", "steps": [{"name": "Find element: ('xpath', \"//label[text()='User Role']/../following-sibling::div//div[contains(@class,'oxd-select-text-input')]\")", "status": "passed", "parameters": [{"name": "locator", "value": "('xpath', \"//label[text()='User Role']/../following-sibling::div//div[contains(@class,'oxd-select-text-input')]\")"}], "start": 1758693294110, "stop": 1758693294178}], "parameters": [{"name": "locator", "value": "('xpath', \"//label[text()='User Role']/../following-sibling::div//div[contains(@class,'oxd-select-text-input')]\")"}, {"name": "option_text", "value": "'Admin'"}], "start": 1758693294109, "stop": 1758693294475}, {"name": "Select option ''Enabled'' from dropdown: ('xpath', \"//label[text()='Status']/../following-sibling::div//div[contains(@class,'oxd-select-text-input')]\")", "status": "passed", "steps": [{"name": "Find element: ('xpath', \"//label[text()='Status']/../following-sibling::div//div[contains(@class,'oxd-select-text-input')]\")", "status": "passed", "parameters": [{"name": "locator", "value": "('xpath', \"//label[text()='Status']/../following-sibling::div//div[contains(@class,'oxd-select-text-input')]\")"}], "start": 1758693294476, "stop": 1758693294530}], "parameters": [{"name": "locator", "value": "('xpath', \"//label[text()='Status']/../following-sibling::div//div[contains(@class,'oxd-select-text-input')]\")"}, {"name": "option_text", "value": "'Enabled'"}], "start": 1758693294476, "stop": 1758693294872}], "parameters": [{"name": "username", "value": "'mirza'"}, {"name": "role", "value": "'Admin'"}, {"name": "emp_name", "value": "''"}, {"name": "status", "value": "'Enabled'"}], "start": 1758693292258, "stop": 1758693295150}, {"name": "Edit user: 'mirza'", "status": "broken", "statusDetails": {"message": "selenium.common.exceptions.TimeoutException: Message: \nStacktrace:\nBacktrace:\n\t(No symbol) [0x01336643]\n\t(No symbol) [0x012CBE21]\n\t(No symbol) [0x011CDA9D]\n\t(No symbol) [0x01201342]\n\t(No symbol) [0x0120147B]\n\t(No symbol) [0x01238DC2]\n\t(No symbol) [0x0121FDC4]\n\t(No symbol) [0x01236B09]\n\t(No symbol) [0x0121FB76]\n\t(No symbol) [0x011F49C1]\n\t(No symbol) [0x011F5E5D]\n\tGetHandleVerifier [0x015AA142+2497106]\n\tGetHandleVerifier [0x015D85D3+2686691]\n\tGetHandleVerifier [0x015DBB9C+2700460]\n\tGetHandleVerifier [0x013E3B10+635936]\n\t(No symbol) [0x012D4A1F]\n\t(No symbol) [0x012DA418]\n\t(No symbol) [0x012DA505]\n\t(No symbol) [0x012E508B]\n\tBaseThreadInitThunk [0x767B6A24+36]\n\tRtlInitializeExceptionChain [0x778FA9FF+143]\n\tRtlInitializeExceptionChain [0x778FA9CA+90]\n\n", "trace": "  File \"C:\\Users\\MIRZAS\\AppData\\Local\\Programs\\Python\\Python311\\Lib\\site-packages\\allure_commons\\_allure.py\", line 202, in impl\n    return func(*a, **kw)\n           ^^^^^^^^^^^^^^\n  File \"C:\\MIRZA\\Users\\MIRZAS\\selenium_parallel_project\\pages\\admin_page.py\", line 215, in edit_user\n    WebDriverWait(self.driver, self.timeout).until(\n  File \"C:\\Users\\MIRZAS\\AppData\\Local\\Programs\\Python\\Python311\\Lib\\site-packages\\selenium\\webdriver\\support\\wait.py\", line 138, in until\n    raise TimeoutException(message, screen, stacktrace)\n"}, "parameters": [{"name": "username", "value": "'mirza'"}, {"name": "new_role", "value": "'ESS'"}, {"name": "new_status", "value": "'Disabled'"}, {"name": "change_password", "value": "False"}, {"name": "new_password", "value": "None"}, {"name": "change_password_checkbox", "value": "None"}], "start": 1758693295152, "stop": 1758693305696}], "attachments": [{"name": "test_edit_existing_user_failure", "source": "d65b55b9-e37f-4ddc-af14-20e5d4856529-attachment.png", "type": "image/png"}, {"name": "test_edit_existing_user_logs", "source": "8bb1e23e-869a-49c4-8b6c-8919722fd800-attachment.txt", "type": "text/plain"}, {"name": "log", "source": "1bc30025-8b97-4d6a-9f0f-ca4381de96b1-attachment.txt", "type": "text/plain"}], "start": 1758693263261, "stop": 1758693305696, "uuid": "a82a08d0-0d33-4dba-8ae8-2ab4c5fce164", "historyId": "1d674764760d1b71ecae5f2d9998f66b", "testCaseId": "1d674764760d1b71ecae5f2d9998f66b", "fullName": "tests.test_admin_page.TestAdminPage#test_edit_existing_user", "labels": [{"name": "story", "value": "Edit existing user"}, {"name": "epic", "value": "Admin Module"}, {"name": "feature", "value": "User Management"}, {"name": "parentSuite", "value": "tests"}, {"name": "suite", "value": "test_admin_page"}, {"name": "subSuite", "value": "TestAdminPage"}, {"name": "host", "value": "MIRZA"}, {"name": "thread", "value": "2652-MainThread"}, {"name": "framework", "value": "pytest"}, {"name": "language", "value": "cpython3"}, {"name": "package", "value": "tests.test_admin_page"}], "titlePath": ["tests", "test_admin_page.py", "TestAdminPage"]}