{"name": "test_reset_password", "status": "broken", "statusDetails": {"message": "selenium.common.exceptions.TimeoutException: Message: \nStacktrace:\nBacktrace:\n\t(No symbol) [0x00466643]\n\t(No symbol) [0x003FBE21]\n\t(No symbol) [0x002FDA9D]\n\t(No symbol) [0x00331342]\n\t(No symbol) [0x0033147B]\n\t(No symbol) [0x00368DC2]\n\t(No symbol) [0x0034FDC4]\n\t(No symbol) [0x00366B09]\n\t(No symbol) [0x0034FB76]\n\t(No symbol) [0x003249C1]\n\t(No symbol) [0x00325E5D]\n\tGetHandleVerifier [0x006DA142+2497106]\n\tGetHandleVerifier [0x007085D3+2686691]\n\tGetHandleVerifier [0x0070BB9C+2700460]\n\tGetHandleVerifier [0x00513B10+635936]\n\t(No symbol) [0x00404A1F]\n\t(No symbol) [0x0040A418]\n\t(No symbol) [0x0040A505]\n\t(No symbol) [0x0041508B]\n\tBaseThreadInitThunk [0x767B6A24+36]\n\tRtlInitializeExceptionChain [0x778FA9FF+143]\n\tRtlInitializeExceptionChain [0x778FA9CA+90]", "trace": "self = <tests.test_admin_page.TestAdminPage object at 0x000000DBCCE19790>\nlogin_as_admin = <pages.admin_page.AdminPage object at 0x000000DBCCC3EC50>\ntemp_user = {'employee_name': 'Thomas Kutty Benny', 'username': 'test_admin_1758528649'}\n\n    @allure.story(\"Reset user password\")\n    def test_reset_password(self, login_as_admin, temp_user):\n        admin_page = login_as_admin\n        user_info = temp_user\n    \n>       admin_page.reset_password(\n            username=user_info[\"username\"],\n            new_password=\"NewPass@123\"\n        )\n\ntests\\test_admin_page.py:151: \n_ _ _ _ _ _ _ _ _ _ _ _ _ _ _ _ _ _ _ _ _ _ _ _ _ _ _ _ _ _ _ _ _ _ _ _ _ _ _\npages\\admin_page.py:240: in reset_password\n    WebDriverWait(self.driver, self.timeout).until(\n_ _ _ _ _ _ _ _ _ _ _ _ _ _ _ _ _ _ _ _ _ _ _ _ _ _ _ _ _ _ _ _ _ _ _ _ _ _ _\n\nself = <selenium.webdriver.support.wait.WebDriverWait (session=\"a571dfc1947decfa6da1c074f9ca1e59\")>\nmethod = <function element_to_be_clickable.<locals>._predicate at 0x000000DBCD300220>\nmessage = ''\n\n    def until(self, method: Callable[[D], Union[Literal[False], T]], message: str = \"\") -> T:\n        \"\"\"Wait until the method returns a value that is not False.\n    \n        Calls the method provided with the driver as an argument until the\n        return value does not evaluate to ``False``.\n    \n        Parameters:\n        -----------\n        method: callable(WebDriver)\n            - A callable object that takes a WebDriver instance as an argument.\n    \n        message: str\n            - Optional message for :exc:`TimeoutException`\n    \n        Return:\n        -------\n        object: T\n            - The result of the last call to `method`\n    \n        Raises:\n        -------\n        TimeoutException\n            - If 'method' does not return a truthy value within the WebDriverWait\n            object's timeout\n    \n        Example:\n        --------\n        >>> from selenium.webdriver.common.by import By\n        >>> from selenium.webdriver.support.ui import WebDriverWait\n        >>> from selenium.webdriver.support import expected_conditions as EC\n    \n        # Wait until an element is visible on the page\n        >>> wait = WebDriverWait(driver, 10)\n        >>> element = wait.until(EC.visibility_of_element_located((By.ID, \"exampleId\")))\n        >>> print(element.text)\n        \"\"\"\n        screen = None\n        stacktrace = None\n    \n        end_time = time.monotonic() + self._timeout\n        while True:\n            try:\n                value = method(self._driver)\n                if value:\n                    return value\n            except self._ignored_exceptions as exc:\n                screen = getattr(exc, \"screen\", None)\n                stacktrace = getattr(exc, \"stacktrace\", None)\n            if time.monotonic() > end_time:\n                break\n            time.sleep(self._poll)\n>       raise TimeoutException(message, screen, stacktrace)\nE       selenium.common.exceptions.TimeoutException: Message: \nE       Stacktrace:\nE       Backtrace:\nE       \t(No symbol) [0x00466643]\nE       \t(No symbol) [0x003FBE21]\nE       \t(No symbol) [0x002FDA9D]\nE       \t(No symbol) [0x00331342]\nE       \t(No symbol) [0x0033147B]\nE       \t(No symbol) [0x00368DC2]\nE       \t(No symbol) [0x0034FDC4]\nE       \t(No symbol) [0x00366B09]\nE       \t(No symbol) [0x0034FB76]\nE       \t(No symbol) [0x003249C1]\nE       \t(No symbol) [0x00325E5D]\nE       \tGetHandleVerifier [0x006DA142+2497106]\nE       \tGetHandleVerifier [0x007085D3+2686691]\nE       \tGetHandleVerifier [0x0070BB9C+2700460]\nE       \tGetHandleVerifier [0x00513B10+635936]\nE       \t(No symbol) [0x00404A1F]\nE       \t(No symbol) [0x0040A418]\nE       \t(No symbol) [0x0040A505]\nE       \t(No symbol) [0x0041508B]\nE       \tBaseThreadInitThunk [0x767B6A24+36]\nE       \tRtlInitializeExceptionChain [0x778FA9FF+143]\nE       \tRtlInitializeExceptionChain [0x778FA9CA+90]\n\nC:\\Users\\MIRZAS\\AppData\\Local\\Programs\\Python\\Python311\\Lib\\site-packages\\selenium\\webdriver\\support\\wait.py:138: TimeoutException"}, "steps": [{"name": "Reset password for user: 'test_admin_1758528649'", "status": "broken", "statusDetails": {"message": "selenium.common.exceptions.TimeoutException: Message: \nStacktrace:\nBacktrace:\n\t(No symbol) [0x00466643]\n\t(No symbol) [0x003FBE21]\n\t(No symbol) [0x002FDA9D]\n\t(No symbol) [0x00331342]\n\t(No symbol) [0x0033147B]\n\t(No symbol) [0x00368DC2]\n\t(No symbol) [0x0034FDC4]\n\t(No symbol) [0x00366B09]\n\t(No symbol) [0x0034FB76]\n\t(No symbol) [0x003249C1]\n\t(No symbol) [0x00325E5D]\n\tGetHandleVerifier [0x006DA142+2497106]\n\tGetHandleVerifier [0x007085D3+2686691]\n\tGetHandleVerifier [0x0070BB9C+2700460]\n\tGetHandleVerifier [0x00513B10+635936]\n\t(No symbol) [0x00404A1F]\n\t(No symbol) [0x0040A418]\n\t(No symbol) [0x0040A505]\n\t(No symbol) [0x0041508B]\n\tBaseThreadInitThunk [0x767B6A24+36]\n\tRtlInitializeExceptionChain [0x778FA9FF+143]\n\tRtlInitializeExceptionChain [0x778FA9CA+90]\n\n", "trace": "  File \"C:\\Users\\MIRZAS\\AppData\\Local\\Programs\\Python\\Python311\\Lib\\site-packages\\allure_commons\\_allure.py\", line 202, in impl\n    return func(*a, **kw)\n           ^^^^^^^^^^^^^^\n  File \"C:\\MIRZA\\Users\\MIRZAS\\selenium_parallel_project\\pages\\admin_page.py\", line 240, in reset_password\n    WebDriverWait(self.driver, self.timeout).until(\n  File \"C:\\Users\\MIRZAS\\AppData\\Local\\Programs\\Python\\Python311\\Lib\\site-packages\\selenium\\webdriver\\support\\wait.py\", line 138, in until\n    raise TimeoutException(message, screen, stacktrace)\n"}, "parameters": [{"name": "username", "value": "'test_admin_1758528649'"}, {"name": "new_password", "value": "'NewPass@123'"}], "start": 1758528658947, "stop": 1758528669385}], "attachments": [{"name": "test_reset_password_failure", "source": "47fd291c-89ab-4538-88af-2b88a2ebc8ca-attachment.png", "type": "image/png"}, {"name": "test_reset_password_logs", "source": "f4d4895d-a74e-4c4e-a047-19cce68487a9-attachment.txt", "type": "text/plain"}, {"name": "log", "source": "cb341a93-0ee7-4654-ac18-4cba0efb63ae-attachment.txt", "type": "text/plain"}], "start": 1758528658946, "stop": 1758528669390, "uuid": "8b6254bc-67de-4939-8519-d2b9cd2c8bf3", "historyId": "2d356bc0c1e77602bca2bc35f9382eba", "testCaseId": "2d356bc0c1e77602bca2bc35f9382eba", "fullName": "tests.test_admin_page.TestAdminPage#test_reset_password", "labels": [{"name": "epic", "value": "Admin Module"}, {"name": "story", "value": "Reset user password"}, {"name": "feature", "value": "User Management"}, {"name": "parentSuite", "value": "tests"}, {"name": "suite", "value": "test_admin_page"}, {"name": "subSuite", "value": "TestAdminPage"}, {"name": "host", "value": "MIRZA"}, {"name": "thread", "value": "4828-MainThread"}, {"name": "framework", "value": "pytest"}, {"name": "language", "value": "cpython3"}, {"name": "package", "value": "tests.test_admin_page"}], "titlePath": ["tests", "test_admin_page.py", "TestAdminPage"]}