{"name": "test_add_user", "status": "broken", "statusDetails": {"message": "selenium.common.exceptions.TimeoutException: Message: \nStacktrace:\nBacktrace:\n\t(No symbol) [0x00456643]\n\t(No symbol) [0x003EBE21]\n\t(No symbol) [0x002EDA9D]\n\t(No symbol) [0x00321342]\n\t(No symbol) [0x0032147B]\n\t(No symbol) [0x00358DC2]\n\t(No symbol) [0x0033FDC4]\n\t(No symbol) [0x00356B09]\n\t(No symbol) [0x0033FB76]\n\t(No symbol) [0x003149C1]\n\t(No symbol) [0x00315E5D]\n\tGetHandleVerifier [0x006CA142+2497106]\n\tGetHandleVerifier [0x006F85D3+2686691]\n\tGetHandleVerifier [0x006FBB9C+2700460]\n\tGetHandleVerifier [0x00503B10+635936]\n\t(No symbol) [0x003F4A1F]\n\t(No symbol) [0x003FA418]\n\t(No symbol) [0x003FA505]\n\t(No symbol) [0x0040508B]\n\tBaseThreadInitThunk [0x767B6A24+36]\n\tRtlInitializeExceptionChain [0x778FA9FF+143]\n\tRtlInitializeExceptionChain [0x778FA9CA+90]", "trace": "self = <tests.test_admin_page.TestAdminPage object at 0x00000056E6A7F4D0>\nlogin_as_admin = <pages.admin_page.AdminPage object at 0x00000056E3ECEC50>\n\n    @allure.story(\"Add new user\")\n    def test_add_user(self, login_as_admin):\n        admin_page = login_as_admin\n        username = f\"mirza{str(int(time.time()))[-5:]}\"\n        employee_name = \"mirza shakeeb farhan baig\"\n    \n        admin_page.click_add_button()\n>       admin_page.add_new_user(\n            role=\"Admin\",\n            emp_name=employee_name,\n            username=username,\n            status=\"Enabled\",\n            password=\"mirza1234\"\n        )\n\ntests\\test_admin_page.py:63: \n_ _ _ _ _ _ _ _ _ _ _ _ _ _ _ _ _ _ _ _ _ _ _ _ _ _ _ _ _ _ _ _ _ _ _ _ _ _ _\npages\\admin_page.py:81: in add_new_user\n    first_suggestion = WebDriverWait(self.driver, self.timeout).until(\n_ _ _ _ _ _ _ _ _ _ _ _ _ _ _ _ _ _ _ _ _ _ _ _ _ _ _ _ _ _ _ _ _ _ _ _ _ _ _\n\nself = <selenium.webdriver.support.wait.WebDriverWait (session=\"1b045d10b33ec0b7f4ee65fde716d3a9\")>\nmethod = <function element_to_be_clickable.<locals>._predicate at 0x00000056E6ACB060>\nmessage = ''\n\n    def until(self, method: Callable[[D], Union[Literal[False], T]], message: str = \"\") -> T:\n        \"\"\"Wait until the method returns a value that is not False.\n    \n        Calls the method provided with the driver as an argument until the\n        return value does not evaluate to ``False``.\n    \n        Parameters:\n        -----------\n        method: callable(WebDriver)\n            - A callable object that takes a WebDriver instance as an argument.\n    \n        message: str\n            - Optional message for :exc:`TimeoutException`\n    \n        Return:\n        -------\n        object: T\n            - The result of the last call to `method`\n    \n        Raises:\n        -------\n        TimeoutException\n            - If 'method' does not return a truthy value within the WebDriverWait\n            object's timeout\n    \n        Example:\n        --------\n        >>> from selenium.webdriver.common.by import By\n        >>> from selenium.webdriver.support.ui import WebDriverWait\n        >>> from selenium.webdriver.support import expected_conditions as EC\n    \n        # Wait until an element is visible on the page\n        >>> wait = WebDriverWait(driver, 10)\n        >>> element = wait.until(EC.visibility_of_element_located((By.ID, \"exampleId\")))\n        >>> print(element.text)\n        \"\"\"\n        screen = None\n        stacktrace = None\n    \n        end_time = time.monotonic() + self._timeout\n        while True:\n            try:\n                value = method(self._driver)\n                if value:\n                    return value\n            except self._ignored_exceptions as exc:\n                screen = getattr(exc, \"screen\", None)\n                stacktrace = getattr(exc, \"stacktrace\", None)\n            if time.monotonic() > end_time:\n                break\n            time.sleep(self._poll)\n>       raise TimeoutException(message, screen, stacktrace)\nE       selenium.common.exceptions.TimeoutException: Message: \nE       Stacktrace:\nE       Backtrace:\nE       \t(No symbol) [0x00456643]\nE       \t(No symbol) [0x003EBE21]\nE       \t(No symbol) [0x002EDA9D]\nE       \t(No symbol) [0x00321342]\nE       \t(No symbol) [0x0032147B]\nE       \t(No symbol) [0x00358DC2]\nE       \t(No symbol) [0x0033FDC4]\nE       \t(No symbol) [0x00356B09]\nE       \t(No symbol) [0x0033FB76]\nE       \t(No symbol) [0x003149C1]\nE       \t(No symbol) [0x00315E5D]\nE       \tGetHandleVerifier [0x006CA142+2497106]\nE       \tGetHandleVerifier [0x006F85D3+2686691]\nE       \tGetHandleVerifier [0x006FBB9C+2700460]\nE       \tGetHandleVerifier [0x00503B10+635936]\nE       \t(No symbol) [0x003F4A1F]\nE       \t(No symbol) [0x003FA418]\nE       \t(No symbol) [0x003FA505]\nE       \t(No symbol) [0x0040508B]\nE       \tBaseThreadInitThunk [0x767B6A24+36]\nE       \tRtlInitializeExceptionChain [0x778FA9FF+143]\nE       \tRtlInitializeExceptionChain [0x778FA9CA+90]\n\nC:\\Users\\MIRZAS\\AppData\\Local\\Programs\\Python\\Python311\\Lib\\site-packages\\selenium\\webdriver\\support\\wait.py:138: TimeoutException"}, "steps": [{"name": "Click Add User button", "status": "passed", "start": 1758540321699, "stop": 1758540324491}, {"name": "Add new user: 'mirza40321'", "status": "broken", "statusDetails": {"message": "selenium.common.exceptions.TimeoutException: Message: \nStacktrace:\nBacktrace:\n\t(No symbol) [0x00456643]\n\t(No symbol) [0x003EBE21]\n\t(No symbol) [0x002EDA9D]\n\t(No symbol) [0x00321342]\n\t(No symbol) [0x0032147B]\n\t(No symbol) [0x00358DC2]\n\t(No symbol) [0x0033FDC4]\n\t(No symbol) [0x00356B09]\n\t(No symbol) [0x0033FB76]\n\t(No symbol) [0x003149C1]\n\t(No symbol) [0x00315E5D]\n\tGetHandleVerifier [0x006CA142+2497106]\n\tGetHandleVerifier [0x006F85D3+2686691]\n\tGetHandleVerifier [0x006FBB9C+2700460]\n\tGetHandleVerifier [0x00503B10+635936]\n\t(No symbol) [0x003F4A1F]\n\t(No symbol) [0x003FA418]\n\t(No symbol) [0x003FA505]\n\t(No symbol) [0x0040508B]\n\tBaseThreadInitThunk [0x767B6A24+36]\n\tRtlInitializeExceptionChain [0x778FA9FF+143]\n\tRtlInitializeExceptionChain [0x778FA9CA+90]\n\n", "trace": "  File \"C:\\Users\\MIRZAS\\AppData\\Local\\Programs\\Python\\Python311\\Lib\\site-packages\\allure_commons\\_allure.py\", line 202, in impl\n    return func(*a, **kw)\n           ^^^^^^^^^^^^^^\n  File \"C:\\MIRZA\\Users\\MIRZAS\\selenium_parallel_project\\pages\\admin_page.py\", line 81, in add_new_user\n    first_suggestion = WebDriverWait(self.driver, self.timeout).until(\n                       ^^^^^^^^^^^^^^^^^^^^^^^^^^^^^^^^^^^^^^^^^^^^^^^\n  File \"C:\\Users\\MIRZAS\\AppData\\Local\\Programs\\Python\\Python311\\Lib\\site-packages\\selenium\\webdriver\\support\\wait.py\", line 138, in until\n    raise TimeoutException(message, screen, stacktrace)\n"}, "steps": [{"name": "Select option ''Admin'' from dropdown: ('xpath', \"//label[text()='User Role']/../following-sibling::div//div[contains(@class,'oxd-select-text-input')]\")", "status": "passed", "steps": [{"name": "Find element: ('xpath', \"//label[text()='User Role']/../following-sibling::div//div[contains(@class,'oxd-select-text-input')]\")", "status": "passed", "parameters": [{"name": "locator", "value": "('xpath', \"//label[text()='User Role']/../following-sibling::div//div[contains(@class,'oxd-select-text-input')]\")"}], "start": 1758540324493, "stop": 1758540324643}], "parameters": [{"name": "locator", "value": "('xpath', \"//label[text()='User Role']/../following-sibling::div//div[contains(@class,'oxd-select-text-input')]\")"}, {"name": "option_text", "value": "'Admin'"}], "start": 1758540324493, "stop": 1758540324912}], "parameters": [{"name": "role", "value": "'Admin'"}, {"name": "emp_name", "value": "'mirza shakeeb farhan baig'"}, {"name": "username", "value": "'mirza40321'"}, {"name": "status", "value": "'Enabled'"}, {"name": "password", "value": "'mirza1234'"}], "start": 1758540324492, "stop": 1758540335449}], "attachments": [{"name": "test_add_user_failure", "source": "c512b1ee-e7a5-4374-b241-85e2b9531b3e-attachment.png", "type": "image/png"}, {"name": "test_add_user_logs", "source": "1ecb2c02-cf7f-4590-95dd-d075bd77aa9c-attachment.txt", "type": "text/plain"}, {"name": "log", "source": "6b3de9d9-466f-49ad-9f77-8c61ede988f7-attachment.txt", "type": "text/plain"}], "start": 1758540321699, "stop": 1758540335632, "uuid": "68548e16-fcc9-4320-9442-8c4970cfc98b", "historyId": "f326e3f64f102a270d925d3121494fcd", "testCaseId": "f326e3f64f102a270d925d3121494fcd", "fullName": "tests.test_admin_page.TestAdminPage#test_add_user", "labels": [{"name": "story", "value": "Add new user"}, {"name": "feature", "value": "User Management"}, {"name": "epic", "value": "Admin Module"}, {"name": "parentSuite", "value": "tests"}, {"name": "suite", "value": "test_admin_page"}, {"name": "subSuite", "value": "TestAdminPage"}, {"name": "host", "value": "MIRZA"}, {"name": "thread", "value": "7640-MainThread"}, {"name": "framework", "value": "pytest"}, {"name": "language", "value": "cpython3"}, {"name": "package", "value": "tests.test_admin_page"}], "titlePath": ["tests", "test_admin_page.py", "TestAdminPage"]}