{"name": "test_delete_existing_user", "status": "broken", "statusDetails": {"message": "selenium.common.exceptions.TimeoutException: Message: \nStacktrace:\nBacktrace:\n\t(No symbol) [0x00336643]\n\t(No symbol) [0x002CBE21]\n\t(No symbol) [0x001CDA9D]\n\t(No symbol) [0x00201342]\n\t(No symbol) [0x0020147B]\n\t(No symbol) [0x00238DC2]\n\t(No symbol) [0x0021FDC4]\n\t(No symbol) [0x00236B09]\n\t(No symbol) [0x0021FB76]\n\t(No symbol) [0x001F49C1]\n\t(No symbol) [0x001F5E5D]\n\tGetHandleVerifier [0x005AA142+2497106]\n\tGetHandleVerifier [0x005D85D3+2686691]\n\tGetHandleVerifier [0x005DBB9C+2700460]\n\tGetHandleVerifier [0x003E3B10+635936]\n\t(No symbol) [0x002D4A1F]\n\t(No symbol) [0x002DA418]\n\t(No symbol) [0x002DA505]\n\t(No symbol) [0x002E508B]\n\tBaseThreadInitThunk [0x767B6A24+36]\n\tRtlInitializeExceptionChain [0x778FA9FF+143]\n\tRtlInitializeExceptionChain [0x778FA9CA+90]", "trace": "self = <tests.admin.test_admin_delete_user.TestDeleteUser object at 0x00000047C7A2B050>\ndriver = <selenium.webdriver.chrome.webdriver.WebDriver (session=\"459e664bfc4e164f9ce3e1ff57a685d6\")>\n\n    @allure.story(\"Delete existing user\")\n    def test_delete_existing_user(self, driver):\n        login_page = LoginPage(driver)\n        dashboard_page = DashboardPage(driver)\n        admin_page = AdminPage(driver)\n    \n        login_page.open_login_page()\n        login_page.login(\"Admin\", \"admin123\")\n        assert dashboard_page.is_dashboard_loaded()\n    \n        admin_page.open_admin_tab()\n>       admin_page.delete_user(username=\"Ameen2\")\n\ntests\\admin\\test_admin_delete_user.py:22: \n_ _ _ _ _ _ _ _ _ _ _ _ _ _ _ _ _ _ _ _ _ _ _ _ _ _ _ _ _ _ _ _ _ _ _ _ _ _ _\npages\\admin_page.py:182: in delete_user\n    btn = WebDriverWait(self.driver, self.timeout).until(\n_ _ _ _ _ _ _ _ _ _ _ _ _ _ _ _ _ _ _ _ _ _ _ _ _ _ _ _ _ _ _ _ _ _ _ _ _ _ _\n\nself = <selenium.webdriver.support.wait.WebDriverWait (session=\"459e664bfc4e164f9ce3e1ff57a685d6\")>\nmethod = <function element_to_be_clickable.<locals>._predicate at 0x00000047C7F90180>\nmessage = ''\n\n    def until(self, method: Callable[[D], Union[Literal[False], T]], message: str = \"\") -> T:\n        \"\"\"Wait until the method returns a value that is not False.\n    \n        Calls the method provided with the driver as an argument until the\n        return value does not evaluate to ``False``.\n    \n        Parameters:\n        -----------\n        method: callable(WebDriver)\n            - A callable object that takes a WebDriver instance as an argument.\n    \n        message: str\n            - Optional message for :exc:`TimeoutException`\n    \n        Return:\n        -------\n        object: T\n            - The result of the last call to `method`\n    \n        Raises:\n        -------\n        TimeoutException\n            - If 'method' does not return a truthy value within the WebDriverWait\n            object's timeout\n    \n        Example:\n        --------\n        >>> from selenium.webdriver.common.by import By\n        >>> from selenium.webdriver.support.ui import WebDriverWait\n        >>> from selenium.webdriver.support import expected_conditions as EC\n    \n        # Wait until an element is visible on the page\n        >>> wait = WebDriverWait(driver, 10)\n        >>> element = wait.until(EC.visibility_of_element_located((By.ID, \"exampleId\")))\n        >>> print(element.text)\n        \"\"\"\n        screen = None\n        stacktrace = None\n    \n        end_time = time.monotonic() + self._timeout\n        while True:\n            try:\n                value = method(self._driver)\n                if value:\n                    return value\n            except self._ignored_exceptions as exc:\n                screen = getattr(exc, \"screen\", None)\n                stacktrace = getattr(exc, \"stacktrace\", None)\n            if time.monotonic() > end_time:\n                break\n            time.sleep(self._poll)\n>       raise TimeoutException(message, screen, stacktrace)\nE       selenium.common.exceptions.TimeoutException: Message: \nE       Stacktrace:\nE       Backtrace:\nE       \t(No symbol) [0x00336643]\nE       \t(No symbol) [0x002CBE21]\nE       \t(No symbol) [0x001CDA9D]\nE       \t(No symbol) [0x00201342]\nE       \t(No symbol) [0x0020147B]\nE       \t(No symbol) [0x00238DC2]\nE       \t(No symbol) [0x0021FDC4]\nE       \t(No symbol) [0x00236B09]\nE       \t(No symbol) [0x0021FB76]\nE       \t(No symbol) [0x001F49C1]\nE       \t(No symbol) [0x001F5E5D]\nE       \tGetHandleVerifier [0x005AA142+2497106]\nE       \tGetHandleVerifier [0x005D85D3+2686691]\nE       \tGetHandleVerifier [0x005DBB9C+2700460]\nE       \tGetHandleVerifier [0x003E3B10+635936]\nE       \t(No symbol) [0x002D4A1F]\nE       \t(No symbol) [0x002DA418]\nE       \t(No symbol) [0x002DA505]\nE       \t(No symbol) [0x002E508B]\nE       \tBaseThreadInitThunk [0x767B6A24+36]\nE       \tRtlInitializeExceptionChain [0x778FA9FF+143]\nE       \tRtlInitializeExceptionChain [0x778FA9CA+90]\n\nC:\\Users\\MIRZAS\\AppData\\Local\\Programs\\Python\\Python311\\Lib\\site-packages\\selenium\\webdriver\\support\\wait.py:138: TimeoutException"}, "steps": [{"name": "Open OrangeHRM login page", "status": "passed", "steps": [{"name": "Open URL: 'https://opensource-demo.orangehrmlive.com/'", "status": "passed", "parameters": [{"name": "url", "value": "'https://opensource-demo.orangehrmlive.com/'"}], "start": 1758785822506, "stop": 1758785828240}], "start": 1758785822505, "stop": 1758785828241}, {"name": "Login with username: 'Admin' and password: 'admin123'", "status": "passed", "steps": [{"name": "Type ''Admin'' into element: ('name', 'username')", "status": "passed", "steps": [{"name": "Find element: ('name', 'username')", "status": "passed", "parameters": [{"name": "locator", "value": "('name', 'username')"}], "start": 1758785828242, "stop": 1758785829487}], "parameters": [{"name": "locator", "value": "('name', 'username')"}, {"name": "text", "value": "'Admin'"}], "start": 1758785828241, "stop": 1758785829860}, {"name": "Type ''admin123'' into element: ('name', 'password')", "status": "passed", "steps": [{"name": "Find element: ('name', 'password')", "status": "passed", "parameters": [{"name": "locator", "value": "('name', 'password')"}], "start": 1758785829861, "stop": 1758785829969}], "parameters": [{"name": "locator", "value": "('name', 'password')"}, {"name": "text", "value": "'admin123'"}], "start": 1758785829860, "stop": 1758785830416}, {"name": "Click element: ('xpath', \"//button[@type='submit']\")", "status": "passed", "steps": [{"name": "Find element: ('xpath', \"//button[@type='submit']\")", "status": "passed", "parameters": [{"name": "locator", "value": "('xpath', \"//button[@type='submit']\")"}], "start": 1758785830417, "stop": 1758785830505}], "parameters": [{"name": "locator", "value": "('xpath', \"//button[@type='submit']\")"}], "start": 1758785830417, "stop": 1758785830710}], "attachments": [{"name": "dashboard_loaded", "source": "23d5141b-acbb-40ba-b427-b238f3d0f59e-attachment.png", "type": "image/png"}], "parameters": [{"name": "user", "value": "'Admin'"}, {"name": "pwd", "value": "'admin123'"}], "start": 1758785828241, "stop": 1758785835242}, {"name": "Validate Dashboard is loaded", "status": "passed", "attachments": [{"name": "dashboard_loaded", "source": "f3ae45f1-85b9-4c6b-9dfa-7ad4f1fb02c2-attachment.png", "type": "image/png"}], "start": 1758785835243, "stop": 1758785835612}, {"name": "Open Admin Tab", "status": "passed", "start": 1758785835612, "stop": 1758785837011}, {"name": "Search and Delete user: 'Ameen2'", "status": "broken", "statusDetails": {"message": "selenium.common.exceptions.TimeoutException: Message: \nStacktrace:\nBacktrace:\n\t(No symbol) [0x00336643]\n\t(No symbol) [0x002CBE21]\n\t(No symbol) [0x001CDA9D]\n\t(No symbol) [0x00201342]\n\t(No symbol) [0x0020147B]\n\t(No symbol) [0x00238DC2]\n\t(No symbol) [0x0021FDC4]\n\t(No symbol) [0x00236B09]\n\t(No symbol) [0x0021FB76]\n\t(No symbol) [0x001F49C1]\n\t(No symbol) [0x001F5E5D]\n\tGetHandleVerifier [0x005AA142+2497106]\n\tGetHandleVerifier [0x005D85D3+2686691]\n\tGetHandleVerifier [0x005DBB9C+2700460]\n\tGetHandleVerifier [0x003E3B10+635936]\n\t(No symbol) [0x002D4A1F]\n\t(No symbol) [0x002DA418]\n\t(No symbol) [0x002DA505]\n\t(No symbol) [0x002E508B]\n\tBaseThreadInitThunk [0x767B6A24+36]\n\tRtlInitializeExceptionChain [0x778FA9FF+143]\n\tRtlInitializeExceptionChain [0x778FA9CA+90]\n\n", "trace": "  File \"C:\\Users\\MIRZAS\\AppData\\Local\\Programs\\Python\\Python311\\Lib\\site-packages\\allure_commons\\_allure.py\", line 202, in impl\n    return func(*a, **kw)\n           ^^^^^^^^^^^^^^\n  File \"C:\\MIRZA\\Users\\MIRZAS\\selenium_parallel_project\\pages\\admin_page.py\", line 182, in delete_user\n    btn = WebDriverWait(self.driver, self.timeout).until(\n          ^^^^^^^^^^^^^^^^^^^^^^^^^^^^^^^^^^^^^^^^^^^^^^^\n  File \"C:\\Users\\MIRZAS\\AppData\\Local\\Programs\\Python\\Python311\\Lib\\site-packages\\selenium\\webdriver\\support\\wait.py\", line 138, in until\n    raise TimeoutException(message, screen, stacktrace)\n"}, "parameters": [{"name": "username", "value": "'Ameen2'"}], "start": 1758785837012, "stop": 1758785849772}], "attachments": [{"name": "test_delete_existing_user_failure", "source": "c61f55e0-ced5-4d90-a4eb-fb2bd4f50ddf-attachment.png", "type": "image/png"}, {"name": "test_delete_existing_user_logs", "source": "d38ac86d-ca73-47e9-8228-c499d32605fe-attachment.txt", "type": "text/plain"}, {"name": "log", "source": "acb5ae38-2c58-4dc8-b6b1-cd7bd33ea10e-attachment.txt", "type": "text/plain"}], "start": 1758785822504, "stop": 1758785849772, "uuid": "f7226b9e-bcf4-4100-b836-9040a509706a", "historyId": "ac2b6c224987a24dbdfda33fe45cec3d", "testCaseId": "ac2b6c224987a24dbdfda33fe45cec3d", "fullName": "tests.admin.test_admin_delete_user.TestDeleteUser#test_delete_existing_user", "labels": [{"name": "feature", "value": "User Management"}, {"name": "story", "value": "Delete existing user"}, {"name": "epic", "value": "Admin Module"}, {"name": "parentSuite", "value": "tests.admin"}, {"name": "suite", "value": "test_admin_delete_user"}, {"name": "subSuite", "value": "TestDeleteUser"}, {"name": "host", "value": "MIRZA"}, {"name": "thread", "value": "8652-MainThread"}, {"name": "framework", "value": "pytest"}, {"name": "language", "value": "cpython3"}, {"name": "package", "value": "tests.admin.test_admin_delete_user"}], "titlePath": ["tests", "admin", "test_admin_delete_user.py", "TestDeleteUser"]}