{"name": "test_delete_existing_user", "status": "broken", "statusDetails": {"message": "selenium.common.exceptions.TimeoutException: Message: \nStacktrace:\nBacktrace:\n\t(No symbol) [0x00466643]\n\t(No symbol) [0x003FBE21]\n\t(No symbol) [0x002FDA9D]\n\t(No symbol) [0x00331342]\n\t(No symbol) [0x0033147B]\n\t(No symbol) [0x00368DC2]\n\t(No symbol) [0x0034FDC4]\n\t(No symbol) [0x00366B09]\n\t(No symbol) [0x0034FB76]\n\t(No symbol) [0x003249C1]\n\t(No symbol) [0x00325E5D]\n\tGetHandleVerifier [0x006DA142+2497106]\n\tGetHandleVerifier [0x007085D3+2686691]\n\tGetHandleVerifier [0x0070BB9C+2700460]\n\tGetHandleVerifier [0x00513B10+635936]\n\t(No symbol) [0x00404A1F]\n\t(No symbol) [0x0040A418]\n\t(No symbol) [0x0040A505]\n\t(No symbol) [0x0041508B]\n\tBaseThreadInitThunk [0x767B6A24+36]\n\tRtlInitializeExceptionChain [0x778FA9FF+143]\n\tRtlInitializeExceptionChain [0x778FA9CA+90]", "trace": "self = <tests.test_admin_page.TestAdminPage object at 0x00000094AE47B2D0>\ndriver = <selenium.webdriver.chrome.webdriver.WebDriver (session=\"ca0963da3b3f695190d59bebe6654850\")>\n\n    @allure.story(\"Deleting Existing User\")\n    def test_delete_existing_user(self, driver):\n        login_page = LoginPage(driver)\n        dashboard_page = DashboardPage(driver)\n        admin_page = AdminPage(driver)\n    \n        # ---- Login ----\n        login_page.open_login_page()\n        login_page.login(\"Admin\", \"admin123\")\n        assert dashboard_page.is_dashboard_loaded(), \"Dashboard did not load after login\"\n    \n        # ---- Open Admin tab ----\n        admin_page.open_admin_tab()\n    \n        # ---- Search and delete user ----\n>       admin_page.delete_user(username=\"Admin\")\n\ntests\\test_admin_page.py:183: \n_ _ _ _ _ _ _ _ _ _ _ _ _ _ _ _ _ _ _ _ _ _ _ _ _ _ _ _ _ _ _ _ _ _ _ _ _ _ _\npages\\admin_page.py:192: in delete_user\n    btn_confirm = WebDriverWait(self.driver, self.timeout).until(\n_ _ _ _ _ _ _ _ _ _ _ _ _ _ _ _ _ _ _ _ _ _ _ _ _ _ _ _ _ _ _ _ _ _ _ _ _ _ _\n\nself = <selenium.webdriver.support.wait.WebDriverWait (session=\"ca0963da3b3f695190d59bebe6654850\")>\nmethod = <function element_to_be_clickable.<locals>._predicate at 0x00000094AE4949A0>\nmessage = ''\n\n    def until(self, method: Callable[[D], Union[Literal[False], T]], message: str = \"\") -> T:\n        \"\"\"Wait until the method returns a value that is not False.\n    \n        Calls the method provided with the driver as an argument until the\n        return value does not evaluate to ``False``.\n    \n        Parameters:\n        -----------\n        method: callable(WebDriver)\n            - A callable object that takes a WebDriver instance as an argument.\n    \n        message: str\n            - Optional message for :exc:`TimeoutException`\n    \n        Return:\n        -------\n        object: T\n            - The result of the last call to `method`\n    \n        Raises:\n        -------\n        TimeoutException\n            - If 'method' does not return a truthy value within the WebDriverWait\n            object's timeout\n    \n        Example:\n        --------\n        >>> from selenium.webdriver.common.by import By\n        >>> from selenium.webdriver.support.ui import WebDriverWait\n        >>> from selenium.webdriver.support import expected_conditions as EC\n    \n        # Wait until an element is visible on the page\n        >>> wait = WebDriverWait(driver, 10)\n        >>> element = wait.until(EC.visibility_of_element_located((By.ID, \"exampleId\")))\n        >>> print(element.text)\n        \"\"\"\n        screen = None\n        stacktrace = None\n    \n        end_time = time.monotonic() + self._timeout\n        while True:\n            try:\n                value = method(self._driver)\n                if value:\n                    return value\n            except self._ignored_exceptions as exc:\n                screen = getattr(exc, \"screen\", None)\n                stacktrace = getattr(exc, \"stacktrace\", None)\n            if time.monotonic() > end_time:\n                break\n            time.sleep(self._poll)\n>       raise TimeoutException(message, screen, stacktrace)\nE       selenium.common.exceptions.TimeoutException: Message: \nE       Stacktrace:\nE       Backtrace:\nE       \t(No symbol) [0x00466643]\nE       \t(No symbol) [0x003FBE21]\nE       \t(No symbol) [0x002FDA9D]\nE       \t(No symbol) [0x00331342]\nE       \t(No symbol) [0x0033147B]\nE       \t(No symbol) [0x00368DC2]\nE       \t(No symbol) [0x0034FDC4]\nE       \t(No symbol) [0x00366B09]\nE       \t(No symbol) [0x0034FB76]\nE       \t(No symbol) [0x003249C1]\nE       \t(No symbol) [0x00325E5D]\nE       \tGetHandleVerifier [0x006DA142+2497106]\nE       \tGetHandleVerifier [0x007085D3+2686691]\nE       \tGetHandleVerifier [0x0070BB9C+2700460]\nE       \tGetHandleVerifier [0x00513B10+635936]\nE       \t(No symbol) [0x00404A1F]\nE       \t(No symbol) [0x0040A418]\nE       \t(No symbol) [0x0040A505]\nE       \t(No symbol) [0x0041508B]\nE       \tBaseThreadInitThunk [0x767B6A24+36]\nE       \tRtlInitializeExceptionChain [0x778FA9FF+143]\nE       \tRtlInitializeExceptionChain [0x778FA9CA+90]\n\nC:\\Users\\MIRZAS\\AppData\\Local\\Programs\\Python\\Python311\\Lib\\site-packages\\selenium\\webdriver\\support\\wait.py:138: TimeoutException"}, "steps": [{"name": "Open OrangeHRM login page", "status": "passed", "steps": [{"name": "Open URL: 'https://opensource-demo.orangehrmlive.com/'", "status": "passed", "parameters": [{"name": "url", "value": "'https://opensource-demo.orangehrmlive.com/'"}], "start": 1758527918719, "stop": 1758527924354}], "start": 1758527918718, "stop": 1758527924355}, {"name": "Login with username: 'Admin' and password: 'admin123'", "status": "passed", "steps": [{"name": "Type ''Admin'' into element: ('name', 'username')", "status": "passed", "steps": [{"name": "Find element: ('name', 'username')", "status": "passed", "parameters": [{"name": "locator", "value": "('name', 'username')"}], "start": 1758527924357, "stop": 1758527925325}], "parameters": [{"name": "locator", "value": "('name', 'username')"}, {"name": "text", "value": "'Admin'"}], "start": 1758527924356, "stop": 1758527925664}, {"name": "Type ''admin123'' into element: ('name', 'password')", "status": "passed", "steps": [{"name": "Find element: ('name', 'password')", "status": "passed", "parameters": [{"name": "locator", "value": "('name', 'password')"}], "start": 1758527925665, "stop": 1758527925785}], "parameters": [{"name": "locator", "value": "('name', 'password')"}, {"name": "text", "value": "'admin123'"}], "start": 1758527925664, "stop": 1758527926232}, {"name": "Click element: ('xpath', \"//button[@type='submit']\")", "status": "passed", "steps": [{"name": "Find element: ('xpath', \"//button[@type='submit']\")", "status": "passed", "parameters": [{"name": "locator", "value": "('xpath', \"//button[@type='submit']\")"}], "start": 1758527926232, "stop": 1758527926330}], "parameters": [{"name": "locator", "value": "('xpath', \"//button[@type='submit']\")"}], "start": 1758527926232, "stop": 1758527928745}], "attachments": [{"name": "dashboard_loaded", "source": "6faabe9f-ffd1-4476-94dd-9f23e23a34c3-attachment.png", "type": "image/png"}], "parameters": [{"name": "user", "value": "'Admin'"}, {"name": "pwd", "value": "'admin123'"}], "start": 1758527924355, "stop": 1758527931968}, {"name": "Validate Dashboard is loaded", "status": "passed", "attachments": [{"name": "dashboard_loaded", "source": "c65f1466-bae5-457f-aefa-26354e236436-attachment.png", "type": "image/png"}], "start": 1758527931969, "stop": 1758527932568}, {"name": "Open Admin Tab", "status": "passed", "start": 1758527932568, "stop": 1758527934731}, {"name": "Search and Delete user: 'Admin'", "status": "broken", "statusDetails": {"message": "selenium.common.exceptions.TimeoutException: Message: \nStacktrace:\nBacktrace:\n\t(No symbol) [0x00466643]\n\t(No symbol) [0x003FBE21]\n\t(No symbol) [0x002FDA9D]\n\t(No symbol) [0x00331342]\n\t(No symbol) [0x0033147B]\n\t(No symbol) [0x00368DC2]\n\t(No symbol) [0x0034FDC4]\n\t(No symbol) [0x00366B09]\n\t(No symbol) [0x0034FB76]\n\t(No symbol) [0x003249C1]\n\t(No symbol) [0x00325E5D]\n\tGetHandleVerifier [0x006DA142+2497106]\n\tGetHandleVerifier [0x007085D3+2686691]\n\tGetHandleVerifier [0x0070BB9C+2700460]\n\tGetHandleVerifier [0x00513B10+635936]\n\t(No symbol) [0x00404A1F]\n\t(No symbol) [0x0040A418]\n\t(No symbol) [0x0040A505]\n\t(No symbol) [0x0041508B]\n\tBaseThreadInitThunk [0x767B6A24+36]\n\tRtlInitializeExceptionChain [0x778FA9FF+143]\n\tRtlInitializeExceptionChain [0x778FA9CA+90]\n\n", "trace": "  File \"C:\\Users\\MIRZAS\\AppData\\Local\\Programs\\Python\\Python311\\Lib\\site-packages\\allure_commons\\_allure.py\", line 202, in impl\n    return func(*a, **kw)\n           ^^^^^^^^^^^^^^\n  File \"C:\\MIRZA\\Users\\MIRZAS\\selenium_parallel_project\\pages\\admin_page.py\", line 192, in delete_user\n    btn_confirm = WebDriverWait(self.driver, self.timeout).until(\n                  ^^^^^^^^^^^^^^^^^^^^^^^^^^^^^^^^^^^^^^^^^^^^^^^\n  File \"C:\\Users\\MIRZAS\\AppData\\Local\\Programs\\Python\\Python311\\Lib\\site-packages\\selenium\\webdriver\\support\\wait.py\", line 138, in until\n    raise TimeoutException(message, screen, stacktrace)\n"}, "parameters": [{"name": "username", "value": "'Admin'"}], "start": 1758527934731, "stop": 1758527948678}], "attachments": [{"name": "test_delete_existing_user_failure", "source": "83ea44d3-e132-44fa-972a-f5b7c2ed9d2d-attachment.png", "type": "image/png"}, {"name": "test_delete_existing_user_logs", "source": "546ffd13-b5a5-4e76-b4ba-29181b5c9ba5-attachment.txt", "type": "text/plain"}, {"name": "log", "source": "c547869c-fe43-4545-b760-fc118504073f-attachment.txt", "type": "text/plain"}], "start": 1758527918717, "stop": 1758527948683, "uuid": "b8c78e83-cf14-47bc-a699-61a1a7d86852", "historyId": "f29a4e7d7763db4b4d6361947de8ec76", "testCaseId": "f29a4e7d7763db4b4d6361947de8ec76", "fullName": "tests.test_admin_page.TestAdminPage#test_delete_existing_user", "labels": [{"name": "story", "value": "Deleting Existing User"}, {"name": "epic", "value": "Admin Module"}, {"name": "feature", "value": "User Management"}, {"name": "parentSuite", "value": "tests"}, {"name": "suite", "value": "test_admin_page"}, {"name": "subSuite", "value": "TestAdminPage"}, {"name": "host", "value": "MIRZA"}, {"name": "thread", "value": "7120-MainThread"}, {"name": "framework", "value": "pytest"}, {"name": "language", "value": "cpython3"}, {"name": "package", "value": "tests.test_admin_page"}], "titlePath": ["tests", "test_admin_page.py", "TestAdminPage"]}