{"name": "test_edit_personal_info", "status": "broken", "statusDetails": {"message": "selenium.common.exceptions.TimeoutException: Message: \nStacktrace:\nBacktrace:\n\t(No symbol) [0x00316643]\n\t(No symbol) [0x002ABE21]\n\t(No symbol) [0x001ADA9D]\n\t(No symbol) [0x001E1342]\n\t(No symbol) [0x001E147B]\n\t(No symbol) [0x00218DC2]\n\t(No symbol) [0x001FFDC4]\n\t(No symbol) [0x00216B09]\n\t(No symbol) [0x001FFB76]\n\t(No symbol) [0x001D49C1]\n\t(No symbol) [0x001D5E5D]\n\tGetHandleVerifier [0x0058A142+2497106]\n\tGetHandleVerifier [0x005B85D3+2686691]\n\tGetHandleVerifier [0x005BBB9C+2700460]\n\tGetHandleVerifier [0x003C3B10+635936]\n\t(No symbol) [0x002B4A1F]\n\t(No symbol) [0x002BA418]\n\t(No symbol) [0x002BA505]\n\t(No symbol) [0x002C508B]\n\tBaseThreadInitThunk [0x767B6A24+36]\n\tRtlInitializeExceptionChain [0x778FA9FF+143]\n\tRtlInitializeExceptionChain [0x778FA9CA+90]\n\t(No symbol) [0x00000000]", "trace": "self = <tests.test_my_life.TestMyLifePage object at 0x000000DE109E99D0>\ndriver = <selenium.webdriver.chrome.webdriver.WebDriver (session=\"00e264e97fa30db5ea236bdf0afede8a\")>\n\n    @allure.story(\"Update personal info\")\n    def test_edit_personal_info(self, driver):\n        login_page = LoginPage(driver)\n        dashboard_page = DashboardPage(driver)\n        my_life_page = MyLifePage(driver)\n    \n        # Step 1: Login\n        login_page.open_login_page()\n>       login_page.login(\"Admin\", \"admin123\")\n\ntests\\test_my_life.py:18: \n_ _ _ _ _ _ _ _ _ _ _ _ _ _ _ _ _ _ _ _ _ _ _ _ _ _ _ _ _ _ _ _ _ _ _ _ _ _ _\npages\\login_page.py:27: in login\n    self.type(self.username, user)\npages\\base_page.py:52: in type\n    element = self.find_element(locator)\n              ^^^^^^^^^^^^^^^^^^^^^^^^^^\npages\\base_page.py:31: in find_element\n    return WebDriverWait(self.driver, self.timeout).until(\n_ _ _ _ _ _ _ _ _ _ _ _ _ _ _ _ _ _ _ _ _ _ _ _ _ _ _ _ _ _ _ _ _ _ _ _ _ _ _\n\nself = <selenium.webdriver.support.wait.WebDriverWait (session=\"00e264e97fa30db5ea236bdf0afede8a\")>\nmethod = <function visibility_of_element_located.<locals>._predicate at 0x000000DE103EBD80>\nmessage = ''\n\n    def until(self, method: Callable[[D], Union[Literal[False], T]], message: str = \"\") -> T:\n        \"\"\"Wait until the method returns a value that is not False.\n    \n        Calls the method provided with the driver as an argument until the\n        return value does not evaluate to ``False``.\n    \n        Parameters:\n        -----------\n        method: callable(WebDriver)\n            - A callable object that takes a WebDriver instance as an argument.\n    \n        message: str\n            - Optional message for :exc:`TimeoutException`\n    \n        Return:\n        -------\n        object: T\n            - The result of the last call to `method`\n    \n        Raises:\n        -------\n        TimeoutException\n            - If 'method' does not return a truthy value within the WebDriverWait\n            object's timeout\n    \n        Example:\n        --------\n        >>> from selenium.webdriver.common.by import By\n        >>> from selenium.webdriver.support.ui import WebDriverWait\n        >>> from selenium.webdriver.support import expected_conditions as EC\n    \n        # Wait until an element is visible on the page\n        >>> wait = WebDriverWait(driver, 10)\n        >>> element = wait.until(EC.visibility_of_element_located((By.ID, \"exampleId\")))\n        >>> print(element.text)\n        \"\"\"\n        screen = None\n        stacktrace = None\n    \n        end_time = time.monotonic() + self._timeout\n        while True:\n            try:\n                value = method(self._driver)\n                if value:\n                    return value\n            except self._ignored_exceptions as exc:\n                screen = getattr(exc, \"screen\", None)\n                stacktrace = getattr(exc, \"stacktrace\", None)\n            if time.monotonic() > end_time:\n                break\n            time.sleep(self._poll)\n>       raise TimeoutException(message, screen, stacktrace)\nE       selenium.common.exceptions.TimeoutException: Message: \nE       Stacktrace:\nE       Backtrace:\nE       \t(No symbol) [0x00316643]\nE       \t(No symbol) [0x002ABE21]\nE       \t(No symbol) [0x001ADA9D]\nE       \t(No symbol) [0x001E1342]\nE       \t(No symbol) [0x001E147B]\nE       \t(No symbol) [0x00218DC2]\nE       \t(No symbol) [0x001FFDC4]\nE       \t(No symbol) [0x00216B09]\nE       \t(No symbol) [0x001FFB76]\nE       \t(No symbol) [0x001D49C1]\nE       \t(No symbol) [0x001D5E5D]\nE       \tGetHandleVerifier [0x0058A142+2497106]\nE       \tGetHandleVerifier [0x005B85D3+2686691]\nE       \tGetHandleVerifier [0x005BBB9C+2700460]\nE       \tGetHandleVerifier [0x003C3B10+635936]\nE       \t(No symbol) [0x002B4A1F]\nE       \t(No symbol) [0x002BA418]\nE       \t(No symbol) [0x002BA505]\nE       \t(No symbol) [0x002C508B]\nE       \tBaseThreadInitThunk [0x767B6A24+36]\nE       \tRtlInitializeExceptionChain [0x778FA9FF+143]\nE       \tRtlInitializeExceptionChain [0x778FA9CA+90]\nE       \t(No symbol) [0x00000000]\n\nC:\\Users\\MIRZAS\\AppData\\Local\\Programs\\Python\\Python311\\Lib\\site-packages\\selenium\\webdriver\\support\\wait.py:138: TimeoutException"}, "steps": [{"name": "Open OrangeHRM login page", "status": "passed", "steps": [{"name": "Open URL: 'https://opensource-demo.orangehrmlive.com/'", "status": "passed", "parameters": [{"name": "url", "value": "'https://opensource-demo.orangehrmlive.com/'"}], "start": 1758101742493, "stop": 1758101758854}], "start": 1758101742493, "stop": 1758101758854}, {"name": "Login with username: 'Admin' and password: 'admin123'", "status": "broken", "statusDetails": {"message": "selenium.common.exceptions.TimeoutException: Message: \nStacktrace:\nBacktrace:\n\t(No symbol) [0x00316643]\n\t(No symbol) [0x002ABE21]\n\t(No symbol) [0x001ADA9D]\n\t(No symbol) [0x001E1342]\n\t(No symbol) [0x001E147B]\n\t(No symbol) [0x00218DC2]\n\t(No symbol) [0x001FFDC4]\n\t(No symbol) [0x00216B09]\n\t(No symbol) [0x001FFB76]\n\t(No symbol) [0x001D49C1]\n\t(No symbol) [0x001D5E5D]\n\tGetHandleVerifier [0x0058A142+2497106]\n\tGetHandleVerifier [0x005B85D3+2686691]\n\tGetHandleVerifier [0x005BBB9C+2700460]\n\tGetHandleVerifier [0x003C3B10+635936]\n\t(No symbol) [0x002B4A1F]\n\t(No symbol) [0x002BA418]\n\t(No symbol) [0x002BA505]\n\t(No symbol) [0x002C508B]\n\tBaseThreadInitThunk [0x767B6A24+36]\n\tRtlInitializeExceptionChain [0x778FA9FF+143]\n\tRtlInitializeExceptionChain [0x778FA9CA+90]\n\t(No symbol) [0x00000000]\n\n", "trace": "  File \"C:\\Users\\MIRZAS\\AppData\\Local\\Programs\\Python\\Python311\\Lib\\site-packages\\allure_commons\\_allure.py\", line 202, in impl\n    return func(*a, **kw)\n           ^^^^^^^^^^^^^^\n  File \"C:\\MIRZA\\Users\\MIRZAS\\selenium_parallel_project\\pages\\login_page.py\", line 27, in login\n    self.type(self.username, user)\n  File \"C:\\Users\\MIRZAS\\AppData\\Local\\Programs\\Python\\Python311\\Lib\\site-packages\\allure_commons\\_allure.py\", line 202, in impl\n    return func(*a, **kw)\n           ^^^^^^^^^^^^^^\n  File \"C:\\MIRZA\\Users\\MIRZAS\\selenium_parallel_project\\pages\\base_page.py\", line 52, in type\n    element = self.find_element(locator)\n              ^^^^^^^^^^^^^^^^^^^^^^^^^^\n  File \"C:\\Users\\MIRZAS\\AppData\\Local\\Programs\\Python\\Python311\\Lib\\site-packages\\allure_commons\\_allure.py\", line 202, in impl\n    return func(*a, **kw)\n           ^^^^^^^^^^^^^^\n  File \"C:\\MIRZA\\Users\\MIRZAS\\selenium_parallel_project\\pages\\base_page.py\", line 31, in find_element\n    return WebDriverWait(self.driver, self.timeout).until(\n           ^^^^^^^^^^^^^^^^^^^^^^^^^^^^^^^^^^^^^^^^^^^^^^^\n  File \"C:\\Users\\MIRZAS\\AppData\\Local\\Programs\\Python\\Python311\\Lib\\site-packages\\selenium\\webdriver\\support\\wait.py\", line 138, in until\n    raise TimeoutException(message, screen, stacktrace)\n"}, "steps": [{"name": "Type ''Admin'' into element: ('name', 'username')", "status": "broken", "statusDetails": {"message": "selenium.common.exceptions.TimeoutException: Message: \nStacktrace:\nBacktrace:\n\t(No symbol) [0x00316643]\n\t(No symbol) [0x002ABE21]\n\t(No symbol) [0x001ADA9D]\n\t(No symbol) [0x001E1342]\n\t(No symbol) [0x001E147B]\n\t(No symbol) [0x00218DC2]\n\t(No symbol) [0x001FFDC4]\n\t(No symbol) [0x00216B09]\n\t(No symbol) [0x001FFB76]\n\t(No symbol) [0x001D49C1]\n\t(No symbol) [0x001D5E5D]\n\tGetHandleVerifier [0x0058A142+2497106]\n\tGetHandleVerifier [0x005B85D3+2686691]\n\tGetHandleVerifier [0x005BBB9C+2700460]\n\tGetHandleVerifier [0x003C3B10+635936]\n\t(No symbol) [0x002B4A1F]\n\t(No symbol) [0x002BA418]\n\t(No symbol) [0x002BA505]\n\t(No symbol) [0x002C508B]\n\tBaseThreadInitThunk [0x767B6A24+36]\n\tRtlInitializeExceptionChain [0x778FA9FF+143]\n\tRtlInitializeExceptionChain [0x778FA9CA+90]\n\t(No symbol) [0x00000000]\n\n", "trace": "  File \"C:\\Users\\MIRZAS\\AppData\\Local\\Programs\\Python\\Python311\\Lib\\site-packages\\allure_commons\\_allure.py\", line 202, in impl\n    return func(*a, **kw)\n           ^^^^^^^^^^^^^^\n  File \"C:\\MIRZA\\Users\\MIRZAS\\selenium_parallel_project\\pages\\base_page.py\", line 52, in type\n    element = self.find_element(locator)\n              ^^^^^^^^^^^^^^^^^^^^^^^^^^\n  File \"C:\\Users\\MIRZAS\\AppData\\Local\\Programs\\Python\\Python311\\Lib\\site-packages\\allure_commons\\_allure.py\", line 202, in impl\n    return func(*a, **kw)\n           ^^^^^^^^^^^^^^\n  File \"C:\\MIRZA\\Users\\MIRZAS\\selenium_parallel_project\\pages\\base_page.py\", line 31, in find_element\n    return WebDriverWait(self.driver, self.timeout).until(\n           ^^^^^^^^^^^^^^^^^^^^^^^^^^^^^^^^^^^^^^^^^^^^^^^\n  File \"C:\\Users\\MIRZAS\\AppData\\Local\\Programs\\Python\\Python311\\Lib\\site-packages\\selenium\\webdriver\\support\\wait.py\", line 138, in until\n    raise TimeoutException(message, screen, stacktrace)\n"}, "steps": [{"name": "Find element: ('name', 'username')", "status": "broken", "statusDetails": {"message": "selenium.common.exceptions.TimeoutException: Message: \nStacktrace:\nBacktrace:\n\t(No symbol) [0x00316643]\n\t(No symbol) [0x002ABE21]\n\t(No symbol) [0x001ADA9D]\n\t(No symbol) [0x001E1342]\n\t(No symbol) [0x001E147B]\n\t(No symbol) [0x00218DC2]\n\t(No symbol) [0x001FFDC4]\n\t(No symbol) [0x00216B09]\n\t(No symbol) [0x001FFB76]\n\t(No symbol) [0x001D49C1]\n\t(No symbol) [0x001D5E5D]\n\tGetHandleVerifier [0x0058A142+2497106]\n\tGetHandleVerifier [0x005B85D3+2686691]\n\tGetHandleVerifier [0x005BBB9C+2700460]\n\tGetHandleVerifier [0x003C3B10+635936]\n\t(No symbol) [0x002B4A1F]\n\t(No symbol) [0x002BA418]\n\t(No symbol) [0x002BA505]\n\t(No symbol) [0x002C508B]\n\tBaseThreadInitThunk [0x767B6A24+36]\n\tRtlInitializeExceptionChain [0x778FA9FF+143]\n\tRtlInitializeExceptionChain [0x778FA9CA+90]\n\t(No symbol) [0x00000000]\n\n", "trace": "  File \"C:\\Users\\MIRZAS\\AppData\\Local\\Programs\\Python\\Python311\\Lib\\site-packages\\allure_commons\\_allure.py\", line 202, in impl\n    return func(*a, **kw)\n           ^^^^^^^^^^^^^^\n  File \"C:\\MIRZA\\Users\\MIRZAS\\selenium_parallel_project\\pages\\base_page.py\", line 31, in find_element\n    return WebDriverWait(self.driver, self.timeout).until(\n           ^^^^^^^^^^^^^^^^^^^^^^^^^^^^^^^^^^^^^^^^^^^^^^^\n  File \"C:\\Users\\MIRZAS\\AppData\\Local\\Programs\\Python\\Python311\\Lib\\site-packages\\selenium\\webdriver\\support\\wait.py\", line 138, in until\n    raise TimeoutException(message, screen, stacktrace)\n"}, "attachments": [{"name": "username_not_found", "source": "f1788230-5b75-4e65-b51e-0d20d76af528-attachment.png", "type": "image/png"}], "parameters": [{"name": "locator", "value": "('name', 'username')"}], "start": 1758101758862, "stop": 1758101769949}], "parameters": [{"name": "locator", "value": "('name', 'username')"}, {"name": "text", "value": "'Admin'"}], "start": 1758101758862, "stop": 1758101769949}], "parameters": [{"name": "user", "value": "'Admin'"}, {"name": "pwd", "value": "'admin123'"}], "start": 1758101758862, "stop": 1758101769949}], "attachments": [{"name": "test_edit_personal_info_failure", "source": "8c6edf40-383d-4b7d-a2df-a8bf04204fa8-attachment.png", "type": "image/png"}, {"name": "test_edit_personal_info_logs", "source": "7bef8df7-ea42-45b2-9b88-ff0cdc12e4f6-attachment.txt", "type": "text/plain"}, {"name": "log", "source": "a8482e44-0d0e-4970-8fbd-7ef6c9e2ef3a-attachment.txt", "type": "text/plain"}], "start": 1758101742493, "stop": 1758101769949, "uuid": "54ba8473-6655-4311-a976-a548fbf1cb49", "historyId": "989220c85cc143ea1a026af156db4b48", "testCaseId": "989220c85cc143ea1a026af156db4b48", "fullName": "tests.test_my_life.TestMyLifePage#test_edit_personal_info", "labels": [{"name": "story", "value": "Update personal info"}, {"name": "parentSuite", "value": "tests"}, {"name": "suite", "value": "test_my_life"}, {"name": "subSuite", "value": "TestMyLifePage"}, {"name": "host", "value": "MIRZA"}, {"name": "thread", "value": "4996-MainThread"}, {"name": "framework", "value": "pytest"}, {"name": "language", "value": "cpython3"}, {"name": "package", "value": "tests.test_my_life"}], "titlePath": ["tests", "test_my_life.py", "TestMyLifePage"]}