{"name": "test_edit_employee", "status": "broken", "statusDetails": {"message": "selenium.common.exceptions.NoSuchElementException: Message: no such element: Unable to locate element: {\"method\":\"xpath\",\"selector\":\"//div[@class='oxd-table-body']//div[text()='mirza shakeeb farhan baig']/..\"}\n  (Session info: chrome=109.0.5414.168); For documentation on this error, please visit: https://www.selenium.dev/documentation/webdriver/troubleshooting/errors#nosuchelementexception\nStacktrace:\nBacktrace:\n\t(No symbol) [0x01336643]\n\t(No symbol) [0x012CBE21]\n\t(No symbol) [0x011CDA9D]\n\t(No symbol) [0x01201342]\n\t(No symbol) [0x0120147B]\n\t(No symbol) [0x01238DC2]\n\t(No symbol) [0x0121FDC4]\n\t(No symbol) [0x01236B09]\n\t(No symbol) [0x0121FB76]\n\t(No symbol) [0x011F49C1]\n\t(No symbol) [0x011F5E5D]\n\tGetHandleVerifier [0x015AA142+2497106]\n\tGetHandleVerifier [0x015D85D3+2686691]\n\tGetHandleVerifier [0x015DBB9C+2700460]\n\tGetHandleVerifier [0x013E3B10+635936]\n\t(No symbol) [0x012D4A1F]\n\t(No symbol) [0x012DA418]\n\t(No symbol) [0x012DA505]\n\t(No symbol) [0x012E508B]\n\tBaseThreadInitThunk [0x767B6A24+36]\n\tRtlInitializeExceptionChain [0x778FA9FF+143]\n\tRtlInitializeExceptionChain [0x778FA9CA+90]", "trace": "self = <tests.test_pim.TestPIM object at 0x0000005E51B7C510>\ndriver = <selenium.webdriver.chrome.webdriver.WebDriver (session=\"a0b012f6edee1a2354bfb8ba646295b2\")>\n\n    def test_edit_employee(self, driver):\n        login_page = LoginPage(driver)\n        dashboard_page = DashboardPage(driver)\n        pim_page = PIMPage(driver)\n    \n        # --- Login ---\n        login_page.open_login_page()\n        login_page.login(\"Admin\", \"admin123\")\n        assert dashboard_page.is_dashboard_loaded()\n    \n        # --- Go to PIM ---\n        dashboard_page.go_to_pim()\n    \n        # --- Select Employee to Edit ---\n>       pim_page.select_employee(\"mirza shakeeb farhan baig\")\n\ntests\\test_pim.py:52: \n_ _ _ _ _ _ _ _ _ _ _ _ _ _ _ _ _ _ _ _ _ _ _ _ _ _ _ _ _ _ _ _ _ _ _ _ _ _ _\npages\\pim_page.py:74: in select_employee\n    row = self.driver.find_element(\nC:\\Users\\MIRZAS\\AppData\\Local\\Programs\\Python\\Python311\\Lib\\site-packages\\selenium\\webdriver\\remote\\webdriver.py:926: in find_element\n    return self.execute(Command.FIND_ELEMENT, {\"using\": by, \"value\": value})[\"value\"]\n           ^^^^^^^^^^^^^^^^^^^^^^^^^^^^^^^^^^^^^^^^^^^^^^^^^^^^^^^^^^^^^^^^^\nC:\\Users\\MIRZAS\\AppData\\Local\\Programs\\Python\\Python311\\Lib\\site-packages\\selenium\\webdriver\\remote\\webdriver.py:458: in execute\n    self.error_handler.check_response(response)\n_ _ _ _ _ _ _ _ _ _ _ _ _ _ _ _ _ _ _ _ _ _ _ _ _ _ _ _ _ _ _ _ _ _ _ _ _ _ _\n\nself = <selenium.webdriver.remote.errorhandler.ErrorHandler object at 0x0000005E51B3C610>\nresponse = {'status': 404, 'value': '{\"value\":{\"error\":\"no such element\",\"message\":\"no such element: Unable to locate element: {\\...767B6A24+36]\\\\n\\\\tRtlInitializeExceptionChain [0x778FA9FF+143]\\\\n\\\\tRtlInitializeExceptionChain [0x778FA9CA+90]\\\\n\"}}'}\n\n    def check_response(self, response: dict[str, Any]) -> None:\n        \"\"\"Checks that a JSON response from the WebDriver does not have an\n        error.\n    \n        :Args:\n         - response - The JSON response from the WebDriver server as a dictionary\n           object.\n    \n        :Raises: If the response contains an error message.\n        \"\"\"\n        status = response.get(\"status\", None)\n        if not status or status == ErrorCode.SUCCESS:\n            return\n        value = None\n        message = response.get(\"message\", \"\")\n        screen: str = response.get(\"screen\", \"\")\n        stacktrace = None\n        if isinstance(status, int):\n            value_json = response.get(\"value\", None)\n            if value_json and isinstance(value_json, str):\n                try:\n                    value = json.loads(value_json)\n                    if isinstance(value, dict):\n                        if len(value) == 1:\n                            value = value[\"value\"]\n                        status = value.get(\"error\", None)\n                        if not status:\n                            status = value.get(\"status\", ErrorCode.UNKNOWN_ERROR)\n                            message = value.get(\"value\") or value.get(\"message\")\n                            if not isinstance(message, str):\n                                value = message\n                                message = message.get(\"message\")\n                        else:\n                            message = value.get(\"message\", None)\n                except ValueError:\n                    pass\n    \n        exception_class: type[WebDriverException]\n        e = ErrorCode()\n        error_codes = [item for item in dir(e) if not item.startswith(\"__\")]\n        for error_code in error_codes:\n            error_info = getattr(ErrorCode, error_code)\n            if isinstance(error_info, list) and status in error_info:\n                exception_class = getattr(ExceptionMapping, error_code, WebDriverException)\n                break\n        else:\n            exception_class = WebDriverException\n    \n        if not value:\n            value = response[\"value\"]\n        if isinstance(value, str):\n            raise exception_class(value)\n        if message == \"\" and \"message\" in value:\n            message = value[\"message\"]\n    \n        screen = None  # type: ignore[assignment]\n        if \"screen\" in value:\n            screen = value[\"screen\"]\n    \n        stacktrace = None\n        st_value = value.get(\"stackTrace\") or value.get(\"stacktrace\")\n        if st_value:\n            if isinstance(st_value, str):\n                stacktrace = st_value.split(\"\\n\")\n            else:\n                stacktrace = []\n                try:\n                    for frame in st_value:\n                        line = frame.get(\"lineNumber\", \"\")\n                        file = frame.get(\"fileName\", \"<anonymous>\")\n                        if line:\n                            file = f\"{file}:{line}\"\n                        meth = frame.get(\"methodName\", \"<anonymous>\")\n                        if \"className\" in frame:\n                            meth = f\"{frame['className']}.{meth}\"\n                        msg = \"    at %s (%s)\"\n                        msg = msg % (meth, file)\n                        stacktrace.append(msg)\n                except TypeError:\n                    pass\n        if exception_class == UnexpectedAlertPresentException:\n            alert_text = None\n            if \"data\" in value:\n                alert_text = value[\"data\"].get(\"text\")\n            elif \"alert\" in value:\n                alert_text = value[\"alert\"].get(\"text\")\n            raise exception_class(message, screen, stacktrace, alert_text)  # type: ignore[call-arg]  # mypy is not smart enough here\n>       raise exception_class(message, screen, stacktrace)\nE       selenium.common.exceptions.NoSuchElementException: Message: no such element: Unable to locate element: {\"method\":\"xpath\",\"selector\":\"//div[@class='oxd-table-body']//div[text()='mirza shakeeb farhan baig']/..\"}\nE         (Session info: chrome=109.0.5414.168); For documentation on this error, please visit: https://www.selenium.dev/documentation/webdriver/troubleshooting/errors#nosuchelementexception\nE       Stacktrace:\nE       Backtrace:\nE       \t(No symbol) [0x01336643]\nE       \t(No symbol) [0x012CBE21]\nE       \t(No symbol) [0x011CDA9D]\nE       \t(No symbol) [0x01201342]\nE       \t(No symbol) [0x0120147B]\nE       \t(No symbol) [0x01238DC2]\nE       \t(No symbol) [0x0121FDC4]\nE       \t(No symbol) [0x01236B09]\nE       \t(No symbol) [0x0121FB76]\nE       \t(No symbol) [0x011F49C1]\nE       \t(No symbol) [0x011F5E5D]\nE       \tGetHandleVerifier [0x015AA142+2497106]\nE       \tGetHandleVerifier [0x015D85D3+2686691]\nE       \tGetHandleVerifier [0x015DBB9C+2700460]\nE       \tGetHandleVerifier [0x013E3B10+635936]\nE       \t(No symbol) [0x012D4A1F]\nE       \t(No symbol) [0x012DA418]\nE       \t(No symbol) [0x012DA505]\nE       \t(No symbol) [0x012E508B]\nE       \tBaseThreadInitThunk [0x767B6A24+36]\nE       \tRtlInitializeExceptionChain [0x778FA9FF+143]\nE       \tRtlInitializeExceptionChain [0x778FA9CA+90]\n\nC:\\Users\\MIRZAS\\AppData\\Local\\Programs\\Python\\Python311\\Lib\\site-packages\\selenium\\webdriver\\remote\\errorhandler.py:232: NoSuchElementException"}, "steps": [{"name": "Open OrangeHRM login page", "status": "passed", "steps": [{"name": "Open URL: 'https://opensource-demo.orangehrmlive.com/'", "status": "passed", "parameters": [{"name": "url", "value": "'https://opensource-demo.orangehrmlive.com/'"}], "start": 1758710070183, "stop": 1758710075117}], "start": 1758710070182, "stop": 1758710075117}, {"name": "Login with username: 'Admin' and password: 'admin123'", "status": "passed", "steps": [{"name": "Type ''Admin'' into element: ('name', 'username')", "status": "passed", "steps": [{"name": "Find element: ('name', 'username')", "status": "passed", "parameters": [{"name": "locator", "value": "('name', 'username')"}], "start": 1758710075119, "stop": 1758710076474}], "parameters": [{"name": "locator", "value": "('name', 'username')"}, {"name": "text", "value": "'Admin'"}], "start": 1758710075118, "stop": 1758710076818}, {"name": "Type ''admin123'' into element: ('name', 'password')", "status": "passed", "steps": [{"name": "Find element: ('name', 'password')", "status": "passed", "parameters": [{"name": "locator", "value": "('name', 'password')"}], "start": 1758710076819, "stop": 1758710076912}], "parameters": [{"name": "locator", "value": "('name', 'password')"}, {"name": "text", "value": "'admin123'"}], "start": 1758710076819, "stop": 1758710077410}, {"name": "Click element: ('xpath', \"//button[@type='submit']\")", "status": "passed", "steps": [{"name": "Find element: ('xpath', \"//button[@type='submit']\")", "status": "passed", "parameters": [{"name": "locator", "value": "('xpath', \"//button[@type='submit']\")"}], "start": 1758710077411, "stop": 1758710077496}], "parameters": [{"name": "locator", "value": "('xpath', \"//button[@type='submit']\")"}], "start": 1758710077411, "stop": 1758710079317}], "attachments": [{"name": "dashboard_loaded", "source": "e739fb0a-37f2-4fe2-9cd2-54e3d586ca68-attachment.png", "type": "image/png"}], "parameters": [{"name": "user", "value": "'Admin'"}, {"name": "pwd", "value": "'admin123'"}], "start": 1758710075118, "stop": 1758710082447}, {"name": "Validate Dashboard is loaded", "status": "passed", "attachments": [{"name": "dashboard_loaded", "source": "00fba9a3-7b0b-42d9-b399-12599b35909b-attachment.png", "type": "image/png"}], "start": 1758710082447, "stop": 1758710082844}, {"name": "Navigate to PIM Module", "status": "passed", "steps": [{"name": "Click element: ('xpath', \"//span[text()='PIM']\")", "status": "passed", "steps": [{"name": "Find element: ('xpath', \"//span[text()='PIM']\")", "status": "passed", "parameters": [{"name": "locator", "value": "('xpath', \"//span[text()='PIM']\")"}], "start": 1758710082845, "stop": 1758710082907}], "parameters": [{"name": "locator", "value": "('xpath', \"//span[text()='PIM']\")"}], "start": 1758710082845, "stop": 1758710084140}], "start": 1758710082844, "stop": 1758710084145}, {"name": "Select employee by name: 'mirza shakeeb farhan baig'", "status": "broken", "statusDetails": {"message": "selenium.common.exceptions.NoSuchElementException: Message: no such element: Unable to locate element: {\"method\":\"xpath\",\"selector\":\"//div[@class='oxd-table-body']//div[text()='mirza shakeeb farhan baig']/..\"}\n  (Session info: chrome=109.0.5414.168); For documentation on this error, please visit: https://www.selenium.dev/documentation/webdriver/troubleshooting/errors#nosuchelementexception\nStacktrace:\nBacktrace:\n\t(No symbol) [0x01336643]\n\t(No symbol) [0x012CBE21]\n\t(No symbol) [0x011CDA9D]\n\t(No symbol) [0x01201342]\n\t(No symbol) [0x0120147B]\n\t(No symbol) [0x01238DC2]\n\t(No symbol) [0x0121FDC4]\n\t(No symbol) [0x01236B09]\n\t(No symbol) [0x0121FB76]\n\t(No symbol) [0x011F49C1]\n\t(No symbol) [0x011F5E5D]\n\tGetHandleVerifier [0x015AA142+2497106]\n\tGetHandleVerifier [0x015D85D3+2686691]\n\tGetHandleVerifier [0x015DBB9C+2700460]\n\tGetHandleVerifier [0x013E3B10+635936]\n\t(No symbol) [0x012D4A1F]\n\t(No symbol) [0x012DA418]\n\t(No symbol) [0x012DA505]\n\t(No symbol) [0x012E508B]\n\tBaseThreadInitThunk [0x767B6A24+36]\n\tRtlInitializeExceptionChain [0x778FA9FF+143]\n\tRtlInitializeExceptionChain [0x778FA9CA+90]\n\n", "trace": "  File \"C:\\Users\\MIRZAS\\AppData\\Local\\Programs\\Python\\Python311\\Lib\\site-packages\\allure_commons\\_allure.py\", line 202, in impl\n    return func(*a, **kw)\n           ^^^^^^^^^^^^^^\n  File \"C:\\MIRZA\\Users\\MIRZAS\\selenium_parallel_project\\pages\\pim_page.py\", line 74, in select_employee\n    row = self.driver.find_element(\n          ^^^^^^^^^^^^^^^^^^^^^^^^^\n  File \"C:\\Users\\MIRZAS\\AppData\\Local\\Programs\\Python\\Python311\\Lib\\site-packages\\selenium\\webdriver\\remote\\webdriver.py\", line 926, in find_element\n    return self.execute(Command.FIND_ELEMENT, {\"using\": by, \"value\": value})[\"value\"]\n           ^^^^^^^^^^^^^^^^^^^^^^^^^^^^^^^^^^^^^^^^^^^^^^^^^^^^^^^^^^^^^^^^^\n  File \"C:\\Users\\MIRZAS\\AppData\\Local\\Programs\\Python\\Python311\\Lib\\site-packages\\selenium\\webdriver\\remote\\webdriver.py\", line 458, in execute\n    self.error_handler.check_response(response)\n  File \"C:\\Users\\MIRZAS\\AppData\\Local\\Programs\\Python\\Python311\\Lib\\site-packages\\selenium\\webdriver\\remote\\errorhandler.py\", line 232, in check_response\n    raise exception_class(message, screen, stacktrace)\n"}, "parameters": [{"name": "employee_name", "value": "'mirza shakeeb farhan baig'"}], "start": 1758710084145, "stop": 1758710086427}], "attachments": [{"name": "test_edit_employee_failure", "source": "b04ad5ad-aae6-4df6-b6dd-013bf4f2cd12-attachment.png", "type": "image/png"}, {"name": "test_edit_employee_logs", "source": "8917a3ae-36f1-49a5-9cda-d6bf3d12fd43-attachment.txt", "type": "text/plain"}, {"name": "log", "source": "ac126b86-f87a-4519-94cb-ba35a3681d9f-attachment.txt", "type": "text/plain"}], "start": 1758710070180, "stop": 1758710086708, "uuid": "9b78c09b-9e80-451e-84aa-1889744e44ec", "historyId": "ed51e6f44123a7a35b23071206ab44d0", "testCaseId": "ed51e6f44123a7a35b23071206ab44d0", "fullName": "tests.test_pim.TestPIM#test_edit_employee", "labels": [{"name": "parentSuite", "value": "tests"}, {"name": "suite", "value": "test_pim"}, {"name": "subSuite", "value": "TestPIM"}, {"name": "host", "value": "MIRZA"}, {"name": "thread", "value": "5840-MainThread"}, {"name": "framework", "value": "pytest"}, {"name": "language", "value": "cpython3"}, {"name": "package", "value": "tests.test_pim"}], "titlePath": ["tests", "test_pim.py", "TestPIM"]}