{"name": "test_admin_full_flow", "status": "broken", "statusDetails": {"message": "selenium.common.exceptions.TimeoutException: Message:", "trace": "self = <tests.test_admin_page.TestAdminPage object at 0x000000A478F87F50>\ndriver = <selenium.webdriver.chrome.webdriver.WebDriver (session=\"0acc045c9cd7cb4441f8f51c6326aa60\")>\n\n    @allure.story(\"Full Admin flow: Add, Search, Reset, Delete user\")\n    def test_admin_full_flow(self, driver):\n        login_page = LoginPage(driver)\n        dashboard_page = DashboardPage(driver)\n        admin_page = AdminPage(driver)\n    \n        # Step 1: Login as Admin\n        with allure.step(\"Login as Admin\"):\n            login_page.open_login_page()\n            login_page.login(\"Admin\", \"admin123\")\n            assert dashboard_page.is_dashboard_loaded(), \"Dashboard did not load\"\n    \n        # Step 2: Navigate to Admin tab\n        with allure.step(\"Open Admin tab\"):\n            admin_page.open_admin_tab()\n    \n        # Step 3: Add new user\n        username_to_add = \"test_admin1\"\n        employee_name = \"Orange Test\"\n        with allure.step(f\"Add new user: {username_to_add}\"):\n            admin_page.click_add_button()  # Waits for Add User form\n>           admin_page.add_new_user(\n                role=\"Admin\",\n                emp_name=employee_name,  # Employee autocomplete handled\n                username=username_to_add,\n                status=\"Enabled\",\n                password=\"Test@1234\"\n            )\n\ntests\\test_admin_page.py:31: \n_ _ _ _ _ _ _ _ _ _ _ _ _ _ _ _ _ _ _ _ _ _ _ _ _ _ _ _ _ _ _ _ _ _ _ _ _ _ _\npages\\admin_page.py:82: in add_new_user\n    WebDriverWait(self.driver, self.timeout).until(\n_ _ _ _ _ _ _ _ _ _ _ _ _ _ _ _ _ _ _ _ _ _ _ _ _ _ _ _ _ _ _ _ _ _ _ _ _ _ _\n\nself = <selenium.webdriver.support.wait.WebDriverWait (session=\"0acc045c9cd7cb4441f8f51c6326aa60\")>\nmethod = <function AdminPage.add_new_user.<locals>.<lambda> at 0x000000A47A50C0E0>\nmessage = ''\n\n    def until(self, method: Callable[[D], Union[Literal[False], T]], message: str = \"\") -> T:\n        \"\"\"Wait until the method returns a value that is not False.\n    \n        Calls the method provided with the driver as an argument until the\n        return value does not evaluate to ``False``.\n    \n        Parameters:\n        -----------\n        method: callable(WebDriver)\n            - A callable object that takes a WebDriver instance as an argument.\n    \n        message: str\n            - Optional message for :exc:`TimeoutException`\n    \n        Return:\n        -------\n        object: T\n            - The result of the last call to `method`\n    \n        Raises:\n        -------\n        TimeoutException\n            - If 'method' does not return a truthy value within the WebDriverWait\n            object's timeout\n    \n        Example:\n        --------\n        >>> from selenium.webdriver.common.by import By\n        >>> from selenium.webdriver.support.ui import WebDriverWait\n        >>> from selenium.webdriver.support import expected_conditions as EC\n    \n        # Wait until an element is visible on the page\n        >>> wait = WebDriverWait(driver, 10)\n        >>> element = wait.until(EC.visibility_of_element_located((By.ID, \"exampleId\")))\n        >>> print(element.text)\n        \"\"\"\n        screen = None\n        stacktrace = None\n    \n        end_time = time.monotonic() + self._timeout\n        while True:\n            try:\n                value = method(self._driver)\n                if value:\n                    return value\n            except self._ignored_exceptions as exc:\n                screen = getattr(exc, \"screen\", None)\n                stacktrace = getattr(exc, \"stacktrace\", None)\n            if time.monotonic() > end_time:\n                break\n            time.sleep(self._poll)\n>       raise TimeoutException(message, screen, stacktrace)\nE       selenium.common.exceptions.TimeoutException: Message:\n\nC:\\Users\\MIRZAS\\AppData\\Local\\Programs\\Python\\Python311\\Lib\\site-packages\\selenium\\webdriver\\support\\wait.py:138: TimeoutException"}, "steps": [{"name": "Login as Admin", "status": "passed", "steps": [{"name": "Open OrangeHRM login page", "status": "passed", "steps": [{"name": "Open URL: 'https://opensource-demo.orangehrmlive.com/'", "status": "passed", "parameters": [{"name": "url", "value": "'https://opensource-demo.orangehrmlive.com/'"}], "start": 1757936860845, "stop": 1757936866450}], "start": 1757936860845, "stop": 1757936866450}, {"name": "Login with username: 'Admin' and password: 'admin123'", "status": "passed", "steps": [{"name": "Type ''Admin'' into element: ('name', 'username')", "status": "passed", "steps": [{"name": "Find element: ('name', 'username')", "status": "passed", "parameters": [{"name": "locator", "value": "('name', 'username')"}], "start": 1757936866451, "stop": 1757936868034}], "parameters": [{"name": "locator", "value": "('name', 'username')"}, {"name": "text", "value": "'Admin'"}], "start": 1757936866451, "stop": 1757936868361}, {"name": "Type ''admin123'' into element: ('name', 'password')", "status": "passed", "steps": [{"name": "Find element: ('name', 'password')", "status": "passed", "parameters": [{"name": "locator", "value": "('name', 'password')"}], "start": 1757936868362, "stop": 1757936868444}], "parameters": [{"name": "locator", "value": "('name', 'password')"}, {"name": "text", "value": "'admin123'"}], "start": 1757936868361, "stop": 1757936868791}, {"name": "Click element: ('xpath', \"//button[@type='submit']\")", "status": "passed", "steps": [{"name": "Find element: ('xpath', \"//button[@type='submit']\")", "status": "passed", "parameters": [{"name": "locator", "value": "('xpath', \"//button[@type='submit']\")"}], "start": 1757936868792, "stop": 1757936868862}], "parameters": [{"name": "locator", "value": "('xpath', \"//button[@type='submit']\")"}], "start": 1757936868792, "stop": 1757936870662}], "attachments": [{"name": "dashboard_loaded", "source": "6a0b4187-ecec-4354-a629-c3612017ff50-attachment.png", "type": "image/png"}], "parameters": [{"name": "user", "value": "'Admin'"}, {"name": "pwd", "value": "'admin123'"}], "start": 1757936866451, "stop": 1757936874752}, {"name": "Validate Dashboard is loaded", "status": "passed", "attachments": [{"name": "dashboard_loaded", "source": "45f4554b-c9bc-4063-9b5c-04fde3200ca9-attachment.png", "type": "image/png"}], "start": 1757936874753, "stop": 1757936875306}], "start": 1757936860844, "stop": 1757936875306}, {"name": "Open Admin tab", "status": "passed", "steps": [{"name": "Open Admin Tab", "status": "passed", "steps": [{"name": "Click element: ('xpath', \"//span[text()='Admin']\")", "status": "passed", "steps": [{"name": "Find element: ('xpath', \"//span[text()='Admin']\")", "status": "passed", "parameters": [{"name": "locator", "value": "('xpath', \"//span[text()='Admin']\")"}], "start": 1757936875307, "stop": 1757936875387}], "parameters": [{"name": "locator", "value": "('xpath', \"//span[text()='Admin']\")"}], "start": 1757936875307, "stop": 1757936877186}], "start": 1757936875306, "stop": 1757936877188}], "start": 1757936875306, "stop": 1757936877188}, {"name": "Add new user: test_admin1", "status": "broken", "statusDetails": {"message": "selenium.common.exceptions.TimeoutException: Message: \n\n", "trace": "  File \"C:\\MIRZA\\Users\\MIRZAS\\selenium_parallel_project\\tests\\test_admin_page.py\", line 31, in test_admin_full_flow\n    admin_page.add_new_user(\n  File \"C:\\Users\\MIRZAS\\AppData\\Local\\Programs\\Python\\Python311\\Lib\\site-packages\\allure_commons\\_allure.py\", line 202, in impl\n    return func(*a, **kw)\n           ^^^^^^^^^^^^^^\n  File \"C:\\MIRZA\\Users\\MIRZAS\\selenium_parallel_project\\pages\\admin_page.py\", line 82, in add_new_user\n    WebDriverWait(self.driver, self.timeout).until(\n  File \"C:\\Users\\MIRZAS\\AppData\\Local\\Programs\\Python\\Python311\\Lib\\site-packages\\selenium\\webdriver\\support\\wait.py\", line 138, in until\n    raise TimeoutException(message, screen, stacktrace)\n"}, "steps": [{"name": "Click Add User button", "status": "passed", "steps": [{"name": "Click element: ('xpath', \"//button[normalize-space()='Add']\")", "status": "passed", "steps": [{"name": "Find element: ('xpath', \"//button[normalize-space()='Add']\")", "status": "passed", "parameters": [{"name": "locator", "value": "('xpath', \"//button[normalize-space()='Add']\")"}], "start": 1757936877189, "stop": 1757936878149}], "parameters": [{"name": "locator", "value": "('xpath', \"//button[normalize-space()='Add']\")"}], "start": 1757936877189, "stop": 1757936879148}], "start": 1757936877189, "stop": 1757936880063}, {"name": "Add new user: 'test_admin1'", "status": "broken", "statusDetails": {"message": "selenium.common.exceptions.TimeoutException: Message: \n\n", "trace": "  File \"C:\\Users\\MIRZAS\\AppData\\Local\\Programs\\Python\\Python311\\Lib\\site-packages\\allure_commons\\_allure.py\", line 202, in impl\n    return func(*a, **kw)\n           ^^^^^^^^^^^^^^\n  File \"C:\\MIRZA\\Users\\MIRZAS\\selenium_parallel_project\\pages\\admin_page.py\", line 82, in add_new_user\n    WebDriverWait(self.driver, self.timeout).until(\n  File \"C:\\Users\\MIRZAS\\AppData\\Local\\Programs\\Python\\Python311\\Lib\\site-packages\\selenium\\webdriver\\support\\wait.py\", line 138, in until\n    raise TimeoutException(message, screen, stacktrace)\n"}, "steps": [{"name": "Select option ''Admin'' from dropdown: ('xpath', \"//label[text()='User Role']/../following-sibling::div//div[contains(@class,'oxd-select-text-input')]\")", "status": "passed", "steps": [{"name": "Find element: ('xpath', \"//label[text()='User Role']/../following-sibling::div//div[contains(@class,'oxd-select-text-input')]\")", "status": "passed", "parameters": [{"name": "locator", "value": "('xpath', \"//label[text()='User Role']/../following-sibling::div//div[contains(@class,'oxd-select-text-input')]\")"}], "start": 1757936880064, "stop": 1757936880155}], "parameters": [{"name": "locator", "value": "('xpath', \"//label[text()='User Role']/../following-sibling::div//div[contains(@class,'oxd-select-text-input')]\")"}, {"name": "option_text", "value": "'Admin'"}], "start": 1757936880063, "stop": 1757936880696}, {"name": "Find element: ('xpath', \"//label[text()='Employee Name']/../following-sibling::div//input\")", "status": "passed", "parameters": [{"name": "locator", "value": "('xpath', \"//label[text()='Employee Name']/../following-sibling::div//input\")"}], "start": 1757936880697, "stop": 1757936880756}], "parameters": [{"name": "role", "value": "'Admin'"}, {"name": "emp_name", "value": "'Orange Test'"}, {"name": "username", "value": "'test_admin1'"}, {"name": "status", "value": "'Enabled'"}, {"name": "password", "value": "'Test@1234'"}], "start": 1757936880063, "stop": 1757936891073}], "start": 1757936877188, "stop": 1757936891078}], "attachments": [{"name": "test_admin_full_flow_failure", "source": "0242c6a1-5def-423a-b75f-91d181328420-attachment.png", "type": "image/png"}, {"name": "test_admin_full_flow_logs", "source": "45efc394-0863-4f45-8ef1-ad7f0cd193ba-attachment.txt", "type": "text/plain"}, {"name": "log", "source": "a8392ec5-0e0f-4400-b9a7-fa8435c14593-attachment.txt", "type": "text/plain"}], "start": 1757936860843, "stop": 1757936891081, "uuid": "77067418-4e41-44e1-a47d-a1980f439f31", "historyId": "6636cf8e348d394fab9cf5e3f5bf57b0", "testCaseId": "6636cf8e348d394fab9cf5e3f5bf57b0", "fullName": "tests.test_admin_page.TestAdminPage#test_admin_full_flow", "labels": [{"name": "story", "value": "Full Admin flow: Add, Search, Reset, Delete user"}, {"name": "feature", "value": "User Management"}, {"name": "epic", "value": "Admin Module"}, {"name": "parentSuite", "value": "tests"}, {"name": "suite", "value": "test_admin_page"}, {"name": "subSuite", "value": "TestAdminPage"}, {"name": "host", "value": "MIRZA"}, {"name": "thread", "value": "6700-MainThread"}, {"name": "framework", "value": "pytest"}, {"name": "language", "value": "cpython3"}, {"name": "package", "value": "tests.test_admin_page"}], "titlePath": ["tests", "test_admin_page.py", "TestAdminPage"]}