{"name": "test_add_user", "status": "broken", "statusDetails": {"message": "selenium.common.exceptions.TimeoutException: Message: \nStacktrace:\nBacktrace:\n\t(No symbol) [0x01336643]\n\t(No symbol) [0x012CBE21]\n\t(No symbol) [0x011CDA9D]\n\t(No symbol) [0x01201342]\n\t(No symbol) [0x0120147B]\n\t(No symbol) [0x01238DC2]\n\t(No symbol) [0x0121FDC4]\n\t(No symbol) [0x01236B09]\n\t(No symbol) [0x0121FB76]\n\t(No symbol) [0x011F49C1]\n\t(No symbol) [0x011F5E5D]\n\tGetHandleVerifier [0x015AA142+2497106]\n\tGetHandleVerifier [0x015D85D3+2686691]\n\tGetHandleVerifier [0x015DBB9C+2700460]\n\tGetHandleVerifier [0x013E3B10+635936]\n\t(No symbol) [0x012D4A1F]\n\t(No symbol) [0x012DA418]\n\t(No symbol) [0x012DA505]\n\t(No symbol) [0x012E508B]\n\tBaseThreadInitThunk [0x767B6A24+36]\n\tRtlInitializeExceptionChain [0x778FA9FF+143]\n\tRtlInitializeExceptionChain [0x778FA9CA+90]", "trace": "self = <tests.test_admin_page.TestAdminPage object at 0x000000F4D0AB4350>, login_as_admin = <pages.admin_page.AdminPage object at 0x000000F4D0AA5790>\n\n    @allure.story(\"Add new user\")\n    def test_add_user(self, login_as_admin):\n        admin_page = login_as_admin\n        username = f\"mirza{str(int(time.time()))[-5:]}\"\n        employee_name = \"mirza shakeeb farhan baig\"\n    \n        admin_page.click_add_button()\n>       admin_page.add_new_user(\n            role=\"Admin\",\n            emp_name=employee_name,\n            username=username,\n            status=\"Enabled\",\n            password=\"mirza1234\"\n        )\n\ntests\\test_admin_page.py:63: \n_ _ _ _ _ _ _ _ _ _ _ _ _ _ _ _ _ _ _ _ _ _ _ _ _ _ _ _ _ _ _ _ _ _ _ _ _ _ _ _ _ _ _ _ _ _ _ _ _ _ _ _ _ _ _ _ _ _ _ _ _ _ _ _ _ _ _ _ _ _ _ _ _ _ _ _ _ _ _ _ _ _ \npages\\admin_page.py:81: in add_new_user\n    first_suggestion = WebDriverWait(self.driver, self.timeout).until(\n_ _ _ _ _ _ _ _ _ _ _ _ _ _ _ _ _ _ _ _ _ _ _ _ _ _ _ _ _ _ _ _ _ _ _ _ _ _ _ _ _ _ _ _ _ _ _ _ _ _ _ _ _ _ _ _ _ _ _ _ _ _ _ _ _ _ _ _ _ _ _ _ _ _ _ _ _ _ _ _ _ _ \n\nself = <selenium.webdriver.support.wait.WebDriverWait (session=\"ac7084f6bf7d5267dc9b6370018b8faf\")>\nmethod = <function element_to_be_clickable.<locals>._predicate at 0x000000F4D0B209A0>, message = ''\n\n    def until(self, method: Callable[[D], Union[Literal[False], T]], message: str = \"\") -> T:\n        \"\"\"Wait until the method returns a value that is not False.\n    \n        Calls the method provided with the driver as an argument until the\n        return value does not evaluate to ``False``.\n    \n        Parameters:\n        -----------\n        method: callable(WebDriver)\n            - A callable object that takes a WebDriver instance as an argument.\n    \n        message: str\n            - Optional message for :exc:`TimeoutException`\n    \n        Return:\n        -------\n        object: T\n            - The result of the last call to `method`\n    \n        Raises:\n        -------\n        TimeoutException\n            - If 'method' does not return a truthy value within the WebDriverWait\n            object's timeout\n    \n        Example:\n        --------\n        >>> from selenium.webdriver.common.by import By\n        >>> from selenium.webdriver.support.ui import WebDriverWait\n        >>> from selenium.webdriver.support import expected_conditions as EC\n    \n        # Wait until an element is visible on the page\n        >>> wait = WebDriverWait(driver, 10)\n        >>> element = wait.until(EC.visibility_of_element_located((By.ID, \"exampleId\")))\n        >>> print(element.text)\n        \"\"\"\n        screen = None\n        stacktrace = None\n    \n        end_time = time.monotonic() + self._timeout\n        while True:\n            try:\n                value = method(self._driver)\n                if value:\n                    return value\n            except self._ignored_exceptions as exc:\n                screen = getattr(exc, \"screen\", None)\n                stacktrace = getattr(exc, \"stacktrace\", None)\n            if time.monotonic() > end_time:\n                break\n            time.sleep(self._poll)\n>       raise TimeoutException(message, screen, stacktrace)\nE       selenium.common.exceptions.TimeoutException: Message: \nE       Stacktrace:\nE       Backtrace:\nE       \t(No symbol) [0x01336643]\nE       \t(No symbol) [0x012CBE21]\nE       \t(No symbol) [0x011CDA9D]\nE       \t(No symbol) [0x01201342]\nE       \t(No symbol) [0x0120147B]\nE       \t(No symbol) [0x01238DC2]\nE       \t(No symbol) [0x0121FDC4]\nE       \t(No symbol) [0x01236B09]\nE       \t(No symbol) [0x0121FB76]\nE       \t(No symbol) [0x011F49C1]\nE       \t(No symbol) [0x011F5E5D]\nE       \tGetHandleVerifier [0x015AA142+2497106]\nE       \tGetHandleVerifier [0x015D85D3+2686691]\nE       \tGetHandleVerifier [0x015DBB9C+2700460]\nE       \tGetHandleVerifier [0x013E3B10+635936]\nE       \t(No symbol) [0x012D4A1F]\nE       \t(No symbol) [0x012DA418]\nE       \t(No symbol) [0x012DA505]\nE       \t(No symbol) [0x012E508B]\nE       \tBaseThreadInitThunk [0x767B6A24+36]\nE       \tRtlInitializeExceptionChain [0x778FA9FF+143]\nE       \tRtlInitializeExceptionChain [0x778FA9CA+90]\n\nC:\\Users\\MIRZAS\\AppData\\Local\\Programs\\Python\\Python311\\Lib\\site-packages\\selenium\\webdriver\\support\\wait.py:138: TimeoutException"}, "steps": [{"name": "Click Add User button", "status": "passed", "start": 1758692987808, "stop": 1758692992997}, {"name": "Add new user: 'mirza92987'", "status": "broken", "statusDetails": {"message": "selenium.common.exceptions.TimeoutException: Message: \nStacktrace:\nBacktrace:\n\t(No symbol) [0x01336643]\n\t(No symbol) [0x012CBE21]\n\t(No symbol) [0x011CDA9D]\n\t(No symbol) [0x01201342]\n\t(No symbol) [0x0120147B]\n\t(No symbol) [0x01238DC2]\n\t(No symbol) [0x0121FDC4]\n\t(No symbol) [0x01236B09]\n\t(No symbol) [0x0121FB76]\n\t(No symbol) [0x011F49C1]\n\t(No symbol) [0x011F5E5D]\n\tGetHandleVerifier [0x015AA142+2497106]\n\tGetHandleVerifier [0x015D85D3+2686691]\n\tGetHandleVerifier [0x015DBB9C+2700460]\n\tGetHandleVerifier [0x013E3B10+635936]\n\t(No symbol) [0x012D4A1F]\n\t(No symbol) [0x012DA418]\n\t(No symbol) [0x012DA505]\n\t(No symbol) [0x012E508B]\n\tBaseThreadInitThunk [0x767B6A24+36]\n\tRtlInitializeExceptionChain [0x778FA9FF+143]\n\tRtlInitializeExceptionChain [0x778FA9CA+90]\n\n", "trace": "  File \"C:\\Users\\MIRZAS\\AppData\\Local\\Programs\\Python\\Python311\\Lib\\site-packages\\allure_commons\\_allure.py\", line 202, in impl\n    return func(*a, **kw)\n           ^^^^^^^^^^^^^^\n  File \"C:\\MIRZA\\Users\\MIRZAS\\selenium_parallel_project\\pages\\admin_page.py\", line 81, in add_new_user\n    first_suggestion = WebDriverWait(self.driver, self.timeout).until(\n                       ^^^^^^^^^^^^^^^^^^^^^^^^^^^^^^^^^^^^^^^^^^^^^^^\n  File \"C:\\Users\\MIRZAS\\AppData\\Local\\Programs\\Python\\Python311\\Lib\\site-packages\\selenium\\webdriver\\support\\wait.py\", line 138, in until\n    raise TimeoutException(message, screen, stacktrace)\n"}, "steps": [{"name": "Select option ''Admin'' from dropdown: ('xpath', \"//label[text()='User Role']/../following-sibling::div//div[contains(@class,'oxd-select-text-input')]\")", "status": "passed", "steps": [{"name": "Find element: ('xpath', \"//label[text()='User Role']/../following-sibling::div//div[contains(@class,'oxd-select-text-input')]\")", "status": "passed", "parameters": [{"name": "locator", "value": "('xpath', \"//label[text()='User Role']/../following-sibling::div//div[contains(@class,'oxd-select-text-input')]\")"}], "start": 1758692993000, "stop": 1758692993181}], "parameters": [{"name": "locator", "value": "('xpath', \"//label[text()='User Role']/../following-sibling::div//div[contains(@class,'oxd-select-text-input')]\")"}, {"name": "option_text", "value": "'Admin'"}], "start": 1758692992999, "stop": 1758692993455}], "parameters": [{"name": "role", "value": "'Admin'"}, {"name": "emp_name", "value": "'mirza shakeeb farhan baig'"}, {"name": "username", "value": "'mirza92987'"}, {"name": "status", "value": "'Enabled'"}, {"name": "password", "value": "'mirza1234'"}], "start": 1758692992998, "stop": 1758693004149}], "attachments": [{"name": "test_add_user_failure", "source": "3fc3a92e-2256-48c5-8a87-2a8ad542e154-attachment.png", "type": "image/png"}, {"name": "test_add_user_logs", "source": "ac317812-f38a-4f1a-b079-16449aeee2bd-attachment.txt", "type": "text/plain"}, {"name": "log", "source": "30340702-5c17-4d4b-b87a-6987c4ab73d5-attachment.txt", "type": "text/plain"}], "start": 1758692987807, "stop": 1758693004157, "uuid": "268b8acb-6367-4c5d-9891-50292d2ce3f2", "historyId": "f326e3f64f102a270d925d3121494fcd", "testCaseId": "f326e3f64f102a270d925d3121494fcd", "fullName": "tests.test_admin_page.TestAdminPage#test_add_user", "labels": [{"name": "epic", "value": "Admin Module"}, {"name": "story", "value": "Add new user"}, {"name": "feature", "value": "User Management"}, {"name": "parentSuite", "value": "tests"}, {"name": "suite", "value": "test_admin_page"}, {"name": "subSuite", "value": "TestAdminPage"}, {"name": "host", "value": "MIRZA"}, {"name": "thread", "value": "1436-MainThread"}, {"name": "framework", "value": "pytest"}, {"name": "language", "value": "cpython3"}, {"name": "package", "value": "tests.test_admin_page"}], "titlePath": ["tests", "test_admin_page.py", "TestAdminPage"]}