2025-09-18 15:38:16,177 - INFO - automation - Initializing WebDriver
2025-09-18 15:39:23,876 - INFO - automation - Test test_search_existing_user PASSED
2025-09-18 15:39:23,876 - INFO - automation - Quitting WebDriver
2025-09-18 15:40:25,834 - INFO - automation - Initializing WebDriver
2025-09-18 15:41:34,810 - INFO - automation - Test test_search_existing_user PASSED
2025-09-18 15:41:34,810 - INFO - automation - Quitting WebDriver
2025-09-18 15:48:20,999 - INFO - automation - Initializing WebDriver
2025-09-18 15:49:08,505 - ERROR - automation - Test test_edit_existing_user FAILED
2025-09-18 15:49:08,939 - INFO - automation - Quitting WebDriver
2025-09-18 15:50:44,545 - INFO - automation - Initializing WebDriver
2025-09-18 15:51:50,443 - ERROR - automation - Test test_edit_existing_user FAILED
2025-09-18 15:51:50,890 - INFO - automation - Quitting WebDriver
2025-09-18 15:59:23,865 - INFO - automation - Initializing WebDriver
2025-09-18 15:59:50,791 - ERROR - automation - Test test_edit_existing_user FAILED
2025-09-18 15:59:51,255 - INFO - automation - Quitting WebDriver
2025-09-18 16:00:49,675 - INFO - automation - Initializing WebDriver
2025-09-18 16:01:15,565 - ERROR - automation - Test test_edit_existing_user FAILED
2025-09-18 16:01:15,992 - INFO - automation - Quitting WebDriver
2025-09-18 16:38:50,435 - INFO - automation - Initializing WebDriver
2025-09-18 16:39:28,907 - ERROR - automation - Test test_add_user FAILED
2025-09-18 16:39:29,425 - INFO - automation - Quitting WebDriver
2025-09-18 16:39:34,297 - INFO - automation - Initializing WebDriver
2025-09-18 16:40:06,572 - INFO - automation - Test test_search_existing_user PASSED
2025-09-18 16:40:06,575 - INFO - automation - Quitting WebDriver
2025-09-18 16:40:10,558 - INFO - automation - Initializing WebDriver
2025-09-18 16:41:03,832 - ERROR - automation - Test test_edit_existing_user FAILED
2025-09-18 16:41:04,827 - INFO - automation - Quitting WebDriver
2025-09-18 16:41:09,663 - INFO - automation - Initializing WebDriver
2025-09-18 16:41:54,822 - INFO - automation - Quitting WebDriver
2025-09-18 16:41:58,469 - INFO - automation - Initializing WebDriver
2025-09-18 16:42:26,941 - INFO - automation - Test test_mandatory_fields_validation PASSED
2025-09-18 16:42:26,959 - INFO - automation - Quitting WebDriver
2025-09-18 16:42:29,976 - INFO - automation - Initializing WebDriver
2025-09-18 16:43:06,776 - ERROR - automation - Test test_apply_leave FAILED
2025-09-18 16:43:07,164 - INFO - automation - Quitting WebDriver
2025-09-18 16:43:11,590 - INFO - automation - Initializing WebDriver
2025-09-18 16:44:00,818 - INFO - automation - Test test_dashboard_loads_after_login PASSED
2025-09-18 16:44:00,821 - INFO - automation - Quitting WebDriver
2025-09-18 16:44:04,925 - INFO - automation - Initializing WebDriver
2025-09-18 16:44:25,565 - INFO - automation - Test test_navigate_to_pim PASSED
2025-09-18 16:44:25,568 - INFO - automation - Quitting WebDriver
2025-09-18 16:44:28,537 - INFO - automation - Initializing WebDriver
2025-09-18 16:44:49,525 - INFO - automation - Test test_navigate_to_leave PASSED
2025-09-18 16:44:49,530 - INFO - automation - Quitting WebDriver
2025-09-18 16:44:52,372 - INFO - automation - Initializing WebDriver
2025-09-18 16:45:18,570 - INFO - automation - Test test_assign_leave_button PASSED
2025-09-18 16:45:18,572 - INFO - automation - Quitting WebDriver
2025-09-18 16:45:22,039 - INFO - automation - Initializing WebDriver
2025-09-18 16:45:43,643 - INFO - automation - Test test_leave_list_button PASSED
2025-09-18 16:45:43,648 - INFO - automation - Quitting WebDriver
2025-09-18 16:45:46,677 - INFO - automation - Initializing WebDriver
2025-09-18 16:46:10,053 - ERROR - automation - Test test_apply_leave FAILED
